[00:58:46] [Server thread/INFO]: Starting minecraft server version 1.8.8
[00:58:46] [Server thread/INFO]: Loading properties
[00:58:46] [Server thread/INFO]: Default game type: SURVIVAL
[00:58:47] [Server thread/INFO]: This server is running CraftBukkit version git-PaperSpigot-445 (MC: 1.8.8) (Implementing API version 1.8.8-R0.1-SNAPSHOT)
[00:58:47] [Server thread/INFO]: Debug logging is disabled
[00:58:47] [Server thread/INFO]: Spigot Timings: true - Verbose: true - Interval: 5m - Length: 60m
[00:58:47] [Server thread/INFO]: Server Ping Player Sample Count: 12

[00:58:47] [Server thread/INFO]: Using 4 threads for Netty based IO
[00:58:47] [Server thread/INFO]: Data value allowed items: 
[00:58:47] [Server thread/WARN]: java.lang.NoSuchFieldException: modifiers

[00:58:47] [Server thread/WARN]: 	at java.base/java.lang.Class.getDeclaredField(Class.java:2782)

[00:58:47] [Server thread/WARN]: 	at org.github.paperspigot.PaperSpigotConfig.stackableBuckets(PaperSpigotConfig.java:192)

[00:58:47] [Server thread/WARN]: 	at java.base/jdk.internal.reflect.DirectMethodHandleAccessor.invoke(DirectMethodHandleAccessor.java:103)

[00:58:47] [Server thread/WARN]: 	at java.base/java.lang.reflect.Method.invoke(Method.java:580)

[00:58:47] [Server thread/WARN]: 	at org.github.paperspigot.PaperSpigotConfig.readConfig(PaperSpigotConfig.java:84)

[00:58:47] [Server thread/WARN]: 	at org.github.paperspigot.PaperSpigotConfig.init(PaperSpigotConfig.java:62)

[00:58:47] [Server thread/WARN]: 	at net.minecraft.server.v1_8_R3.DedicatedServer.init(DedicatedServer.java:181)

[00:58:47] [Server thread/WARN]: 	at net.minecraft.server.v1_8_R3.MinecraftServer.run(MinecraftServer.java:563)

[00:58:47] [Server thread/WARN]: 	at java.base/java.lang.Thread.run(Thread.java:1583)

[00:58:47] [Server thread/INFO]: Generating keypair
[00:58:47] [Server thread/INFO]: Starting Minecraft server on localhost:25565
[00:58:47] [Server thread/INFO]: Your platform does not provide complete low-level API for accessing direct buffers reliably. Unless explicitly requested, heap buffer will always be preferred to avoid potential system unstability.
[00:58:47] [Server thread/INFO]: Using default channel type
[00:58:47] [Server thread/ERROR]: Could not load 'plugins/MuteSystem-Bungee-2.2.jar' in folder 'plugins'
org.bukkit.plugin.InvalidDescriptionException: Invalid plugin.yml
	at org.bukkit.plugin.java.JavaPluginLoader.getPluginDescription(JavaPluginLoader.java:160) ~[patched_1.8.8.jar:git-PaperSpigot-445]
	at org.bukkit.plugin.SimplePluginManager.loadPlugins(SimplePluginManager.java:136) ~[patched_1.8.8.jar:git-PaperSpigot-445]
	at org.bukkit.craftbukkit.v1_8_R3.CraftServer.loadPlugins(CraftServer.java:293) ~[patched_1.8.8.jar:git-PaperSpigot-445]
	at net.minecraft.server.v1_8_R3.DedicatedServer.init(DedicatedServer.java:202) ~[patched_1.8.8.jar:git-PaperSpigot-445]
	at net.minecraft.server.v1_8_R3.MinecraftServer.run(MinecraftServer.java:563) ~[patched_1.8.8.jar:git-PaperSpigot-445]
	at java.lang.Thread.run(Thread.java:1583) [?:?]
Caused by: java.util.zip.ZipException: zip END header not found
	at java.util.zip.ZipFile$Source.findEND(ZipFile.java:1649) ~[?:?]
	at java.util.zip.ZipFile$Source.initCEN(ZipFile.java:1657) ~[?:?]
	at java.util.zip.ZipFile$Source.<init>(ZipFile.java:1495) ~[?:?]
	at java.util.zip.ZipFile$Source.get(ZipFile.java:1458) ~[?:?]
	at java.util.zip.ZipFile$CleanableResource.<init>(ZipFile.java:724) ~[?:?]
	at java.util.zip.ZipFile.<init>(ZipFile.java:251) ~[?:?]
	at java.util.zip.ZipFile.<init>(ZipFile.java:180) ~[?:?]
	at java.util.jar.JarFile.<init>(JarFile.java:345) ~[?:?]
	at java.util.jar.JarFile.<init>(JarFile.java:316) ~[?:?]
	at java.util.jar.JarFile.<init>(JarFile.java:282) ~[?:?]
	at org.bukkit.plugin.java.JavaPluginLoader.getPluginDescription(JavaPluginLoader.java:148) ~[patched_1.8.8.jar:git-PaperSpigot-445]
	... 5 more
[00:58:48] [Server thread/INFO]: Set PluginClassLoader as parallel capable
[00:58:48] [Server thread/INFO]: [SimpleTpa] Loading SimpleTpa v6.4
[00:58:48] [Server thread/INFO]: [LuckPerms] Loading LuckPerms v5.4.141
[00:58:49] [Server thread/INFO]: [WorldEdit] Loading WorldEdit v6.1;no_git_id
[00:58:49] [Server thread/INFO]: [Sudo] Loading Sudo v1
[00:58:49] [Server thread/INFO]: [Suicide] Loading Suicide v1.4.6
[00:58:49] [Server thread/INFO]: [SimpleHomes] Loading SimpleHomes v2.2
[00:58:49] [Server thread/INFO]: [OnePlayerSleep] Loading OnePlayerSleep v1.3
[00:58:49] [Server thread/INFO]: [EasyRanks] Loading EasyRanks v1.3.2
[00:58:49] [Server thread/INFO]: [InvSee++] Loading InvSeePlusPlus v0.29.4
[00:58:49] [Server thread/INFO]: [BanManager] Loading BanManager v7.9.0
[00:58:49] [Server thread/INFO]: [ProtocolLib] Loading ProtocolLib v5.2.0-SNAPSHOT-679
[00:58:50] [Server thread/INFO]: [LoginSecurity] Loading LoginSecurity v3.2.0
[00:58:50] [Server thread/INFO]: [InvSee++_Clear] Loading InvSeePlusPlus_Clear v0.29.4
[00:58:50] [Server thread/INFO]: [InvSee++_Give] Loading InvSeePlusPlus_Give v0.29.4
[00:58:50] [Server thread/INFO]: [IllegalStack] Loading IllegalStack v2.9.12a
[00:58:50] [Server thread/INFO]: [LuckPerms] Enabling LuckPerms v5.4.141
[00:58:51] [Server thread/INFO]: [0;36;1m       [0;36;22m __    [m

[00:58:51] [Server thread/INFO]: [0;36;1m  |    [0;36;22m|__)   [0;32;22mLuckPerms[m [0;36;1mv5.4.141[m

[00:58:51] [Server thread/INFO]: [0;36;1m  |___ [0;36;22m|      [0;30;1mRunning on Bukkit - CraftBukkit[m

[00:58:51] [Server thread/INFO]: [m

[00:58:51] [Server thread/INFO]: [LuckPerms] Loading configuration...
[00:58:53] [Server thread/INFO]: [LuckPerms] Loading storage provider... [H2]
[00:58:55] [Server thread/INFO]: [LuckPerms] Loading internal permission managers...
[00:58:55] [Server thread/INFO]: [LuckPerms] Performing initial data load...
[00:58:56] [Server thread/INFO]: [LuckPerms] Successfully enabled. (took 5226ms)
[00:58:56] [Server thread/INFO]: [ProtocolLib] Enabling ProtocolLib v5.2.0-SNAPSHOT-679
[00:58:56] [Server thread/WARN]: **** SERVER IS RUNNING IN OFFLINE/INSECURE MODE!
[00:58:56] [Server thread/WARN]: The server will make no attempt to authenticate usernames. Beware.
[00:58:56] [Server thread/WARN]: Whilst this makes it possible to use BungeeCord, unless access to your server is properly restricted, it also opens up the ability for hackers to connect with any username they choose.
[00:58:56] [Server thread/WARN]: Please see http://www.spigotmc.org/wiki/firewall-guide/ for further information.
[00:58:56] [Server thread/WARN]: To change this, set "online-mode" to "true" in the server.properties file.
[00:58:56] [Server thread/INFO]: **** Beginning UUID conversion, this may take A LONG time ****
[00:58:56] [Server thread/INFO]: Preparing level "world"
[00:58:56] [Server thread/INFO]: -------- World Settings For [world] --------
[00:58:56] [Server thread/INFO]: Entity Activation Range: An 32 / Mo 32 / Mi 16
[00:58:56] [Server thread/INFO]: Entity Tracking Range: Pl 48 / An 48 / Mo 48 / Mi 32 / Other 64
[00:58:56] [Server thread/INFO]: Hopper Transfer: 8 Hopper Check: 8 Hopper Amount: 1
[00:58:56] [Server thread/INFO]: Random Lighting Updates: false
[00:58:56] [Server thread/INFO]: Structure Info Saving: true
[00:58:56] [Server thread/INFO]: Sending up to 10 chunks per packet
[00:58:56] [Server thread/INFO]: Max Entity Collisions: 8
[00:58:56] [Server thread/INFO]: Custom Map Seeds:  Village: 10387312 Feature: 14357617
[00:58:56] [Server thread/INFO]: Max TNT Explosions: 100
[00:58:56] [Server thread/INFO]: Tile Max Tick Time: 50ms Entity max Tick Time: 50ms
[00:58:56] [Server thread/INFO]: Mob Spawn Range: 4
[00:58:56] [Server thread/INFO]: Anti X-Ray: true
[00:58:56] [Server thread/INFO]: 	Engine Mode: 1
[00:58:56] [Server thread/INFO]: 	Hidden Blocks: [14, 15, 16, 21, 48, 49, 54, 56, 73, 74, 82, 129, 130]
[00:58:56] [Server thread/INFO]: 	Replace Blocks: [1, 5]
[00:58:56] [Server thread/INFO]: Nerfing mobs spawned from spawners: false
[00:58:56] [Server thread/INFO]: Cactus Growth Modifier: 100%
[00:58:56] [Server thread/INFO]: Cane Growth Modifier: 100%
[00:58:56] [Server thread/INFO]: Melon Growth Modifier: 100%
[00:58:56] [Server thread/INFO]: Mushroom Growth Modifier: 100%
[00:58:56] [Server thread/INFO]: Pumpkin Growth Modifier: 100%
[00:58:56] [Server thread/INFO]: Sapling Growth Modifier: 100%
[00:58:56] [Server thread/INFO]: Wheat Growth Modifier: 100%
[00:58:56] [Server thread/INFO]: NetherWart Growth Modifier: 100%
[00:58:56] [Server thread/INFO]: Item Despawn Rate: 6000
[00:58:56] [Server thread/INFO]: Item Merge Radius: 2.5
[00:58:56] [Server thread/INFO]: Arrow Despawn Rate: 1200
[00:58:56] [Server thread/INFO]: View Distance: 4
[00:58:56] [Server thread/INFO]: Allow Zombie Pigmen to spawn from portal blocks: true
[00:58:56] [Server thread/INFO]: Zombie Aggressive Towards Villager: true
[00:58:56] [Server thread/INFO]: Chunks to Grow per Tick: 650
[00:58:56] [Server thread/INFO]: Clear tick list: false
[00:58:56] [Server thread/INFO]: Experience Merge Radius: 3.0
[00:58:56] [Server thread/INFO]: -------- World Settings For [world] --------
[00:58:56] [Server thread/INFO]: Remove invalid mob spawner tile entities: true
[00:58:56] [Server thread/INFO]: Player blocking damage multiplier set to 0.5
[00:58:56] [Server thread/INFO]: Squids will spawn between Y: 45.0 and Y: 63.0
[00:58:56] [Server thread/INFO]: Max height for cactus growth 3. Max height for reed growth 3
[00:58:56] [Server thread/INFO]: Living Entity Despawn Ranges:  Soft: 32 Hard: 128
[00:58:56] [Server thread/INFO]: Water over lava flow speed: 5
[00:58:56] [Server thread/INFO]: Fix TNT cannons: false
[00:58:56] [Server thread/INFO]: Allow undead horse types to be leashed: false
[00:58:56] [Server thread/INFO]: WorldServer TickNextTick cap set at 10000
[00:58:56] [Server thread/INFO]: WorldServer TickNextTickList cap always processes redstone: false
[00:58:56] [Server thread/INFO]: Keep spawn chunk loaded: true
[00:58:56] [Server thread/INFO]: World async lighting: false
[00:58:56] [Server thread/INFO]: -------- World Settings For [world_nether] --------
[00:58:56] [Server thread/INFO]: Entity Activation Range: An 32 / Mo 32 / Mi 16
[00:58:56] [Server thread/INFO]: Entity Tracking Range: Pl 48 / An 48 / Mo 48 / Mi 32 / Other 64
[00:58:56] [Server thread/INFO]: Hopper Transfer: 8 Hopper Check: 8 Hopper Amount: 1
[00:58:56] [Server thread/INFO]: Random Lighting Updates: false
[00:58:56] [Server thread/INFO]: Structure Info Saving: true
[00:58:56] [Server thread/INFO]: Sending up to 10 chunks per packet
[00:58:56] [Server thread/INFO]: Max Entity Collisions: 8
[00:58:56] [Server thread/INFO]: Custom Map Seeds:  Village: 10387312 Feature: 14357617
[00:58:56] [Server thread/INFO]: Max TNT Explosions: 100
[00:58:56] [Server thread/INFO]: Tile Max Tick Time: 50ms Entity max Tick Time: 50ms
[00:58:56] [Server thread/INFO]: Mob Spawn Range: 4
[00:58:56] [Server thread/INFO]: Anti X-Ray: true
[00:58:56] [Server thread/INFO]: 	Engine Mode: 1
[00:58:56] [Server thread/INFO]: 	Hidden Blocks: [14, 15, 16, 21, 48, 49, 54, 56, 73, 74, 82, 129, 130]
[00:58:56] [Server thread/INFO]: 	Replace Blocks: [1, 5]
[00:58:56] [Server thread/INFO]: Nerfing mobs spawned from spawners: false
[00:58:56] [Server thread/INFO]: Cactus Growth Modifier: 100%
[00:58:56] [Server thread/INFO]: Cane Growth Modifier: 100%
[00:58:56] [Server thread/INFO]: Melon Growth Modifier: 100%
[00:58:56] [Server thread/INFO]: Mushroom Growth Modifier: 100%
[00:58:56] [Server thread/INFO]: Pumpkin Growth Modifier: 100%
[00:58:56] [Server thread/INFO]: Sapling Growth Modifier: 100%
[00:58:56] [Server thread/INFO]: Wheat Growth Modifier: 100%
[00:58:56] [Server thread/INFO]: NetherWart Growth Modifier: 100%
[00:58:56] [Server thread/INFO]: Item Despawn Rate: 6000
[00:58:56] [Server thread/INFO]: Item Merge Radius: 2.5
[00:58:56] [Server thread/INFO]: Arrow Despawn Rate: 1200
[00:58:56] [Server thread/INFO]: View Distance: 4
[00:58:56] [Server thread/INFO]: Allow Zombie Pigmen to spawn from portal blocks: true
[00:58:56] [Server thread/INFO]: Zombie Aggressive Towards Villager: true
[00:58:56] [Server thread/INFO]: Chunks to Grow per Tick: 650
[00:58:56] [Server thread/INFO]: Clear tick list: false
[00:58:56] [Server thread/INFO]: Experience Merge Radius: 3.0
[00:58:56] [Server thread/INFO]: -------- World Settings For [world_nether] --------
[00:58:56] [Server thread/INFO]: Remove invalid mob spawner tile entities: true
[00:58:56] [Server thread/INFO]: Player blocking damage multiplier set to 0.5
[00:58:56] [Server thread/INFO]: Squids will spawn between Y: 45.0 and Y: 63.0
[00:58:56] [Server thread/INFO]: Max height for cactus growth 3. Max height for reed growth 3
[00:58:56] [Server thread/INFO]: Living Entity Despawn Ranges:  Soft: 32 Hard: 128
[00:58:56] [Server thread/INFO]: Water over lava flow speed: 5
[00:58:56] [Server thread/INFO]: Fix TNT cannons: false
[00:58:56] [Server thread/INFO]: Allow undead horse types to be leashed: false
[00:58:56] [Server thread/INFO]: WorldServer TickNextTick cap set at 10000
[00:58:56] [Server thread/INFO]: WorldServer TickNextTickList cap always processes redstone: false
[00:58:56] [Server thread/INFO]: Keep spawn chunk loaded: true
[00:58:56] [Server thread/INFO]: World async lighting: false
[00:58:56] [Server thread/INFO]: -------- World Settings For [world_the_end] --------
[00:58:56] [Server thread/INFO]: Entity Activation Range: An 32 / Mo 32 / Mi 16
[00:58:56] [Server thread/INFO]: Entity Tracking Range: Pl 48 / An 48 / Mo 48 / Mi 32 / Other 64
[00:58:56] [Server thread/INFO]: Hopper Transfer: 8 Hopper Check: 8 Hopper Amount: 1
[00:58:56] [Server thread/INFO]: Random Lighting Updates: false
[00:58:56] [Server thread/INFO]: Structure Info Saving: true
[00:58:56] [Server thread/INFO]: Sending up to 10 chunks per packet
[00:58:56] [Server thread/INFO]: Max Entity Collisions: 8
[00:58:56] [Server thread/INFO]: Custom Map Seeds:  Village: 10387312 Feature: 14357617
[00:58:56] [Server thread/INFO]: Max TNT Explosions: 100
[00:58:56] [Server thread/INFO]: Tile Max Tick Time: 50ms Entity max Tick Time: 50ms
[00:58:56] [Server thread/INFO]: Mob Spawn Range: 4
[00:58:56] [Server thread/INFO]: Anti X-Ray: true
[00:58:56] [Server thread/INFO]: 	Engine Mode: 1
[00:58:56] [Server thread/INFO]: 	Hidden Blocks: [14, 15, 16, 21, 48, 49, 54, 56, 73, 74, 82, 129, 130]
[00:58:56] [Server thread/INFO]: 	Replace Blocks: [1, 5]
[00:58:56] [Server thread/INFO]: Nerfing mobs spawned from spawners: false
[00:58:56] [Server thread/INFO]: Cactus Growth Modifier: 100%
[00:58:56] [Server thread/INFO]: Cane Growth Modifier: 100%
[00:58:56] [Server thread/INFO]: Melon Growth Modifier: 100%
[00:58:56] [Server thread/INFO]: Mushroom Growth Modifier: 100%
[00:58:56] [Server thread/INFO]: Pumpkin Growth Modifier: 100%
[00:58:56] [Server thread/INFO]: Sapling Growth Modifier: 100%
[00:58:56] [Server thread/INFO]: Wheat Growth Modifier: 100%
[00:58:56] [Server thread/INFO]: NetherWart Growth Modifier: 100%
[00:58:56] [Server thread/INFO]: Item Despawn Rate: 6000
[00:58:56] [Server thread/INFO]: Item Merge Radius: 2.5
[00:58:56] [Server thread/INFO]: Arrow Despawn Rate: 1200
[00:58:56] [Server thread/INFO]: View Distance: 4
[00:58:56] [Server thread/INFO]: Allow Zombie Pigmen to spawn from portal blocks: true
[00:58:56] [Server thread/INFO]: Zombie Aggressive Towards Villager: true
[00:58:56] [Server thread/INFO]: Chunks to Grow per Tick: 650
[00:58:56] [Server thread/INFO]: Clear tick list: false
[00:58:56] [Server thread/INFO]: Experience Merge Radius: 3.0
[00:58:56] [Server thread/INFO]: -------- World Settings For [world_the_end] --------
[00:58:56] [Server thread/INFO]: Remove invalid mob spawner tile entities: true
[00:58:56] [Server thread/INFO]: Player blocking damage multiplier set to 0.5
[00:58:56] [Server thread/INFO]: Squids will spawn between Y: 45.0 and Y: 63.0
[00:58:56] [Server thread/INFO]: Max height for cactus growth 3. Max height for reed growth 3
[00:58:56] [Server thread/INFO]: Living Entity Despawn Ranges:  Soft: 32 Hard: 128
[00:58:56] [Server thread/INFO]: Water over lava flow speed: 5
[00:58:56] [Server thread/INFO]: Fix TNT cannons: false
[00:58:56] [Server thread/INFO]: Allow undead horse types to be leashed: false
[00:58:56] [Server thread/INFO]: WorldServer TickNextTick cap set at 10000
[00:58:56] [Server thread/INFO]: WorldServer TickNextTickList cap always processes redstone: false
[00:58:56] [Server thread/INFO]: Keep spawn chunk loaded: true
[00:58:56] [Server thread/INFO]: World async lighting: false
[00:58:56] [Server thread/INFO]: Preparing start region for level 0 (Seed: 8746604822408410148)
[00:58:57] [Server thread/INFO]: Preparing spawn area: 10%
[00:58:58] [Server thread/INFO]: Preparing spawn area: 51%
[00:58:59] [Server thread/INFO]: Preparing spawn area: 98%
[00:58:59] [Server thread/INFO]: Preparing start region for level 1 (Seed: 8746604822408410148)
[00:59:00] [Server thread/INFO]: Preparing spawn area: 13%
[00:59:02] [Server thread/INFO]: Preparing spawn area: 51%
[00:59:02] [Server thread/INFO]: Preparing start region for level 2 (Seed: 8746604822408410148)
[00:59:03] [Server thread/INFO]: [SimpleTpa] Enabling SimpleTpa v6.4
[00:59:03] [Server thread/INFO]: [0;33;1m[21m[SimpleTpa] If you need support contact me at https://discord.gg/SZUkza9[m

[00:59:03] [Server thread/INFO]: [0;33;1m[21m[SimpleTpa] Simple Tpa has been enabled on version 6.4[m

[00:59:03] [Server thread/INFO]: Enabled metrics. You may opt-out by changing plugins/bStats/config.yml
[00:59:03] [Server thread/INFO]: [WorldEdit] Enabling WorldEdit v6.1;no_git_id
[00:59:04] [Server thread/INFO]: WEPIF: Using the Bukkit Permissions API.
[00:59:04] [Server thread/INFO]: [WorldEdit] Using com.sk89q.worldedit.bukkit.adapter.impl.Spigot_v1_8_R3 as the Bukkit adapter
[00:59:04] [Server thread/INFO]: [Sudo] Enabling Sudo v1
[00:59:04] [Server thread/INFO]: [Suicide] Enabling Suicide v1.4.6
[00:59:04] [Server thread/INFO]: [Suicide] Plugin Enabled!
[00:59:04] [Server thread/INFO]: [SimpleHomes] Enabling SimpleHomes v2.2
[00:59:04] [Server thread/INFO]: [OnePlayerSleep] Enabling OnePlayerSleep v1.3
[00:59:04] [Server thread/INFO]: [EasyRanks] Enabling EasyRanks v1.3.2
[00:59:04] [Server thread/INFO]: [InvSee++] Enabling InvSeePlusPlus v0.29.4
[00:59:05] [Server thread/INFO]: [BanManager] Enabling BanManager v7.9.0
[00:59:06] [Server thread/WARN]: [Server thread] INFO me.confuser.banmanager.common.hikari.HikariDataSource - bm-local - Starting...

[00:59:07] [Server thread/WARN]: [Server thread] INFO me.confuser.banmanager.common.hikari.HikariDataSource - bm-local - Start completed.

[00:59:07] [Server thread/INFO]: [BanManager] Loaded 0 bans into memory
[00:59:07] [Server thread/INFO]: [BanManager] Loaded 0 mutes into memory
[00:59:08] [Server thread/INFO]: [BanManager] Loaded 0 ip bans into memory
[00:59:08] [Server thread/INFO]: [BanManager] Loaded 0 ip mutes into memory
[00:59:08] [Server thread/INFO]: [BanManager] Loaded 0 ip range bans into memory
[00:59:08] [Server thread/INFO]: [BanManager] Loaded 0 name bans into memory
[00:59:08] [Server thread/INFO]: [LoginSecurity] Enabling LoginSecurity v3.2.0
[00:59:09] [Server thread/INFO]: [LoginSecurity] Loading base translations from "en_us"
[00:59:09] [Server thread/INFO]: [LoginSecurity] Loading specified translations from "en_us"
[00:59:09] [Server thread/INFO]: [LoginSecurity] Registering commands...
[00:59:09] [Server thread/INFO]: [LoginSecurity] Registering listeners...
[00:59:09] [Server thread/INFO]: [InvSee++_Clear] Enabling InvSeePlusPlus_Clear v0.29.4
[00:59:09] [Server thread/INFO]: [InvSee++_Give] Enabling InvSeePlusPlus_Give v0.29.4
[00:59:09] [Server thread/INFO]: [IllegalStack] Enabling IllegalStack v2.9.12a
[00:59:09] [Server thread/INFO]: The following materials are allowed to have stacks larger than the vanilla size: POTION 
[00:59:09] [Server thread/INFO]: Server is NOT an ArcLight hybrid environment, continuing as normal.
[00:59:09] [Server thread/INFO]: Server is NOT a Forge hybrid environment, continuing as normal.
[00:59:09] [Server thread/INFO]: Server is NOT a Fabric hybrid environment, continuing as normal.
[00:59:09] [Server thread/INFO]: Server is NOT a Paper server, continuing as normal.
[00:59:09] [Server thread/INFO]: Server does NOT have Folia components, continuing as normal.
[00:59:09] [Server thread/INFO]: Chat Components found! Enabling clickable commands in /istack
[00:59:09] [Server thread/INFO]: Spigot chat components NOT found! disabling chat components.
[00:59:09] [Server thread/INFO]: MC Version < 1.13 detected!
[00:59:09] [Server thread/ERROR]: [IllegalStack] Plugin IllegalStack v2.9.12a has failed to register events for class main.java.me.dniym.listeners.fListener because org/bukkit/entity/ChestedHorse does not exist.
[00:59:09] [Server thread/INFO]: Minecraft 1.8 detected not checking offhand slot for overstacked items.
[00:59:09] [Server thread/INFO]: Version < 1.11 found, not checking for shulker boxes
[00:59:09] [Server thread/INFO]: Server permissions file permissions.yml is empty, ignoring it
[00:59:09] [Server thread/INFO]: Done (13.743s)! For help, type "help" or "?"
[00:59:09] [Server thread/INFO]: Timings Reset
[00:59:09] [Server thread/INFO]: [BanManager] The following commands are blocked whilst muted:
[00:59:09] [Server thread/INFO]: [BanManager] msg
[00:59:09] [Server thread/INFO]: [BanManager] The following commands are blocked whilst soft muted:
[00:59:09] [Server thread/INFO]: [BanManager] msg
[00:59:10] [Craft Scheduler Thread - 1/INFO]: [0;31;1m[21m[SimpleTpa] There is a new update available.[m

[00:59:10] [Craft Scheduler Thread - 1/INFO]: [0;31;1m[SimpleTpa] There is a new update available:[m

[00:59:10] [Craft Scheduler Thread - 1/INFO]: [0;31;1m[SimpleTpa] https://www.spigotmc.org/resources/simple-tpa.64270/[m

[00:59:10] [Server thread/INFO]: [Suicide] You are using the latest version of Suicide.
[01:00:50] [Thread-10/INFO]: UUID of player Curry_Muncher is efb9058e-8bc2-36ca-a0a5-81b99753b5b8
[01:00:50] [Server thread/INFO]: Curry_Muncher[/[0:0:0:0:0:0:0:1]:60620] logged in with entity id 763 at ([world]-2.8028705812223227, 39.0, 241.13872663382872)
[01:00:51] [Craft Scheduler Thread - 0/INFO]: [0;31;1mWarning: Curry_Muncher has the same IP as the following players:
[0;33;22ma__, Danny, XxTenderFlyxX, rocco, BaconMania, the_sigma, Steven, Geep, IhaveaDUI_998, YeeishYeeish841, Danny_, jewburner, Infinity, YeeVigg971, John_Minecraft, scarlet, scarlet_r, yarquesh, Ethonian, Jank_Boteko, ViggYee174, caden_da_gangsta, caden, John_MinecraftPC, glep, junkler3000, neaga, DANKBEEF, Cowboy, nigge, nigge_, bob_the_builder, Everett, YiggVigg282, _sentientIMAC, Curry_Mucher, mason, JohannMinecraft, nigga, black_guy, Peel, peel, ViggYeeg761, ECLIPCE, DeevYigg110, ECLIPCE12, DarverEagler136, Dashing, jhdskljfkljasgd, KP_, PAPA_CORBIN, silly_goose, silly_goose1, YeelerVigg195, ViggVool330w, YiggEagl986, jizzler, get_killed_nerd, BaconMania_, Gilzbert, Sadam_hussein, IhaveaDUI_547, evan_j, DashingsMomIsHot, your_mom_lol, Wonder, YungBiggaNIgga, Shithead, Popbob, NeedHemroidCream[m

[01:04:20] [Server thread/INFO]: Curry_Muncher issued server command: /suicide
[01:04:20] [Server thread/INFO]: §fPlayer§7: §fCurry_Muncher died
[01:04:20] [Server thread/INFO]: [0;31;1m[21mCurry_Muncher slipped on a banana[m

[01:04:20] [Server thread/ERROR]: [Suicide] The sound you're trying to play isn't registered in this Minecraft Version: ENTITY_ZOMBIE_HURT
[01:04:26] [Server thread/INFO]: Curry_Muncher issued server command: /back
[01:07:42] [Server thread/INFO]: §fPlayer§7: §fCurry_Muncher burned to death
[01:07:46] [Server thread/INFO]: Curry_Muncher issued server command: /back
[01:14:57] [Server thread/INFO]: Curry_Muncher lost connection: Disconnected
[01:14:57] [Server thread/INFO]: Curry_Muncher left the game.
[01:17:38] [Thread-12/INFO]: UUID of player Curry_Muncher is efb9058e-8bc2-36ca-a0a5-81b99753b5b8
[01:17:38] [Server thread/INFO]: Curry_Muncher[/[0:0:0:0:0:0:0:1]:53538] logged in with entity id 4608 at ([world]3.9051685579748803, 28.0, 239.2484072640971)
[01:17:39] [Craft Scheduler Thread - 5/INFO]: [0;31;1mWarning: Curry_Muncher has the same IP as the following players:
[0;33;22ma__, Danny, XxTenderFlyxX, rocco, BaconMania, the_sigma, Steven, Geep, IhaveaDUI_998, YeeishYeeish841, Danny_, jewburner, Infinity, YeeVigg971, John_Minecraft, scarlet, scarlet_r, yarquesh, Ethonian, Jank_Boteko, ViggYee174, caden_da_gangsta, caden, John_MinecraftPC, glep, junkler3000, neaga, DANKBEEF, Cowboy, nigge, nigge_, bob_the_builder, Everett, YiggVigg282, _sentientIMAC, Curry_Mucher, mason, JohannMinecraft, nigga, black_guy, Peel, peel, ViggYeeg761, ECLIPCE, DeevYigg110, ECLIPCE12, DarverEagler136, Dashing, jhdskljfkljasgd, KP_, PAPA_CORBIN, silly_goose, silly_goose1, YeelerVigg195, ViggVool330w, YiggEagl986, jizzler, get_killed_nerd, BaconMania_, Gilzbert, Sadam_hussein, IhaveaDUI_547, evan_j, DashingsMomIsHot, your_mom_lol, Wonder, YungBiggaNIgga, Shithead, Popbob, NeedHemroidCream[m

[01:24:03] [Server thread/INFO]: Unknown command. Type "/help" for help.[m

[01:24:05] [Server thread/INFO]: There are 1/20000 players online:
[01:24:05] [Server thread/INFO]: Curry_Muncher
[01:25:41] [Server thread/INFO]: Curry_Muncher lost connection: Disconnected
[01:25:41] [Server thread/INFO]: Curry_Muncher left the game.
[01:30:55] [Thread-13/INFO]: UUID of player mason is 905956b9-1794-36a8-861a-4904eae0994d
[01:30:55] [Server thread/INFO]: mason[/[0:0:0:0:0:0:0:1]:35038] logged in with entity id 5581 at ([world]128.06947429264824, 76.0, 1237.2247223953832)
[01:30:56] [Craft Scheduler Thread - 9/INFO]: [0;31;1mWarning: mason has the same IP as the following players:
[0;33;22ma__, Danny, XxTenderFlyxX, rocco, BaconMania, the_sigma, Steven, Geep, IhaveaDUI_998, YeeishYeeish841, Danny_, jewburner, Infinity, YeeVigg971, John_Minecraft, scarlet, scarlet_r, yarquesh, Ethonian, Jank_Boteko, ViggYee174, caden_da_gangsta, caden, John_MinecraftPC, glep, junkler3000, neaga, DANKBEEF, Cowboy, nigge, nigge_, bob_the_builder, Everett, YiggVigg282, Curry_Muncher, _sentientIMAC, Curry_Mucher, JohannMinecraft, nigga, black_guy, Peel, peel, ViggYeeg761, ECLIPCE, DeevYigg110, ECLIPCE12, DarverEagler136, Dashing, jhdskljfkljasgd, KP_, PAPA_CORBIN, silly_goose, silly_goose1, YeelerVigg195, ViggVool330w, YiggEagl986, jizzler, get_killed_nerd, BaconMania_, Gilzbert, Sadam_hussein, IhaveaDUI_547, evan_j, DashingsMomIsHot, your_mom_lol, Wonder, YungBiggaNIgga, Shithead, Popbob, NeedHemroidCream[m

[01:34:42] [Thread-15/INFO]: UUID of player Curry_Muncher is efb9058e-8bc2-36ca-a0a5-81b99753b5b8
[01:34:43] [Server thread/INFO]: Curry_Muncher[/[0:0:0:0:0:0:0:1]:34538] logged in with entity id 6006 at ([world]-2.243926298476876, 39.0, 240.45291053532273)
[01:34:43] [Craft Scheduler Thread - 10/INFO]: [0;31;1mWarning: Curry_Muncher has the same IP as the following players:
[0;33;22ma__, Danny, XxTenderFlyxX, rocco, BaconMania, the_sigma, Steven, Geep, IhaveaDUI_998, YeeishYeeish841, Danny_, jewburner, Infinity, YeeVigg971, John_Minecraft, scarlet, scarlet_r, yarquesh, Ethonian, Jank_Boteko, ViggYee174, caden_da_gangsta, caden, John_MinecraftPC, glep, junkler3000, neaga, DANKBEEF, Cowboy, nigge, nigge_, bob_the_builder, Everett, YiggVigg282, _sentientIMAC, Curry_Mucher, mason, JohannMinecraft, nigga, black_guy, Peel, peel, ViggYeeg761, ECLIPCE, DeevYigg110, ECLIPCE12, DarverEagler136, Dashing, jhdskljfkljasgd, KP_, PAPA_CORBIN, silly_goose, silly_goose1, YeelerVigg195, ViggVool330w, YiggEagl986, jizzler, get_killed_nerd, BaconMania_, Gilzbert, Sadam_hussein, IhaveaDUI_547, evan_j, DashingsMomIsHot, your_mom_lol, Wonder, YungBiggaNIgga, Shithead, Popbob, NeedHemroidCream[m

[01:36:10] [Server thread/INFO]: There are 2/20000 players online:
[01:36:10] [Server thread/INFO]: mason, Curry_Muncher
[01:43:03] [Thread-16/INFO]: UUID of player Steven is 944d2caf-d932-3441-b30c-7e43d402ec4b
[01:43:03] [Server thread/INFO]: Steven[/[0:0:0:0:0:0:0:1]:41850] logged in with entity id 8112 at ([world]163.49628358189054, 63.0, 262.24128804728684)
[01:43:04] [Craft Scheduler Thread - 14/INFO]: [0;31;1mWarning: Steven has the same IP as the following players:
[0;33;22ma__, Danny, XxTenderFlyxX, rocco, BaconMania, the_sigma, Geep, IhaveaDUI_998, YeeishYeeish841, Danny_, jewburner, Infinity, YeeVigg971, John_Minecraft, scarlet, scarlet_r, yarquesh, Ethonian, Jank_Boteko, ViggYee174, caden_da_gangsta, caden, John_MinecraftPC, glep, junkler3000, neaga, DANKBEEF, Cowboy, nigge, nigge_, bob_the_builder, Everett, YiggVigg282, Curry_Muncher, _sentientIMAC, Curry_Mucher, mason, JohannMinecraft, nigga, black_guy, Peel, peel, ViggYeeg761, ECLIPCE, DeevYigg110, ECLIPCE12, DarverEagler136, Dashing, jhdskljfkljasgd, KP_, PAPA_CORBIN, silly_goose, silly_goose1, YeelerVigg195, ViggVool330w, YiggEagl986, jizzler, get_killed_nerd, BaconMania_, Gilzbert, Sadam_hussein, IhaveaDUI_547, evan_j, DashingsMomIsHot, your_mom_lol, Wonder, YungBiggaNIgga, Shithead, Popbob, NeedHemroidCream[m

[01:43:23] [Server thread/INFO]: §cMurderer§7: §fSteven fell from a high place
[01:43:28] [Server thread/INFO]: Steven issued server command: /back
[01:43:36] [Async Chat Thread - #0/INFO]: [0;37;22m[[0;31;1mMurderer[0;37;22m] [0;37;1mSteven [0;37;1m➟ [0;37;1mwsg reshab[m

[01:43:42] [Async Chat Thread - #0/INFO]: [0;37;22m[[0;37;1mPlayer[0;37;22m] [0;37;1mCurry_Muncher [0;37;1m➟ [0;37;1msup[m

[01:43:49] [Async Chat Thread - #0/INFO]: [0;37;22m[[0;31;1mMurderer[0;37;22m] [0;37;1mSteven [0;37;1m➟ [0;37;1mlike my tag?[m

[01:43:57] [Async Chat Thread - #0/INFO]: [0;37;22m[[0;37;1mPlayer[0;37;22m] [0;37;1mCurry_Muncher [0;37;1m➟ [0;37;1mya how did you get that[m

[01:44:03] [Async Chat Thread - #0/INFO]: [0;37;22m[[0;31;1mMurderer[0;37;22m] [0;37;1mSteven [0;37;1m➟ [0;37;1midk evan gave it to me[m

[01:44:44] [Server thread/INFO]: §cMurderer§7: §fSteven was slain by Zombie
[01:45:52] [Server thread/INFO]: §fPlayer§7: §fCurry_Muncher fell from a high place
[01:45:57] [Server thread/INFO]: Steven issued server command: /back
[01:45:58] [Server thread/INFO]: Curry_Muncher issued server command: /back
[01:46:30] [Server thread/INFO]: Steven issued server command: /home HOME
[01:46:45] [Async Chat Thread - #1/INFO]: [0;37;22m[[0;31;1mMurderer[0;37;22m] [0;37;1mSteven [0;37;1m➟ [0;37;1mWHAT HAPPENED[m

[01:46:52] [Async Chat Thread - #1/INFO]: [0;37;22m[[0;31;1mMurderer[0;37;22m] [0;37;1mSteven [0;37;1m➟ [0;37;1mmason[m

[01:46:53] [Async Chat Thread - #1/INFO]: [0;37;22m[[0;37;1mPlayer[0;37;22m] [0;37;1mCurry_Muncher [0;37;1m➟ [0;37;1mme?[m

[01:47:01] [Async Chat Thread - #1/INFO]: [0;37;22m[[0;31;1mMurderer[0;37;22m] [0;37;1mSteven [0;37;1m➟ [0;37;1myo mason[m

[01:47:06] [Async Chat Thread - #1/INFO]: [0;37;22m[[0;37;1mPlayer[0;37;22m] [0;37;1mmason [0;37;1m➟ [0;37;1mno idea[m

[01:47:14] [Async Chat Thread - #1/INFO]: [0;37;22m[[0;31;1mMurderer[0;37;22m] [0;37;1mSteven [0;37;1m➟ [0;37;1myo evan[m

[01:47:22] [Async Chat Thread - #1/INFO]: [0;37;22m[[0;31;1mMurderer[0;37;22m] [0;37;1mSteven [0;37;1m➟ [0;37;1mi think i know who it is[m

[01:47:27] [Async Chat Thread - #1/INFO]: [0;37;22m[[0;31;1mMurderer[0;37;22m] [0;37;1mSteven [0;37;1m➟ [0;37;1mjewburner...[m

[01:48:09] [Async Chat Thread - #1/INFO]: [0;37;22m[[0;31;1mMurderer[0;37;22m] [0;37;1mSteven [0;37;1m➟ [0;37;1mimg oing to jump reshab[m

[01:48:18] [Async Chat Thread - #1/INFO]: [0;37;22m[[0;37;1mPlayer[0;37;22m] [0;37;1mCurry_Muncher [0;37;1m➟ [0;37;1mwy[m

[01:48:24] [Async Chat Thread - #1/INFO]: [0;37;22m[[0;31;1mMurderer[0;37;22m] [0;37;1mSteven [0;37;1m➟ [0;37;1mik i spelt your name wrong i cant spell very good[m

[01:48:31] [Server thread/INFO]: §cMurderer§7: §fSteven fell from a high place
[01:48:39] [Async Chat Thread - #1/INFO]: [0;37;22m[[0;37;1mPlayer[0;37;22m] [0;37;1mCurry_Muncher [0;37;1m➟ [0;37;1mwhy are you going to jump me?[m

[01:49:18] [Server thread/INFO]: You whisper to §fPlayer§7: §fCurry_Muncher: if he starts attacking you close the tab
[01:49:27] [Async Chat Thread - #1/INFO]: [0;37;22m[[0;31;1mMurderer[0;37;22m] [0;37;1mSteven [0;37;1m➟ [0;37;1mnoooo[m

[01:49:31] [Async Chat Thread - #1/INFO]: [0;37;22m[[0;31;1mMurderer[0;37;22m] [0;37;1mSteven [0;37;1m➟ [0;37;1mjump of the house[m

[01:49:37] [Async Chat Thread - #1/INFO]: [0;37;22m[[0;37;1mPlayer[0;37;22m] [0;37;1mCurry_Muncher [0;37;1m➟ [0;37;1mwhat was that[m

[01:49:43] [Async Chat Thread - #1/INFO]: [0;37;22m[[0;31;1mMurderer[0;37;22m] [0;37;1mSteven [0;37;1m➟ [0;37;1mhuh[m

[01:50:19] [Server thread/INFO]: Steven issued server command: /home ZEKE
[02:09:28] [Server thread/INFO]: Curry_Muncher lost connection: Disconnected
[02:09:28] [Server thread/INFO]: Curry_Muncher left the game.
[02:19:10] [Thread-18/INFO]: UUID of player DANKBEEF is 236ee08e-e19f-351a-997f-26d0ab803645
[02:19:10] [Server thread/INFO]: DANKBEEF[/[0:0:0:0:0:0:0:1]:36596] logged in with entity id 21341 at ([world]-319.40880968753004, 119.0, 725.2436149047325)
[02:19:11] [Craft Scheduler Thread - 15/INFO]: [0;31;1mWarning: DANKBEEF has the same IP as the following players:
[0;33;22ma__, Danny, XxTenderFlyxX, rocco, BaconMania, the_sigma, Steven, Geep, IhaveaDUI_998, YeeishYeeish841, Danny_, jewburner, Infinity, YeeVigg971, John_Minecraft, scarlet, scarlet_r, yarquesh, Ethonian, Jank_Boteko, ViggYee174, caden_da_gangsta, caden, John_MinecraftPC, glep, junkler3000, neaga, Cowboy, nigge, nigge_, bob_the_builder, Everett, YiggVigg282, Curry_Muncher, _sentientIMAC, Curry_Mucher, mason, JohannMinecraft, nigga, black_guy, Peel, peel, ViggYeeg761, ECLIPCE, DeevYigg110, ECLIPCE12, DarverEagler136, Dashing, jhdskljfkljasgd, KP_, PAPA_CORBIN, silly_goose, silly_goose1, YeelerVigg195, ViggVool330w, YiggEagl986, jizzler, get_killed_nerd, BaconMania_, Gilzbert, Sadam_hussein, IhaveaDUI_547, evan_j, DashingsMomIsHot, your_mom_lol, Wonder, YungBiggaNIgga, Shithead, Popbob, NeedHemroidCream[m

[02:20:30] [Thread-19/INFO]: UUID of player caden is 1c17e1b0-26ef-3067-b20b-aebc29283c98
[02:20:30] [Server thread/INFO]: caden[/[0:0:0:0:0:0:0:1]:52192] logged in with entity id 21698 at ([world]141.6699970448029, 72.0, 1208.300000011921)
[02:20:31] [Craft Scheduler Thread - 17/INFO]: [0;31;1mWarning: caden has the same IP as the following players:
[0;33;22ma__, Danny, XxTenderFlyxX, rocco, BaconMania, the_sigma, Steven, Geep, IhaveaDUI_998, YeeishYeeish841, Danny_, jewburner, Infinity, YeeVigg971, John_Minecraft, scarlet, scarlet_r, yarquesh, Ethonian, Jank_Boteko, ViggYee174, caden_da_gangsta, John_MinecraftPC, glep, junkler3000, neaga, DANKBEEF, Cowboy, nigge, nigge_, bob_the_builder, Everett, YiggVigg282, Curry_Muncher, _sentientIMAC, Curry_Mucher, mason, JohannMinecraft, nigga, black_guy, Peel, peel, ViggYeeg761, ECLIPCE, DeevYigg110, ECLIPCE12, DarverEagler136, Dashing, jhdskljfkljasgd, KP_, PAPA_CORBIN, silly_goose, silly_goose1, YeelerVigg195, ViggVool330w, YiggEagl986, jizzler, get_killed_nerd, BaconMania_, Gilzbert, Sadam_hussein, IhaveaDUI_547, evan_j, DashingsMomIsHot, your_mom_lol, Wonder, YungBiggaNIgga, Shithead, Popbob, NeedHemroidCream[m

[02:20:52] [Async Chat Thread - #2/INFO]: [0;37;22m[[0;37;1mPlayer[0;37;22m] [0;37;1mDANKBEEF [0;37;1m➟ [0;37;1msup steve[m

[02:20:59] [Async Chat Thread - #2/INFO]: [0;37;22m[[0;37;1mPlayer[0;37;22m] [0;37;1mDANKBEEF [0;37;1m➟ [0;37;1mstill mad?[m

[02:22:18] [Server thread/INFO]: §fPlayer§7: §fcaden has just earned the achievement [Time to Strike!]
[02:23:01] [Async Chat Thread - #3/INFO]: [0;37;22m[[0;31;1mMurderer[0;37;22m] [0;37;1mSteven [0;37;1m➟ [0;37;1mback[m

[02:23:04] [Async Chat Thread - #3/INFO]: [0;37;22m[[0;31;1mMurderer[0;37;22m] [0;37;1mSteven [0;37;1m➟ [0;37;1mno lol[m

[02:23:08] [Server thread/INFO]: Steven issued server command: /home HOME
[02:23:12] [Async Chat Thread - #3/INFO]: [0;37;22m[[0;31;1mMurderer[0;37;22m] [0;37;1mSteven [0;37;1m➟ [0;37;1mwe chilling[m

[02:23:15] [Async Chat Thread - #3/INFO]: [0;37;22m[[0;37;1mPlayer[0;37;22m] [0;37;1mDANKBEEF [0;37;1m➟ [0;37;1mk[m

[02:23:19] [Async Chat Thread - #3/INFO]: [0;37;22m[[0;31;1mMurderer[0;37;22m] [0;37;1mSteven [0;37;1m➟ [0;37;1mt[m

[02:23:26] [Server thread/INFO]: Steven issued server command: /suicide
[02:23:26] [Server thread/INFO]: §cMurderer§7: §fSteven fell from a high place
[02:23:26] [Server thread/INFO]: [0;31;1m[21mSteven turned emo[m

[02:23:26] [Server thread/ERROR]: [Suicide] The sound you're trying to play isn't registered in this Minecraft Version: ENTITY_ZOMBIE_HURT
[02:23:30] [Server thread/INFO]: Steven issued server command: /back
[02:24:16] [Async Chat Thread - #3/INFO]: [0;37;22m[[0;37;1mPlayer[0;37;22m] [0;37;1mcaden [0;37;1m➟ [0;37;1mlets move[m

[02:26:01] [Server thread/INFO]: §fPlayer§7: §fcaden has just earned the achievement [Monster Hunter]
[02:26:09] [Async Chat Thread - #4/INFO]: [0;37;22m[[0;37;1mPlayer[0;37;22m] [0;37;1mcaden [0;37;1m➟ [0;37;1mpa mason[m

[02:26:25] [Server thread/INFO]: caden issued server command: /tpa mason
[02:26:56] [Server thread/INFO]: caden issued server command: /tpa mason
[02:27:26] [Server thread/INFO]: mason issued server command: /tpaccepte
[02:27:34] [Server thread/INFO]: mason issued server command: /tpaccept
[02:27:53] [Server thread/INFO]: caden lost connection: Disconnected
[02:27:53] [Server thread/INFO]: caden left the game.
[02:29:01] [Thread-20/INFO]: UUID of player caden is 1c17e1b0-26ef-3067-b20b-aebc29283c98
[02:29:01] [Server thread/INFO]: caden[/[0:0:0:0:0:0:0:1]:43796] logged in with entity id 25044 at ([world]153.75159129777273, 76.0, 1215.7539417630392)
[02:29:02] [Craft Scheduler Thread - 16/INFO]: [0;31;1mWarning: caden has the same IP as the following players:
[0;33;22ma__, Danny, XxTenderFlyxX, rocco, BaconMania, the_sigma, Steven, Geep, IhaveaDUI_998, YeeishYeeish841, Danny_, jewburner, Infinity, YeeVigg971, John_Minecraft, scarlet, scarlet_r, yarquesh, Ethonian, Jank_Boteko, ViggYee174, caden_da_gangsta, John_MinecraftPC, glep, junkler3000, neaga, DANKBEEF, Cowboy, nigge, nigge_, bob_the_builder, Everett, YiggVigg282, Curry_Muncher, _sentientIMAC, Curry_Mucher, mason, JohannMinecraft, nigga, black_guy, Peel, peel, ViggYeeg761, ECLIPCE, DeevYigg110, ECLIPCE12, DarverEagler136, Dashing, jhdskljfkljasgd, KP_, PAPA_CORBIN, silly_goose, silly_goose1, YeelerVigg195, ViggVool330w, YiggEagl986, jizzler, get_killed_nerd, BaconMania_, Gilzbert, Sadam_hussein, IhaveaDUI_547, evan_j, DashingsMomIsHot, your_mom_lol, Wonder, YungBiggaNIgga, Shithead, Popbob, NeedHemroidCream[m

[02:29:35] [Async Chat Thread - #5/INFO]: [0;37;22m[[0;37;1mPlayer[0;37;22m] [0;37;1mcaden [0;37;1m➟ [0;37;1myo mason[m

[02:29:38] [Async Chat Thread - #5/INFO]: [0;37;22m[[0;37;1mPlayer[0;37;22m] [0;37;1mmason [0;37;1m➟ [0;37;1myes[m

[02:29:44] [Server thread/INFO]: There are 4/20000 players online:
[02:29:44] [Server thread/INFO]: mason, DANKBEEF, Steven, caden
[02:29:46] [Async Chat Thread - #5/INFO]: [0;37;22m[[0;37;1mPlayer[0;37;22m] [0;37;1mcaden [0;37;1m➟ [0;37;1mwya[m

[02:30:03] [Async Chat Thread - #5/INFO]: [0;37;22m[[0;37;1mPlayer[0;37;22m] [0;37;1mmason [0;37;1m➟ [0;37;1mfinding new base i am 2k away from old[m

[02:33:22] [Server thread/INFO]: §cMurderer§7: §fSteven was shot by Skeleton
[02:33:32] [Server thread/INFO]: caden issued server command: /tpa mason
[02:33:37] [Server thread/INFO]: mason issued server command: /tpaccept
[02:34:13] [Thread-22/INFO]: UUID of player Danny is ddcda591-f59a-39fa-ae6e-6744024d2256
[02:34:13] [Server thread/INFO]: Danny[/[0:0:0:0:0:0:0:1]:54330] logged in with entity id 28801 at ([world]141.98393350430572, 74.0, 1225.3702180682617)
[02:34:14] [Craft Scheduler Thread - 17/INFO]: [0;31;1mWarning: Danny has the same IP as the following players:
[0;33;22ma__, XxTenderFlyxX, rocco, BaconMania, the_sigma, Steven, Geep, IhaveaDUI_998, YeeishYeeish841, Danny_, jewburner, Infinity, YeeVigg971, John_Minecraft, scarlet, scarlet_r, yarquesh, Ethonian, Jank_Boteko, ViggYee174, caden_da_gangsta, caden, John_MinecraftPC, glep, junkler3000, neaga, DANKBEEF, Cowboy, nigge, nigge_, bob_the_builder, Everett, YiggVigg282, Curry_Muncher, _sentientIMAC, Curry_Mucher, mason, JohannMinecraft, nigga, black_guy, Peel, peel, ViggYeeg761, ECLIPCE, DeevYigg110, ECLIPCE12, DarverEagler136, Dashing, jhdskljfkljasgd, KP_, PAPA_CORBIN, silly_goose, silly_goose1, YeelerVigg195, ViggVool330w, YiggEagl986, jizzler, get_killed_nerd, BaconMania_, Gilzbert, Sadam_hussein, IhaveaDUI_547, evan_j, DashingsMomIsHot, your_mom_lol, Wonder, YungBiggaNIgga, Shithead, Popbob, NeedHemroidCream[m

[02:34:16] [Async Chat Thread - #6/INFO]: [0;37;22m[[0;37;1mPlayer[0;37;22m] [0;37;1mcaden [0;37;1m➟ [0;37;1mit should jus be us two[m

[02:34:26] [Async Chat Thread - #6/INFO]: [0;37;22m[[0;37;1mPlayer[0;37;22m] [0;37;1mmason [0;37;1m➟ [0;37;1myes[m

[02:34:31] [Async Chat Thread - #6/INFO]: [0;37;22m[[0;37;1mPlayer[0;37;22m] [0;37;1mcaden [0;37;1m➟ [0;37;1mand danny bc steven leaks cord[m

[02:35:49] [Server thread/INFO]: caden issued server command: /tpa mason
[02:35:58] [Server thread/INFO]: mason issued server command: /tpaccept
[02:37:16] [Async Chat Thread - #7/INFO]: [0;37;22m[[0;31;1mMurderer[0;37;22m] [0;37;1mSteven [0;37;1m➟ [0;37;1mi did not leak the cords[m

[02:37:22] [Async Chat Thread - #7/INFO]: [0;37;22m[[0;37;1mPlayer[0;37;22m] [0;37;1mcaden [0;37;1m➟ [0;37;1mcap[m

[02:37:32] [Async Chat Thread - #7/INFO]: [0;37;22m[[0;31;1mMurderer[0;37;22m] [0;37;1mSteven [0;37;1m➟ [0;37;1mon god[m

[02:37:54] [Server thread/INFO]: caden issued server command: /tpa mason
[02:37:59] [Server thread/INFO]: mason issued server command: /tpaccept
[02:38:10] [Async Chat Thread - #7/INFO]: [0;37;22m[[0;31;1mMurderer[0;37;22m] [0;37;1mSteven [0;37;1m➟ [0;37;1mwhere is base[m

[02:38:18] [Server thread/INFO]: Steven issued server command: /home HOME
[02:38:52] [Async Chat Thread - #7/INFO]: [0;37;22m[[0;37;1mPlayer[0;37;22m] [0;37;1mDanny [0;37;1m➟ [0;37;1mbrb[m

[02:38:54] [Server thread/INFO]: Danny lost connection: Disconnected
[02:38:54] [Server thread/INFO]: Danny left the game.
[02:38:58] [Server thread/INFO]: Steven lost connection: Disconnected
[02:38:58] [Server thread/INFO]: Steven left the game.
[02:40:13] [Async Chat Thread - #8/INFO]: [0;37;22m[[0;37;1mPlayer[0;37;22m] [0;37;1mmason [0;37;1m➟ [0;37;1mwhat kind of place do you want to build at caden[m

[02:40:31] [Server thread/INFO]: caden issued server command: /tpa mason
[02:40:35] [Async Chat Thread - #8/INFO]: [0;37;22m[[0;37;1mPlayer[0;37;22m] [0;37;1mcaden [0;37;1m➟ [0;37;1midcc[m

[02:40:57] [Server thread/INFO]: mason issued server command: /tpaccept
[02:42:01] [Async Chat Thread - #9/INFO]: [0;37;22m[[0;37;1mPlayer[0;37;22m] [0;37;1mmason [0;37;1m➟ [0;37;1mcaden does black forest work[m

[02:42:06] [Async Chat Thread - #9/INFO]: [0;37;22m[[0;37;1mPlayer[0;37;22m] [0;37;1mcaden [0;37;1m➟ [0;37;1mya[m

[02:42:11] [Server thread/INFO]: caden issued server command: /tpa mason
[02:42:15] [Server thread/INFO]: mason issued server command: /tpaccept
[02:42:43] [Async Chat Thread - #9/INFO]: [0;37;22m[[0;37;1mPlayer[0;37;22m] [0;37;1mcaden [0;37;1m➟ [0;37;1mone sec[m

[02:42:47] [Async Chat Thread - #9/INFO]: [0;37;22m[[0;37;1mPlayer[0;37;22m] [0;37;1mmason [0;37;1m➟ [0;37;1mok[m

[02:43:05] [Async Chat Thread - #9/INFO]: [0;37;22m[[0;37;1mPlayer[0;37;22m] [0;37;1mcaden [0;37;1m➟ [0;37;1mdo u have a chest[m

[02:44:11] [Async Chat Thread - #10/INFO]: [0;37;22m[[0;37;1mPlayer[0;37;22m] [0;37;1mcaden [0;37;1m➟ [0;37;1mim going to tp back to the base and get whats left[m

[02:44:18] [Async Chat Thread - #10/INFO]: [0;37;22m[[0;37;1mPlayer[0;37;22m] [0;37;1mmason [0;37;1m➟ [0;37;1mok[m

[02:44:21] [Server thread/INFO]: caden issued server command: /home caden
[02:44:31] [Server thread/INFO]: caden issued server command: /home caden
[02:44:41] [Server thread/INFO]: caden issued server command: /home <caden>
[02:44:54] [Async Chat Thread - #10/INFO]: [0;37;22m[[0;37;1mPlayer[0;37;22m] [0;37;1mcaden [0;37;1m➟ [0;37;1mnvm its not working[m

[02:45:33] [Server thread/INFO]: caden lost connection: Disconnected
[02:45:33] [Server thread/INFO]: caden left the game.
[02:46:44] [Thread-23/INFO]: UUID of player Steven is 944d2caf-d932-3441-b30c-7e43d402ec4b
[02:46:44] [Server thread/INFO]: Steven[/[0:0:0:0:0:0:0:1]:40380] logged in with entity id 35852 at ([world]150.86446235457473, 76.0, 1220.3579755517305)
[02:46:45] [Craft Scheduler Thread - 19/INFO]: [0;31;1mWarning: Steven has the same IP as the following players:
[0;33;22ma__, Danny, XxTenderFlyxX, rocco, BaconMania, the_sigma, Geep, IhaveaDUI_998, YeeishYeeish841, Danny_, jewburner, Infinity, YeeVigg971, John_Minecraft, scarlet, scarlet_r, yarquesh, Ethonian, Jank_Boteko, ViggYee174, caden_da_gangsta, caden, John_MinecraftPC, glep, junkler3000, neaga, DANKBEEF, Cowboy, nigge, nigge_, bob_the_builder, Everett, YiggVigg282, Curry_Muncher, _sentientIMAC, Curry_Mucher, mason, JohannMinecraft, nigga, black_guy, Peel, peel, ViggYeeg761, ECLIPCE, DeevYigg110, ECLIPCE12, DarverEagler136, Dashing, jhdskljfkljasgd, KP_, PAPA_CORBIN, silly_goose, silly_goose1, YeelerVigg195, ViggVool330w, YiggEagl986, jizzler, get_killed_nerd, BaconMania_, Gilzbert, Sadam_hussein, IhaveaDUI_547, evan_j, DashingsMomIsHot, your_mom_lol, Wonder, YungBiggaNIgga, Shithead, Popbob, NeedHemroidCream[m

[02:47:14] [Server thread/INFO]: DANKBEEF lost connection: Disconnected
[02:47:14] [Server thread/INFO]: DANKBEEF left the game.
[02:47:27] [Server thread/INFO]: Steven issued server command: /home Stevem
[02:47:30] [Server thread/INFO]: Steven issued server command: /home Steven
[02:47:34] [Server thread/INFO]: Steven issued server command: /homes
[02:47:40] [Server thread/INFO]: Steven issued server command: /home DANK
[02:47:57] [Thread-24/INFO]: UUID of player DANKBEEF is 236ee08e-e19f-351a-997f-26d0ab803645
[02:47:57] [Server thread/INFO]: DANKBEEF[/[0:0:0:0:0:0:0:1]:36528] logged in with entity id 36947 at ([world]-315.24770611255286, 116.0, 730.8624252814515)
[02:47:58] [Craft Scheduler Thread - 19/INFO]: [0;31;1mWarning: DANKBEEF has the same IP as the following players:
[0;33;22ma__, Danny, XxTenderFlyxX, rocco, BaconMania, the_sigma, Steven, Geep, IhaveaDUI_998, YeeishYeeish841, Danny_, jewburner, Infinity, YeeVigg971, John_Minecraft, scarlet, scarlet_r, yarquesh, Ethonian, Jank_Boteko, ViggYee174, caden_da_gangsta, caden, John_MinecraftPC, glep, junkler3000, neaga, Cowboy, nigge, nigge_, bob_the_builder, Everett, YiggVigg282, Curry_Muncher, _sentientIMAC, Curry_Mucher, mason, JohannMinecraft, nigga, black_guy, Peel, peel, ViggYeeg761, ECLIPCE, DeevYigg110, ECLIPCE12, DarverEagler136, Dashing, jhdskljfkljasgd, KP_, PAPA_CORBIN, silly_goose, silly_goose1, YeelerVigg195, ViggVool330w, YiggEagl986, jizzler, get_killed_nerd, BaconMania_, Gilzbert, Sadam_hussein, IhaveaDUI_547, evan_j, DashingsMomIsHot, your_mom_lol, Wonder, YungBiggaNIgga, Shithead, Popbob, NeedHemroidCream[m

[02:48:18] [Async Chat Thread - #11/INFO]: [0;37;22m[[0;31;1mMurderer[0;37;22m] [0;37;1mSteven [0;37;1m➟ [0;37;1mdank did you figure out the tp[m

[02:48:25] [Async Chat Thread - #11/INFO]: [0;37;22m[[0;37;1mPlayer[0;37;22m] [0;37;1mDANKBEEF [0;37;1m➟ [0;37;1mno[m

[02:48:32] [Server thread/INFO]: Steven issued server command: /home Steven
[02:48:32] [Async Chat Thread - #11/INFO]: [0;37;22m[[0;37;1mPlayer[0;37;22m] [0;37;1mDANKBEEF [0;37;1m➟ [0;37;1mwhat is it[m

[02:48:39] [Server thread/INFO]: Steven issued server command: /home Steven
[02:48:44] [Async Chat Thread - #11/INFO]: [0;37;22m[[0;31;1mMurderer[0;37;22m] [0;37;1mSteven [0;37;1m➟ [0;37;1mare you near your home[m

[02:48:49] [Async Chat Thread - #11/INFO]: [0;37;22m[[0;37;1mPlayer[0;37;22m] [0;37;1mDANKBEEF [0;37;1m➟ [0;37;1myeah[m

[02:49:11] [Async Chat Thread - #11/INFO]: [0;37;22m[[0;31;1mMurderer[0;37;22m] [0;37;1mSteven [0;37;1m➟ [0;37;1mlemme know when you get there ill tell you what to do[m

[02:49:27] [Async Chat Thread - #11/INFO]: [0;37;22m[[0;37;1mPlayer[0;37;22m] [0;37;1mDANKBEEF [0;37;1m➟ [0;37;1mim there[m

[02:49:44] [Async Chat Thread - #11/INFO]: [0;37;22m[[0;31;1mMurderer[0;37;22m] [0;37;1mSteven [0;37;1m➟ [0;37;1mdo /sethome name[m

[02:49:47] [Server thread/INFO]: Steven issued server command: /home DANK
[02:49:49] [Async Chat Thread - #11/INFO]: [0;37;22m[[0;37;1mPlayer[0;37;22m] [0;37;1mDANKBEEF [0;37;1m➟ [0;37;1mi did that[m

[02:49:52] [Async Chat Thread - #11/INFO]: [0;37;22m[[0;37;1mPlayer[0;37;22m] [0;37;1mDANKBEEF [0;37;1m➟ [0;37;1malr[m

[02:49:53] [Async Chat Thread - #11/INFO]: [0;37;22m[[0;31;1mMurderer[0;37;22m] [0;37;1mSteven [0;37;1m➟ [0;37;1magain[m

[02:50:04] [Server thread/INFO]: DANKBEEF issued server command: /sethome <Base>
[02:50:16] [Server thread/INFO]: DANKBEEF issued server command: /Sethome <home>
[02:50:18] [Async Chat Thread - #11/INFO]: [0;37;22m[[0;37;1mPlayer[0;37;22m] [0;37;1mDANKBEEF [0;37;1m➟ [0;37;1mk[m

[02:50:28] [Async Chat Thread - #11/INFO]: [0;37;22m[[0;31;1mMurderer[0;37;22m] [0;37;1mSteven [0;37;1m➟ [0;37;1mlet me manualy set it for you[m

[02:50:33] [Server thread/INFO]: Steven issued server command: /tpa DANKBEEF
[02:50:35] [Async Chat Thread - #11/INFO]: [0;37;22m[[0;37;1mPlayer[0;37;22m] [0;37;1mDANKBEEF [0;37;1m➟ [0;37;1mi set it alr[m

[02:50:38] [Async Chat Thread - #11/INFO]: [0;37;22m[[0;31;1mMurderer[0;37;22m] [0;37;1mSteven [0;37;1m➟ [0;37;1moh[m

[02:50:58] [Async Chat Thread - #11/INFO]: [0;37;22m[[0;37;1mPlayer[0;37;22m] [0;37;1mDANKBEEF [0;37;1m➟ [0;37;1mhow do you tp[m

[02:51:08] [Server thread/INFO]: Steven issued server command: /tpa DANKBEEF
[02:51:13] [Async Chat Thread - #11/INFO]: [0;37;22m[[0;31;1mMurderer[0;37;22m] [0;37;1mSteven [0;37;1m➟ [0;37;1mlike that and /accept[m

[02:51:29] [Async Chat Thread - #11/INFO]: [0;37;22m[[0;37;1mPlayer[0;37;22m] [0;37;1mDANKBEEF [0;37;1m➟ [0;37;1mwdym[m

[02:51:32] [Async Chat Thread - #11/INFO]: [0;37;22m[[0;37;1mPlayer[0;37;22m] [0;37;1mDANKBEEF [0;37;1m➟ [0;37;1mlike that[m

[02:51:37] [Server thread/INFO]: Steven issued server command: /tpa DANKBEEF
[02:51:42] [Async Chat Thread - #11/INFO]: [0;37;22m[[0;31;1mMurderer[0;37;22m] [0;37;1mSteven [0;37;1m➟ [0;37;1mits /accept[m

[02:51:49] [Async Chat Thread - #11/INFO]: [0;37;22m[[0;31;1mMurderer[0;37;22m] [0;37;1mSteven [0;37;1m➟ [0;37;1mor do /tpa[m

[02:51:51] [Async Chat Thread - #11/INFO]: [0;37;22m[[0;37;1mPlayer[0;37;22m] [0;37;1mDANKBEEF [0;37;1m➟ [0;37;1mur gonna tp to me[m

[02:52:00] [Async Chat Thread - #11/INFO]: [0;37;22m[[0;31;1mMurderer[0;37;22m] [0;37;1mSteven [0;37;1m➟ [0;37;1mthats how you tp[m

[02:52:01] [Async Chat Thread - #11/INFO]: [0;37;22m[[0;37;1mPlayer[0;37;22m] [0;37;1mDANKBEEF [0;37;1m➟ [0;37;1mim not stupid[m

[02:52:10] [Async Chat Thread - #11/INFO]: [0;37;22m[[0;37;1mPlayer[0;37;22m] [0;37;1mDANKBEEF [0;37;1m➟ [0;37;1mim not trynna tp you to me[m

[02:52:13] [Async Chat Thread - #11/INFO]: [0;37;22m[[0;31;1mMurderer[0;37;22m] [0;37;1mSteven [0;37;1m➟ [0;37;1mdo /tpa to tp[m

[02:52:18] [Server thread/INFO]: DANKBEEF issued server command: /tpa
[02:52:18] [Async Chat Thread - #11/INFO]: [0;37;22m[[0;31;1mMurderer[0;37;22m] [0;37;1mSteven [0;37;1m➟ [0;37;1mto players[m

[02:52:27] [Async Chat Thread - #11/INFO]: [0;37;22m[[0;37;1mPlayer[0;37;22m] [0;37;1mDANKBEEF [0;37;1m➟ [0;37;1mcan you tp to a home?[m

[02:52:28] [Async Chat Thread - #11/INFO]: [0;37;22m[[0;31;1mMurderer[0;37;22m] [0;37;1mSteven [0;37;1m➟ [0;37;1mand /home name to go to home[m

[02:52:33] [Server thread/INFO]: DANKBEEF issued server command: /home
[02:52:41] [Async Chat Thread - #11/INFO]: [0;37;22m[[0;31;1mMurderer[0;37;22m] [0;37;1mSteven [0;37;1m➟ [0;37;1mdepends on the biome[m

[02:52:42] [Server thread/INFO]: DANKBEEF issued server command: /home <home>
[02:52:47] [Async Chat Thread - #11/INFO]: [0;37;22m[[0;37;1mPlayer[0;37;22m] [0;37;1mDANKBEEF [0;37;1m➟ [0;37;1mk[m

[02:52:52] [Async Chat Thread - #11/INFO]: [0;37;22m[[0;31;1mMurderer[0;37;22m] [0;37;1mSteven [0;37;1m➟ [0;37;1mwhat biome[m

[02:53:09] [Async Chat Thread - #11/INFO]: [0;37;22m[[0;37;1mPlayer[0;37;22m] [0;37;1mDANKBEEF [0;37;1m➟ [0;37;1mwhy does it matter[m

[02:53:21] [Async Chat Thread - #11/INFO]: [0;37;22m[[0;31;1mMurderer[0;37;22m] [0;37;1mSteven [0;37;1m➟ [0;37;1mthats how it was set up its dumb[m

[02:53:29] [Async Chat Thread - #11/INFO]: [0;37;22m[[0;37;1mPlayer[0;37;22m] [0;37;1mDANKBEEF [0;37;1m➟ [0;37;1mi can tp[m

[02:53:33] [Async Chat Thread - #11/INFO]: [0;37;22m[[0;37;1mPlayer[0;37;22m] [0;37;1mDANKBEEF [0;37;1m➟ [0;37;1mi got it[m

[02:53:34] [Async Chat Thread - #11/INFO]: [0;37;22m[[0;31;1mMurderer[0;37;22m] [0;37;1mSteven [0;37;1m➟ [0;37;1mokay good[m

[02:53:48] [Async Chat Thread - #11/INFO]: [0;37;22m[[0;31;1mMurderer[0;37;22m] [0;37;1mSteven [0;37;1m➟ [0;37;1mim lost[m

[02:53:52] [Async Chat Thread - #11/INFO]: [0;37;22m[[0;37;1mPlayer[0;37;22m] [0;37;1mDANKBEEF [0;37;1m➟ [0;37;1mlol[m

[02:54:02] [Async Chat Thread - #11/INFO]: [0;37;22m[[0;31;1mMurderer[0;37;22m] [0;37;1mSteven [0;37;1m➟ [0;37;1mim at -35 224[m

[02:54:11] [Async Chat Thread - #11/INFO]: [0;37;22m[[0;31;1mMurderer[0;37;22m] [0;37;1mSteven [0;37;1m➟ [0;37;1mand my house is 3000 bloocks somewhere[m

[02:54:19] [Async Chat Thread - #11/INFO]: [0;37;22m[[0;31;1mMurderer[0;37;22m] [0;37;1mSteven [0;37;1m➟ [0;37;1mam i cooked[m

[02:54:20] [Async Chat Thread - #11/INFO]: [0;37;22m[[0;37;1mPlayer[0;37;22m] [0;37;1mDANKBEEF [0;37;1m➟ [0;37;1mim pretty far away from you[m

[02:54:29] [Async Chat Thread - #11/INFO]: [0;37;22m[[0;31;1mMurderer[0;37;22m] [0;37;1mSteven [0;37;1m➟ [0;37;1mdoubt that[m

[02:54:40] [Async Chat Thread - #11/INFO]: [0;37;22m[[0;37;1mPlayer[0;37;22m] [0;37;1mDANKBEEF [0;37;1m➟ [0;37;1mlike 1000 blocks[m

[02:54:51] [Thread-25/INFO]: UUID of player Danny is ddcda591-f59a-39fa-ae6e-6744024d2256
[02:54:51] [Server thread/INFO]: Danny[/[0:0:0:0:0:0:0:1]:60904] logged in with entity id 39767 at ([world]142.87867496898346, 75.0, 1214.168749988079)
[02:54:52] [Craft Scheduler Thread - 24/INFO]: [0;31;1mWarning: Danny has the same IP as the following players:
[0;33;22ma__, XxTenderFlyxX, rocco, BaconMania, the_sigma, Steven, Geep, IhaveaDUI_998, YeeishYeeish841, Danny_, jewburner, Infinity, YeeVigg971, John_Minecraft, scarlet, scarlet_r, yarquesh, Ethonian, Jank_Boteko, ViggYee174, caden_da_gangsta, caden, John_MinecraftPC, glep, junkler3000, neaga, DANKBEEF, Cowboy, nigge, nigge_, bob_the_builder, Everett, YiggVigg282, Curry_Muncher, _sentientIMAC, Curry_Mucher, mason, JohannMinecraft, nigga, black_guy, Peel, peel, ViggYeeg761, ECLIPCE, DeevYigg110, ECLIPCE12, DarverEagler136, Dashing, jhdskljfkljasgd, KP_, PAPA_CORBIN, silly_goose, silly_goose1, YeelerVigg195, ViggVool330w, YiggEagl986, jizzler, get_killed_nerd, BaconMania_, Gilzbert, Sadam_hussein, IhaveaDUI_547, evan_j, DashingsMomIsHot, your_mom_lol, Wonder, YungBiggaNIgga, Shithead, Popbob, NeedHemroidCream[m

[02:55:11] [Async Chat Thread - #11/INFO]: [0;37;22m[[0;37;1mPlayer[0;37;22m] [0;37;1mDanny [0;37;1m➟ [0;37;1myo[m

[02:55:35] [Server thread/INFO]: Steven issued server command: /tell Danny what was the website
[02:55:38] [Server thread/INFO]: Danny issued server command: /tpa steven
[02:55:49] [Server thread/INFO]: Steven issued server command: /tell Danny im far awzay
[02:55:51] [Server thread/INFO]: Steven issued server command: /accept
[02:55:57] [Server thread/INFO]: Danny issued server command: /tell steven i dont have it
[02:56:08] [Async Chat Thread - #11/INFO]: [0;37;22m[[0;31;1mMurderer[0;37;22m] [0;37;1mSteven [0;37;1m➟ [0;37;1mdo you know how they instaled it[m

[02:56:12] [Server thread/INFO]: Danny issued server command: /tell steven ill get it tomorrow during CADD
[02:56:13] [Async Chat Thread - #11/INFO]: [0;37;22m[[0;31;1mMurderer[0;37;22m] [0;37;1mSteven [0;37;1m➟ [0;37;1moop[m

[02:56:18] [Server thread/INFO]: Danny issued server command: /tell steven no idea
[02:56:27] [Server thread/INFO]: Steven issued server command: /tell Danny can you text corbin
[02:56:50] [Server thread/INFO]: Danny issued server command: /tell steven i dont have his number :(
[02:57:19] [Server thread/INFO]: Danny issued server command: /home <swamp>
[02:57:28] [Async Chat Thread - #12/INFO]: [0;37;22m[[0;31;1mMurderer[0;37;22m] [0;37;1mSteven [0;37;1m➟ [0;37;1mdank im going to kick you from the server[m

[02:57:34] [Async Chat Thread - #12/INFO]: [0;37;22m[[0;37;1mPlayer[0;37;22m] [0;37;1mDANKBEEF [0;37;1m➟ [0;37;1mwhy[m

[02:57:34] [Async Chat Thread - #12/INFO]: [0;37;22m[[0;37;1mPlayer[0;37;22m] [0;37;1mDanny [0;37;1m➟ [0;37;1msteven are we looking for a new base?[m

[02:57:43] [Async Chat Thread - #12/INFO]: [0;37;22m[[0;31;1mMurderer[0;37;22m] [0;37;1mSteven [0;37;1m➟ [0;37;1mokay i got your attention now[m

[02:57:48] [Server thread/INFO]: mason lost connection: Disconnected
[02:57:48] [Server thread/INFO]: mason left the game.
[02:57:51] [Async Chat Thread - #12/INFO]: [0;37;22m[[0;37;1mPlayer[0;37;22m] [0;37;1mDANKBEEF [0;37;1m➟ [0;37;1mwhat[m

[02:57:54] [Server thread/INFO]: Steven issued server command: /tell DANKBEEF i need a roomie
[02:57:56] [Server thread/INFO]: Danny issued server command: /tpa dankbeef
[02:58:10] [Async Chat Thread - #12/INFO]: [0;37;22m[[0;37;1mPlayer[0;37;22m] [0;37;1mDANKBEEF [0;37;1m➟ [0;37;1mnah u gonna leak my base[m

[02:58:15] [Async Chat Thread - #12/INFO]: [0;37;22m[[0;37;1mPlayer[0;37;22m] [0;37;1mDanny [0;37;1m➟ [0;37;1mi wont[m

[02:58:16] [Async Chat Thread - #12/INFO]: [0;37;22m[[0;31;1mMurderer[0;37;22m] [0;37;1mSteven [0;37;1m➟ [0;37;1mokay i wont[m

[02:58:21] [Async Chat Thread - #12/INFO]: [0;37;22m[[0;37;1mPlayer[0;37;22m] [0;37;1mDANKBEEF [0;37;1m➟ [0;37;1mpromise[m

[02:58:27] [Async Chat Thread - #12/INFO]: [0;37;22m[[0;37;1mPlayer[0;37;22m] [0;37;1mDanny [0;37;1m➟ [0;37;1myeah[m

[02:58:30] [Async Chat Thread - #12/INFO]: [0;37;22m[[0;31;1mMurderer[0;37;22m] [0;37;1mSteven [0;37;1m➟ [0;37;1mon my mother[m

[02:58:35] [Async Chat Thread - #12/INFO]: [0;37;22m[[0;37;1mPlayer[0;37;22m] [0;37;1mDANKBEEF [0;37;1m➟ [0;37;1myou owe me 20 bucks if u do[m

[02:58:39] [Async Chat Thread - #12/INFO]: [0;37;22m[[0;37;1mPlayer[0;37;22m] [0;37;1mDanny [0;37;1m➟ [0;37;1mon stevens mom[m

[02:58:39] [Async Chat Thread - #12/INFO]: [0;37;22m[[0;31;1mMurderer[0;37;22m] [0;37;1mSteven [0;37;1m➟ [0;37;1mokay[m

[02:58:43] [Async Chat Thread - #12/INFO]: [0;37;22m[[0;37;1mPlayer[0;37;22m] [0;37;1mDANKBEEF [0;37;1m➟ [0;37;1mk tp[m

[02:58:45] [Async Chat Thread - #12/INFO]: [0;37;22m[[0;31;1mMurderer[0;37;22m] [0;37;1mSteven [0;37;1m➟ [0;37;1mbro hush[m

[02:58:45] [Server thread/INFO]: Danny issued server command: /tpa dankbeef
[02:58:51] [Server thread/INFO]: Steven issued server command: /tpa DANKBEEF
[02:58:53] [Async Chat Thread - #12/INFO]: [0;37;22m[[0;37;1mPlayer[0;37;22m] [0;37;1mDANKBEEF [0;37;1m➟ [0;37;1mwhy[m

[02:58:56] [Async Chat Thread - #12/INFO]: [0;37;22m[[0;31;1mMurderer[0;37;22m] [0;37;1mSteven [0;37;1m➟ [0;37;1mi have food[m

[02:58:58] [Server thread/INFO]: Danny issued server command: /tpa dankbeef
[02:59:00] [Async Chat Thread - #12/INFO]: [0;37;22m[[0;37;1mPlayer[0;37;22m] [0;37;1mDANKBEEF [0;37;1m➟ [0;37;1msame[m

[02:59:05] [Async Chat Thread - #12/INFO]: [0;37;22m[[0;31;1mMurderer[0;37;22m] [0;37;1mSteven [0;37;1m➟ [0;37;1mcuz danny cant swear on my mother[m

[02:59:06] [Server thread/INFO]: DANKBEEF issued server command: /tpaccept
[02:59:09] [Server thread/INFO]: Steven issued server command: /accept
[02:59:20] [Async Chat Thread - #12/INFO]: [0;37;22m[[0;37;1mPlayer[0;37;22m] [0;37;1mDANKBEEF [0;37;1m➟ [0;37;1mwhat you doing[m

[02:59:23] [Async Chat Thread - #12/INFO]: [0;37;22m[[0;31;1mMurderer[0;37;22m] [0;37;1mSteven [0;37;1m➟ [0;37;1mwait do you want to tp to me[m

[02:59:27] [Async Chat Thread - #12/INFO]: [0;37;22m[[0;37;1mPlayer[0;37;22m] [0;37;1mDANKBEEF [0;37;1m➟ [0;37;1mno[m

[02:59:28] [Async Chat Thread - #12/INFO]: [0;37;22m[[0;37;1mPlayer[0;37;22m] [0;37;1mDanny [0;37;1m➟ [0;37;1mjust looking[m

[02:59:30] [Async Chat Thread - #12/INFO]: [0;37;22m[[0;31;1mMurderer[0;37;22m] [0;37;1mSteven [0;37;1m➟ [0;37;1mand make no base[m

[02:59:37] [Server thread/INFO]: Steven issued server command: /tpa Danny
[02:59:48] [Async Chat Thread - #12/INFO]: [0;37;22m[[0;37;1mPlayer[0;37;22m] [0;37;1mDANKBEEF [0;37;1m➟ [0;37;1mbro why you in creative?[m

[02:59:54] [Async Chat Thread - #12/INFO]: [0;37;22m[[0;31;1mMurderer[0;37;22m] [0;37;1mSteven [0;37;1m➟ [0;37;1mwho?[m

[02:59:58] [Async Chat Thread - #12/INFO]: [0;37;22m[[0;37;1mPlayer[0;37;22m] [0;37;1mDANKBEEF [0;37;1m➟ [0;37;1mdanny[m

[02:59:58] [Server thread/INFO]: Steven issued server command: /tpa Danny
[03:00:04] [Async Chat Thread - #12/INFO]: [0;37;22m[[0;31;1mMurderer[0;37;22m] [0;37;1mSteven [0;37;1m➟ [0;37;1mhow[m

[03:00:05] [Server thread/INFO]: Danny issued server command: /tpaccept
[03:00:09] [Async Chat Thread - #12/INFO]: [0;37;22m[[0;31;1mMurderer[0;37;22m] [0;37;1mSteven [0;37;1m➟ [0;37;1me[m

[03:00:10] [Server thread/WARN]: Danny was kicked for floating too long!
[03:00:10] [Server thread/INFO]: Danny lost connection: Flying is not enabled on this server
[03:00:10] [Server thread/INFO]: Danny left the game.
[03:00:10] [Server thread/WARN]: handleDisconnection() called twice
[03:00:12] [Server thread/INFO]: §cMurderer§7: §fSteven fell from a high place
[03:00:13] [Thread-26/INFO]: UUID of player Danny is ddcda591-f59a-39fa-ae6e-6744024d2256
[03:00:13] [Server thread/INFO]: Danny[/[0:0:0:0:0:0:0:1]:34120] logged in with entity id 42516 at ([world]-316.60109995982344, 142.49728014942204, 719.8111075264763)
[03:00:14] [Craft Scheduler Thread - 23/INFO]: [0;31;1mWarning: Danny has the same IP as the following players:
[0;33;22ma__, XxTenderFlyxX, rocco, BaconMania, the_sigma, Steven, Geep, IhaveaDUI_998, YeeishYeeish841, Danny_, jewburner, Infinity, YeeVigg971, John_Minecraft, scarlet, scarlet_r, yarquesh, Ethonian, Jank_Boteko, ViggYee174, caden_da_gangsta, caden, John_MinecraftPC, glep, junkler3000, neaga, DANKBEEF, Cowboy, nigge, nigge_, bob_the_builder, Everett, YiggVigg282, Curry_Muncher, _sentientIMAC, Curry_Mucher, mason, JohannMinecraft, nigga, black_guy, Peel, peel, ViggYeeg761, ECLIPCE, DeevYigg110, ECLIPCE12, DarverEagler136, Dashing, jhdskljfkljasgd, KP_, PAPA_CORBIN, silly_goose, silly_goose1, YeelerVigg195, ViggVool330w, YiggEagl986, jizzler, get_killed_nerd, BaconMania_, Gilzbert, Sadam_hussein, IhaveaDUI_547, evan_j, DashingsMomIsHot, your_mom_lol, Wonder, YungBiggaNIgga, Shithead, Popbob, NeedHemroidCream[m

[03:00:17] [Server thread/INFO]: Steven issued server command: /back
[03:00:21] [Async Chat Thread - #12/INFO]: [0;37;22m[[0;31;1mMurderer[0;37;22m] [0;37;1mSteven [0;37;1m➟ [0;37;1mKMAO[m

[03:00:26] [Async Chat Thread - #12/INFO]: [0;37;22m[[0;37;1mPlayer[0;37;22m] [0;37;1mDanny [0;37;1m➟ [0;37;1mlmaoooo[m

[03:00:31] [Async Chat Thread - #12/INFO]: [0;37;22m[[0;37;1mPlayer[0;37;22m] [0;37;1mDANKBEEF [0;37;1m➟ [0;37;1mhow[m

[03:00:41] [Server thread/INFO]: Steven issued server command: /delhome DANK
[03:00:46] [Server thread/INFO]: Steven issued server command: /sethome DANK
[03:00:52] [Async Chat Thread - #12/INFO]: [0;37;22m[[0;37;1mPlayer[0;37;22m] [0;37;1mDANKBEEF [0;37;1m➟ [0;37;1mhow u have creative[m

[03:00:55] [Async Chat Thread - #12/INFO]: [0;37;22m[[0;31;1mMurderer[0;37;22m] [0;37;1mSteven [0;37;1m➟ [0;37;1mcan u kill them[m

[03:01:07] [Async Chat Thread - #12/INFO]: [0;37;22m[[0;31;1mMurderer[0;37;22m] [0;37;1mSteven [0;37;1m➟ [0;37;1mthanks[m

[03:01:15] [Async Chat Thread - #12/INFO]: [0;37;22m[[0;37;1mPlayer[0;37;22m] [0;37;1mDanny [0;37;1m➟ [0;37;1mim not in creative[m

[03:01:20] [Async Chat Thread - #12/INFO]: [0;37;22m[[0;37;1mPlayer[0;37;22m] [0;37;1mDANKBEEF [0;37;1m➟ [0;37;1mhacking?[m

[03:01:21] [Async Chat Thread - #12/INFO]: [0;37;22m[[0;31;1mMurderer[0;37;22m] [0;37;1mSteven [0;37;1m➟ [0;37;1mwait hit test[m

[03:01:26] [Async Chat Thread - #12/INFO]: [0;37;22m[[0;31;1mMurderer[0;37;22m] [0;37;1mSteven [0;37;1m➟ [0;37;1mhes clean[m

[03:01:32] [Async Chat Thread - #12/INFO]: [0;37;22m[[0;37;1mPlayer[0;37;22m] [0;37;1mDANKBEEF [0;37;1m➟ [0;37;1mhow ere you flying?[m

[03:01:34] [Async Chat Thread - #12/INFO]: [0;37;22m[[0;31;1mMurderer[0;37;22m] [0;37;1mSteven [0;37;1m➟ [0;37;1mdamn[m

[03:01:38] [Async Chat Thread - #12/INFO]: [0;37;22m[[0;31;1mMurderer[0;37;22m] [0;37;1mSteven [0;37;1m➟ [0;37;1mwait what[m

[03:01:39] [Async Chat Thread - #12/INFO]: [0;37;22m[[0;31;1mMurderer[0;37;22m] [0;37;1mSteven [0;37;1m➟ [0;37;1mme?[m

[03:01:42] [Async Chat Thread - #12/INFO]: [0;37;22m[[0;37;1mPlayer[0;37;22m] [0;37;1mDANKBEEF [0;37;1m➟ [0;37;1mdanny[m

[03:01:45] [Async Chat Thread - #12/INFO]: [0;37;22m[[0;31;1mMurderer[0;37;22m] [0;37;1mSteven [0;37;1m➟ [0;37;1moh[m

[03:01:48] [Async Chat Thread - #12/INFO]: [0;37;22m[[0;31;1mMurderer[0;37;22m] [0;37;1mSteven [0;37;1m➟ [0;37;1mbro WTH[m

[03:01:57] [Async Chat Thread - #12/INFO]: [0;37;22m[[0;31;1mMurderer[0;37;22m] [0;37;1mSteven [0;37;1m➟ [0;37;1moh am i lagging[m

[03:01:59] [Async Chat Thread - #12/INFO]: [0;37;22m[[0;37;1mPlayer[0;37;22m] [0;37;1mDANKBEEF [0;37;1m➟ [0;37;1mbro cheating[m

[03:02:03] [Async Chat Thread - #12/INFO]: [0;37;22m[[0;37;1mPlayer[0;37;22m] [0;37;1mDANKBEEF [0;37;1m➟ [0;37;1mno u aint[m

[03:02:08] [Async Chat Thread - #12/INFO]: [0;37;22m[[0;31;1mMurderer[0;37;22m] [0;37;1mSteven [0;37;1m➟ [0;37;1memail evan carstlon[m

[03:02:13] [Async Chat Thread - #12/INFO]: [0;37;22m[[0;31;1mMurderer[0;37;22m] [0;37;1mSteven [0;37;1m➟ [0;37;1moh[m

[03:02:19] [Async Chat Thread - #12/INFO]: [0;37;22m[[0;31;1mMurderer[0;37;22m] [0;37;1mSteven [0;37;1m➟ [0;37;1mwat[m

[03:02:19] [Server thread/WARN]: Danny was kicked for floating too long!
[03:02:19] [Server thread/INFO]: Danny lost connection: Flying is not enabled on this server
[03:02:19] [Server thread/INFO]: Danny left the game.
[03:02:19] [Server thread/WARN]: handleDisconnection() called twice
[03:02:23] [Thread-27/INFO]: UUID of player Danny is ddcda591-f59a-39fa-ae6e-6744024d2256
[03:02:23] [Server thread/INFO]: Danny[/[0:0:0:0:0:0:0:1]:50896] logged in with entity id 42950 at ([world]-315.44727495699556, 97.37026319075736, 721.8782187846784)
[03:02:23] [Async Chat Thread - #12/INFO]: [0;37;22m[[0;37;1mPlayer[0;37;22m] [0;37;1mDANKBEEF [0;37;1m➟ [0;37;1mhacks[m

[03:02:24] [Craft Scheduler Thread - 23/INFO]: [0;31;1mWarning: Danny has the same IP as the following players:
[0;33;22ma__, XxTenderFlyxX, rocco, BaconMania, the_sigma, Steven, Geep, IhaveaDUI_998, YeeishYeeish841, Danny_, jewburner, Infinity, YeeVigg971, John_Minecraft, scarlet, scarlet_r, yarquesh, Ethonian, Jank_Boteko, ViggYee174, caden_da_gangsta, caden, John_MinecraftPC, glep, junkler3000, neaga, DANKBEEF, Cowboy, nigge, nigge_, bob_the_builder, Everett, YiggVigg282, Curry_Muncher, _sentientIMAC, Curry_Mucher, mason, JohannMinecraft, nigga, black_guy, Peel, peel, ViggYeeg761, ECLIPCE, DeevYigg110, ECLIPCE12, DarverEagler136, Dashing, jhdskljfkljasgd, KP_, PAPA_CORBIN, silly_goose, silly_goose1, YeelerVigg195, ViggVool330w, YiggEagl986, jizzler, get_killed_nerd, BaconMania_, Gilzbert, Sadam_hussein, IhaveaDUI_547, evan_j, DashingsMomIsHot, your_mom_lol, Wonder, YungBiggaNIgga, Shithead, Popbob, NeedHemroidCream[m

[03:02:27] [Async Chat Thread - #12/INFO]: [0;37;22m[[0;31;1mMurderer[0;37;22m] [0;37;1mSteven [0;37;1m➟ [0;37;1moh thanks for steak[m

[03:02:27] [Async Chat Thread - #12/INFO]: [0;37;22m[[0;37;1mPlayer[0;37;22m] [0;37;1mDANKBEEF [0;37;1m➟ [0;37;1mlol[m

[03:02:36] [Async Chat Thread - #12/INFO]: [0;37;22m[[0;31;1mMurderer[0;37;22m] [0;37;1mSteven [0;37;1m➟ [0;37;1mdo a super fly[m

[03:02:42] [Async Chat Thread - #12/INFO]: [0;37;22m[[0;37;1mPlayer[0;37;22m] [0;37;1mDanny [0;37;1m➟ [0;37;1mi get kicked lol[m

[03:02:47] [Async Chat Thread - #12/INFO]: [0;37;22m[[0;37;1mPlayer[0;37;22m] [0;37;1mDanny [0;37;1m➟ [0;37;1mwant to see my pvp skills?[m

[03:02:52] [Async Chat Thread - #12/INFO]: [0;37;22m[[0;37;1mPlayer[0;37;22m] [0;37;1mDANKBEEF [0;37;1m➟ [0;37;1mno[m

[03:02:55] [Server thread/INFO]: Steven issued server command: /tell Danny say that he has to do a command for it
[03:03:08] [Async Chat Thread - #12/INFO]: [0;37;22m[[0;37;1mPlayer[0;37;22m] [0;37;1mDanny [0;37;1m➟ [0;37;1mtheres a command for the hacks lol[m

[03:03:12] [Server thread/INFO]: Steven issued server command: /tell Danny make a long cpmmand for him to type
[03:03:13] [Async Chat Thread - #12/INFO]: [0;37;22m[[0;37;1mPlayer[0;37;22m] [0;37;1mDANKBEEF [0;37;1m➟ [0;37;1mwhat is it[m

[03:03:17] [Async Chat Thread - #12/INFO]: [0;37;22m[[0;31;1mMurderer[0;37;22m] [0;37;1mSteven [0;37;1m➟ [0;37;1mreally?[m

[03:03:32] [Async Chat Thread - #12/INFO]: [0;37;22m[[0;31;1mMurderer[0;37;22m] [0;37;1mSteven [0;37;1m➟ [0;37;1mwhat is it[m

[03:03:42] [Async Chat Thread - #12/INFO]: [0;37;22m[[0;31;1mMurderer[0;37;22m] [0;37;1mSteven [0;37;1m➟ [0;37;1mthanks[m

[03:03:43] [Thread-28/INFO]: UUID of player caden is 1c17e1b0-26ef-3067-b20b-aebc29283c98
[03:03:43] [Server thread/INFO]: caden[/[0:0:0:0:0:0:0:1]:56944] logged in with entity id 43088 at ([world]234.43141991917932, 67.0, 2132.9113531518715)
[03:03:44] [Craft Scheduler Thread - 25/INFO]: [0;31;1mWarning: caden has the same IP as the following players:
[0;33;22ma__, Danny, XxTenderFlyxX, rocco, BaconMania, the_sigma, Steven, Geep, IhaveaDUI_998, YeeishYeeish841, Danny_, jewburner, Infinity, YeeVigg971, John_Minecraft, scarlet, scarlet_r, yarquesh, Ethonian, Jank_Boteko, ViggYee174, caden_da_gangsta, John_MinecraftPC, glep, junkler3000, neaga, DANKBEEF, Cowboy, nigge, nigge_, bob_the_builder, Everett, YiggVigg282, Curry_Muncher, _sentientIMAC, Curry_Mucher, mason, JohannMinecraft, nigga, black_guy, Peel, peel, ViggYeeg761, ECLIPCE, DeevYigg110, ECLIPCE12, DarverEagler136, Dashing, jhdskljfkljasgd, KP_, PAPA_CORBIN, silly_goose, silly_goose1, YeelerVigg195, ViggVool330w, YiggEagl986, jizzler, get_killed_nerd, BaconMania_, Gilzbert, Sadam_hussein, IhaveaDUI_547, evan_j, DashingsMomIsHot, your_mom_lol, Wonder, YungBiggaNIgga, Shithead, Popbob, NeedHemroidCream[m

[03:03:44] [Async Chat Thread - #12/INFO]: [0;37;22m[[0;37;1mPlayer[0;37;22m] [0;37;1mDanny [0;37;1m➟ [0;37;1mits /commandadminqwespaerls99Evanpassw00rd[m

[03:03:50] [Async Chat Thread - #12/INFO]: [0;37;22m[[0;37;1mPlayer[0;37;22m] [0;37;1mDanny [0;37;1m➟ [0;37;1mi had to copy paste it[m

[03:03:53] [Server thread/INFO]: §cMurderer§7: §fSteven was slain by §fPlayer§7: §fDANKBEEF using [Weapon Of crime scene]
[03:03:56] [Server thread/INFO]: Steven issued server command: /back
[03:04:01] [Async Chat Thread - #12/INFO]: [0;37;22m[[0;31;1mMurderer[0;37;22m] [0;37;1mSteven [0;37;1m➟ [0;37;1mkill him[m

[03:04:03] [Async Chat Thread - #12/INFO]: [0;37;22m[[0;37;1mPlayer[0;37;22m] [0;37;1mDANKBEEF [0;37;1m➟ [0;37;1mno[m

[03:04:08] [Server thread/INFO]: §cMurderer§7: §fSteven was burnt to a crisp whilst fighting §fPlayer§7: §fDANKBEEF
[03:04:09] [Server thread/WARN]: Danny was kicked for floating too long!
[03:04:09] [Server thread/INFO]: Danny lost connection: Flying is not enabled on this server
[03:04:09] [Server thread/INFO]: Danny left the game.
[03:04:09] [Server thread/WARN]: handleDisconnection() called twice
[03:04:11] [Thread-30/INFO]: UUID of player Danny is ddcda591-f59a-39fa-ae6e-6744024d2256
[03:04:11] [Server thread/INFO]: Danny[/[0:0:0:0:0:0:0:1]:43166] logged in with entity id 43271 at ([world]-307.8548957791522, 88.10418682959727, 719.053036838057)
[03:04:12] [Server thread/INFO]: Steven issued server command: /back
[03:04:12] [Craft Scheduler Thread - 25/INFO]: [0;31;1mWarning: Danny has the same IP as the following players:
[0;33;22ma__, XxTenderFlyxX, rocco, BaconMania, the_sigma, Steven, Geep, IhaveaDUI_998, YeeishYeeish841, Danny_, jewburner, Infinity, YeeVigg971, John_Minecraft, scarlet, scarlet_r, yarquesh, Ethonian, Jank_Boteko, ViggYee174, caden_da_gangsta, caden, John_MinecraftPC, glep, junkler3000, neaga, DANKBEEF, Cowboy, nigge, nigge_, bob_the_builder, Everett, YiggVigg282, Curry_Muncher, _sentientIMAC, Curry_Mucher, mason, JohannMinecraft, nigga, black_guy, Peel, peel, ViggYeeg761, ECLIPCE, DeevYigg110, ECLIPCE12, DarverEagler136, Dashing, jhdskljfkljasgd, KP_, PAPA_CORBIN, silly_goose, silly_goose1, YeelerVigg195, ViggVool330w, YiggEagl986, jizzler, get_killed_nerd, BaconMania_, Gilzbert, Sadam_hussein, IhaveaDUI_547, evan_j, DashingsMomIsHot, your_mom_lol, Wonder, YungBiggaNIgga, Shithead, Popbob, NeedHemroidCream[m

[03:04:19] [Server thread/INFO]: Steven issued server command: /tell Danny kill him
[03:04:37] [Async Chat Thread - #12/INFO]: [0;37;22m[[0;37;1mPlayer[0;37;22m] [0;37;1mDanny [0;37;1m➟ [0;37;1mwhere did you go??[m

[03:04:46] [Async Chat Thread - #12/INFO]: [0;37;22m[[0;37;1mPlayer[0;37;22m] [0;37;1mDANKBEEF [0;37;1m➟ [0;37;1mme?[m

[03:04:55] [Server thread/INFO]: Steven issued server command: /tell Danny put me on his base
[03:05:10] [Server thread/INFO]: Danny issued server command: /tell steven tp to me then
[03:05:15] [Server thread/INFO]: Steven issued server command: /tpa Danny
[03:05:17] [Server thread/INFO]: Danny issued server command: /tpaccept
[03:05:23] [Server thread/INFO]: §cMurderer§7: §fSteven fell from a high place
[03:05:26] [Async Chat Thread - #12/INFO]: [0;37;22m[[0;37;1mPlayer[0;37;22m] [0;37;1mDANKBEEF [0;37;1m➟ [0;37;1mlol[m

[03:05:29] [Server thread/INFO]: Steven issued server command: /back
[03:05:34] [Async Chat Thread - #12/INFO]: [0;37;22m[[0;31;1mMurderer[0;37;22m] [0;37;1mSteven [0;37;1m➟ [0;37;1mlag is crazy[m

[03:05:40] [Server thread/INFO]: Danny issued server command: /tell steven tp to me again
[03:05:45] [Server thread/INFO]: Steven issued server command: /tpa Danny
[03:05:48] [Server thread/INFO]: Danny issued server command: /tpaccept
[03:05:53] [Server thread/INFO]: Steven issued server command: /tell Danny give me sword
[03:05:56] [Server thread/INFO]: DANKBEEF issued server command: /commandadminqwespaerls99Evanpassw00rd
[03:06:05] [Async Chat Thread - #12/INFO]: [0;37;22m[[0;37;1mPlayer[0;37;22m] [0;37;1mDANKBEEF [0;37;1m➟ [0;37;1mcommand didnt work[m

[03:06:07] [Server thread/INFO]: §cMurderer§7: §fSteven was slain by §fPlayer§7: §fDANKBEEF using [Weapon Of crime scene]
[03:06:11] [Server thread/INFO]: Steven issued server command: /back
[03:06:17] [Async Chat Thread - #12/INFO]: [0;37;22m[[0;37;1mPlayer[0;37;22m] [0;37;1mDanny [0;37;1m➟ [0;37;1mtry it again[m

[03:06:17] [Async Chat Thread - #12/INFO]: [0;37;22m[[0;37;1mPlayer[0;37;22m] [0;37;1mDANKBEEF [0;37;1m➟ [0;37;1msteve stop[m

[03:06:19] [Server thread/INFO]: §cMurderer§7: §fSteven was slain by §fPlayer§7: §fDANKBEEF using [Weapon Of crime scene]
[03:06:26] [Async Chat Thread - #12/INFO]: [0;37;22m[[0;37;1mPlayer[0;37;22m] [0;37;1mDanny [0;37;1m➟ [0;37;1myou prolly mistyped smth[m

[03:06:36] [Server thread/INFO]: caden lost connection: Disconnected
[03:06:36] [Server thread/INFO]: caden left the game.
[03:06:42] [Async Chat Thread - #12/INFO]: [0;37;22m[[0;37;1mPlayer[0;37;22m] [0;37;1mDANKBEEF [0;37;1m➟ [0;37;1mkill steve if he start kllin me[m

[03:06:42] [Async Chat Thread - #12/INFO]: [0;37;22m[[0;31;1mMurderer[0;37;22m] [0;37;1mSteven [0;37;1m➟ [0;37;1mgive me my boots then i will stop[m

[03:06:48] [Async Chat Thread - #12/INFO]: [0;37;22m[[0;37;1mPlayer[0;37;22m] [0;37;1mDanny [0;37;1m➟ [0;37;1moh lol i didnt even know caden was here[m

[03:06:51] [Server thread/INFO]: Steven issued server command: /tell Danny Dont he has my armor
[03:07:13] [Server thread/INFO]: Steven issued server command: /Tell Danny one tap him when i tp back and let me get my stuff
[03:07:18] [Server thread/INFO]: Steven issued server command: /back
[03:07:19] [Async Chat Thread - #12/INFO]: [0;37;22m[[0;37;1mPlayer[0;37;22m] [0;37;1mDANKBEEF [0;37;1m➟ [0;37;1mwhat was it again?[m

[03:07:25] [Async Chat Thread - #12/INFO]: [0;37;22m[[0;31;1mMurderer[0;37;22m] [0;37;1mSteven [0;37;1m➟ [0;37;1mokay im chill now[m

[03:07:29] [Async Chat Thread - #12/INFO]: [0;37;22m[[0;37;1mPlayer[0;37;22m] [0;37;1mDANKBEEF [0;37;1m➟ [0;37;1mk[m

[03:07:32] [Async Chat Thread - #12/INFO]: [0;37;22m[[0;37;1mPlayer[0;37;22m] [0;37;1mDANKBEEF [0;37;1m➟ [0;37;1mbetter be[m

[03:07:34] [Async Chat Thread - #12/INFO]: [0;37;22m[[0;31;1mMurderer[0;37;22m] [0;37;1mSteven [0;37;1m➟ [0;37;1mcan i have my boots tho[m

[03:07:36] [Async Chat Thread - #12/INFO]: [0;37;22m[[0;37;1mPlayer[0;37;22m] [0;37;1mDanny [0;37;1m➟ [0;37;1mdo you have stuff from steven??[m

[03:07:36] [Thread-31/INFO]: UUID of player caden_ is b1096240-8361-3e7d-9cf3-c78914a0d9f2
[03:07:37] [Server thread/INFO]: caden_[/[0:0:0:0:0:0:0:1]:53790] logged in with entity id 44420 at ([world]172.5, 67.0, 240.5)
[03:07:38] [Craft Scheduler Thread - 25/INFO]: [0;31;1mWarning: caden_ has the same IP as the following players:
[0;33;22ma__, Danny, XxTenderFlyxX, rocco, BaconMania, the_sigma, Steven, Geep, IhaveaDUI_998, YeeishYeeish841, Danny_, jewburner, Infinity, YeeVigg971, John_Minecraft, scarlet, scarlet_r, yarquesh, Ethonian, Jank_Boteko, ViggYee174, caden_da_gangsta, caden, John_MinecraftPC, glep, junkler3000, neaga, DANKBEEF, Cowboy, nigge, nigge_, bob_the_builder, Everett, YiggVigg282, Curry_Muncher, _sentientIMAC, Curry_Mucher, mason, JohannMinecraft, nigga, black_guy, Peel, peel, ViggYeeg761, ECLIPCE, DeevYigg110, ECLIPCE12, DarverEagler136, Dashing, jhdskljfkljasgd, KP_, PAPA_CORBIN, silly_goose, silly_goose1, YeelerVigg195, ViggVool330w, YiggEagl986, jizzler, get_killed_nerd, BaconMania_, Gilzbert, Sadam_hussein, IhaveaDUI_547, evan_j, DashingsMomIsHot, your_mom_lol, Wonder, YungBiggaNIgga, Shithead, Popbob, NeedHemroidCream[m

[03:07:42] [Async Chat Thread - #12/INFO]: [0;37;22m[[0;37;1mPlayer[0;37;22m] [0;37;1mDANKBEEF [0;37;1m➟ [0;37;1myeah[m

[03:07:46] [Async Chat Thread - #12/INFO]: [0;37;22m[[0;31;1mMurderer[0;37;22m] [0;37;1mSteven [0;37;1m➟ [0;37;1mthank you[m

[03:07:48] [Async Chat Thread - #12/INFO]: [0;37;22m[[0;37;1mPlayer[0;37;22m] [0;37;1mDANKBEEF [0;37;1m➟ [0;37;1mhe tried killing me[m

[03:07:55] [Async Chat Thread - #12/INFO]: [0;37;22m[[0;31;1mMurderer[0;37;22m] [0;37;1mSteven [0;37;1m➟ [0;37;1mdo you like my perry skin[m

[03:07:57] [Async Chat Thread - #12/INFO]: [0;37;22m[[0;37;1mPlayer[0;37;22m] [0;37;1mDanny [0;37;1m➟ [0;37;1mlol[m

[03:07:59] [Async Chat Thread - #12/INFO]: [0;37;22m[[0;37;1mPlayer[0;37;22m] [0;37;1mDANKBEEF [0;37;1m➟ [0;37;1myeah[m

[03:08:04] [Async Chat Thread - #12/INFO]: [0;37;22m[[0;37;1mPlayer[0;37;22m] [0;37;1mDanny [0;37;1m➟ [0;37;1moop mb[m

[03:08:04] [Async Chat Thread - #12/INFO]: [0;37;22m[[0;31;1mMurderer[0;37;22m] [0;37;1mSteven [0;37;1m➟ [0;37;1myo chill[m

[03:08:13] [Server thread/INFO]: caden_ lost connection: Disconnected
[03:08:13] [Server thread/INFO]: caden_ left the game.
[03:08:21] [Async Chat Thread - #12/INFO]: [0;37;22m[[0;37;1mPlayer[0;37;22m] [0;37;1mDanny [0;37;1m➟ [0;37;1mmb[m

[03:08:22] [Async Chat Thread - #12/INFO]: [0;37;22m[[0;37;1mPlayer[0;37;22m] [0;37;1mDANKBEEF [0;37;1m➟ [0;37;1mwhat was command[m

[03:08:25] [Thread-32/INFO]: UUID of player caden is 1c17e1b0-26ef-3067-b20b-aebc29283c98
[03:08:26] [Server thread/INFO]: caden[/[0:0:0:0:0:0:0:1]:40788] logged in with entity id 45091 at ([world]245.44222323824033, 66.0, 2132.49667495078)
[03:08:27] [Craft Scheduler Thread - 25/INFO]: [0;31;1mWarning: caden has the same IP as the following players:
[0;33;22ma__, Danny, XxTenderFlyxX, rocco, BaconMania, the_sigma, Steven, Geep, IhaveaDUI_998, YeeishYeeish841, Danny_, jewburner, Infinity, YeeVigg971, John_Minecraft, scarlet, scarlet_r, yarquesh, Ethonian, Jank_Boteko, ViggYee174, caden_da_gangsta, John_MinecraftPC, glep, junkler3000, neaga, DANKBEEF, Cowboy, nigge, nigge_, bob_the_builder, Everett, YiggVigg282, Curry_Muncher, _sentientIMAC, Curry_Mucher, mason, JohannMinecraft, nigga, black_guy, Peel, peel, ViggYeeg761, ECLIPCE, DeevYigg110, ECLIPCE12, DarverEagler136, Dashing, jhdskljfkljasgd, KP_, PAPA_CORBIN, silly_goose, silly_goose1, YeelerVigg195, ViggVool330w, YiggEagl986, jizzler, get_killed_nerd, BaconMania_, Gilzbert, Sadam_hussein, IhaveaDUI_547, evan_j, DashingsMomIsHot, your_mom_lol, Wonder, YungBiggaNIgga, Shithead, Popbob, NeedHemroidCream, caden_[m

[03:08:28] [Server thread/INFO]: Steven issued server command: /tell Danny kill him
[03:08:39] [Async Chat Thread - #12/INFO]: [0;37;22m[[0;31;1mMurderer[0;37;22m] [0;37;1mSteven [0;37;1m➟ [0;37;1mhuh[m

[03:09:00] [Server thread/INFO]: §cMurderer§7: §fSteven was slain by §fPlayer§7: §fDanny using [Asian Chopstick]
[03:09:10] [Server thread/INFO]: DANKBEEF lost connection: Disconnected
[03:09:10] [Server thread/INFO]: DANKBEEF left the game.
[03:09:14] [Async Chat Thread - #12/INFO]: [0;37;22m[[0;37;1mPlayer[0;37;22m] [0;37;1mDanny [0;37;1m➟ [0;37;1mbro nooo[m

[03:09:22] [Server thread/INFO]: Steven issued server command: /back
[03:09:32] [Async Chat Thread - #12/INFO]: [0;37;22m[[0;31;1mMurderer[0;37;22m] [0;37;1mSteven [0;37;1m➟ [0;37;1mbro dont want to forgot about me killing him[m

[03:09:41] [Server thread/INFO]: §cMurderer§7: §fSteven was slain by §fPlayer§7: §fDanny using [Asian Chopstick]
[03:09:45] [Server thread/INFO]: Steven issued server command: /back
[03:09:48] [Async Chat Thread - #12/INFO]: [0;37;22m[[0;31;1mMurderer[0;37;22m] [0;37;1mSteven [0;37;1m➟ [0;37;1mokay chill[m

[03:09:51] [Server thread/INFO]: §cMurderer§7: §fSteven was slain by §fPlayer§7: §fDanny using [Asian Chopstick]
[03:09:52] [Async Chat Thread - #12/INFO]: [0;37;22m[[0;37;1mPlayer[0;37;22m] [0;37;1mDanny [0;37;1m➟ [0;37;1mmb i had the auto kill enabled[m

[03:10:07] [Async Chat Thread - #12/INFO]: [0;37;22m[[0;31;1mMurderer[0;37;22m] [0;37;1mSteven [0;37;1m➟ [0;37;1mchill dont kill any of us[m

[03:10:17] [Server thread/INFO]: Steven issued server command: /tell Danny kill him plz he has my loot
[03:10:20] [Server thread/INFO]: Steven issued server command: /back
[03:10:24] [Async Chat Thread - #12/INFO]: [0;37;22m[[0;37;1mPlayer[0;37;22m] [0;37;1mDanny [0;37;1m➟ [0;37;1mhe left tge game[m

[03:10:32] [Async Chat Thread - #12/INFO]: [0;37;22m[[0;31;1mMurderer[0;37;22m] [0;37;1mSteven [0;37;1m➟ [0;37;1mwhy[m

[03:10:46] [Async Chat Thread - #12/INFO]: [0;37;22m[[0;37;1mPlayer[0;37;22m] [0;37;1mDanny [0;37;1m➟ [0;37;1mbc i tried killing him[m

[03:10:54] [Async Chat Thread - #12/INFO]: [0;37;22m[[0;31;1mMurderer[0;37;22m] [0;37;1mSteven [0;37;1m➟ [0;37;1mbro you sold[m

[03:10:59] [Async Chat Thread - #12/INFO]: [0;37;22m[[0;37;1mPlayer[0;37;22m] [0;37;1mDanny [0;37;1m➟ [0;37;1mi knowwww[m

