[18:24:27] [main/INFO]: Using mbed TLS based native cipher.
[18:24:27] [main/INFO]: Using zlib based native compressor.
[18:24:27] [main/INFO]: Enabled Waterfall version git:Waterfall-Bootstrap:1.19-R0.1-SNAPSHOT:f6069e2:513
[18:24:27] [main/INFO]: Not on Windows, attempting to use enhanced EpollEventLoop
[18:24:27] [main/INFO]: Epoll is working, utilising it!
[18:24:27] [main/INFO]: Discovered module: ModuleSpec(name=cmd_alert, file=modules/cmd_alert.jar, provider=JenkinsModuleSource())
[18:24:27] [main/INFO]: Discovered module: ModuleSpec(name=cmd_find, file=modules/cmd_find.jar, provider=JenkinsModuleSource())
[18:24:27] [main/INFO]: Discovered module: ModuleSpec(name=cmd_list, file=modules/cmd_list.jar, provider=JenkinsModuleSource())
[18:24:27] [main/INFO]: Discovered module: ModuleSpec(name=cmd_send, file=modules/cmd_send.jar, provider=JenkinsModuleSource())
[18:24:27] [main/INFO]: Discovered module: ModuleSpec(name=cmd_server, file=modules/cmd_server.jar, provider=JenkinsModuleSource())
[18:24:27] [main/INFO]: Discovered module: ModuleSpec(name=reconnect_yaml, file=modules/reconnect_yaml.jar, provider=JenkinsModuleSource())
[18:24:28] [main/INFO]: Loaded plugin reconnect_yaml version git:reconnect_yaml:1.19-R0.1-SNAPSHOT:f6069e2:513 by WaterfallMC
[18:24:28] [main/INFO]: Loaded plugin cmd_find version git:cmd_find:1.19-R0.1-SNAPSHOT:f6069e2:513 by WaterfallMC
[18:24:28] [main/INFO]: Loaded plugin cmd_server version git:cmd_server:1.19-R0.1-SNAPSHOT:f6069e2:513 by WaterfallMC
[18:24:28] [main/INFO]: Loaded plugin cmd_alert version git:cmd_alert:1.19-R0.1-SNAPSHOT:f6069e2:513 by WaterfallMC
[18:24:28] [main/INFO]: Loaded plugin cmd_send version git:cmd_send:1.19-R0.1-SNAPSHOT:f6069e2:513 by WaterfallMC
[18:24:28] [main/INFO]: Loaded plugin cmd_list version git:cmd_list:1.19-R0.1-SNAPSHOT:f6069e2:513 by WaterfallMC
[18:24:28] [main/INFO]: Loaded plugin Mutesystem version 2.2 by sk8ingDuck
[18:24:28] [main/WARN]: :>:>:>:>:>:>:>:>:>:>:>:>:>:>:>:>:>:>:>:>:>:>:>
[18:24:28] [main/WARN]: :>  
[18:24:28] [main/WARN]: :>      EAGLERCRAFTXBUNGEE WARNING:
[18:24:28] [main/WARN]: :>  
[18:24:28] [main/WARN]: :>  This plugin wasn't tested to be 'working'
[18:24:28] [main/WARN]: :>  with ANY version of BungeeCord (and forks)
[18:24:28] [main/WARN]: :>  apart from the versions listed below:
[18:24:28] [main/WARN]: :>  
[18:24:28] [main/WARN]: :>  - BungeeCord: 1.20-R0.3-SNAPSHOT:eda268b:1797
[18:24:28] [main/WARN]: :>  - Waterfall: 1.20-R0.2-SNAPSHOT:92b5149:562
[18:24:28] [main/WARN]: :>  - FlameCord: 1.1.1
[18:24:28] [main/WARN]: :>  
[18:24:28] [main/WARN]: :>  This is not a Bukkit/Spigot plugin!
[18:24:28] [main/WARN]: :>  
[18:24:28] [main/WARN]: :>  Use "-Deaglerxbungee.stfu=true" to hide
[18:24:28] [main/WARN]: :>  
[18:24:28] [main/WARN]: :>:>:>:>:>:>:>:>:>:>:>:>:>:>:>:>:>:>:>:>:>:>:>
[18:24:28] [main/INFO] [EaglercraftXBungee]: Loading vanilla profile: lax1dude
[18:24:29] [Skin Download Thread #1/INFO] [EaglercraftXBungee]: Loaded vanilla profile: lax1dude
[18:24:29] [main/INFO]: Loaded plugin EaglercraftXBungee version 1.0.10 by lax1dude
[18:24:29] [main/WARN]: Forced host server pvp is not defined
[18:24:29] [main/INFO]: Enabled plugin reconnect_yaml version git:reconnect_yaml:1.19-R0.1-SNAPSHOT:f6069e2:513 by WaterfallMC
[18:24:29] [main/INFO]: Enabled plugin cmd_find version git:cmd_find:1.19-R0.1-SNAPSHOT:f6069e2:513 by WaterfallMC
[18:24:29] [main/INFO]: Enabled plugin cmd_server version git:cmd_server:1.19-R0.1-SNAPSHOT:f6069e2:513 by WaterfallMC
[18:24:29] [main/INFO]: Enabled plugin cmd_alert version git:cmd_alert:1.19-R0.1-SNAPSHOT:f6069e2:513 by WaterfallMC
[18:24:29] [main/INFO]: Enabled plugin cmd_send version git:cmd_send:1.19-R0.1-SNAPSHOT:f6069e2:513 by WaterfallMC
[18:24:29] [main/INFO]: Enabled plugin cmd_list version git:cmd_list:1.19-R0.1-SNAPSHOT:f6069e2:513 by WaterfallMC
[18:24:29] [main/INFO]: [MuteSystem] Loading SQLite driver...
[18:24:30] [main/INFO]: [MuteSystem] Driver loaded successfully!
[18:24:30] [main/INFO]: [MuteSystem] MuteSystem activated!
[18:24:30] [main/INFO]: Enabled plugin Mutesystem version 2.2 by sk8ingDuck
[18:24:30] [main/ERROR] [EaglercraftXBungee]: Online mode is set to false! Authentication system has been disabled
[18:24:30] [Netty Worker IO Thread #0/INFO] [EaglercraftXBungee]: Eaglercraft is listening on: /0.0.0.0:8081
[18:24:30] [EaglerXBungee: Network Tick Tasks/INFO] [EaglercraftXBungee]: Loaded certificate: /workspaces/a/bungee/plugins/EaglercraftXBungee/eagcert/$dl.6a314f63448f669bee13950455200751edda2564.cert
[18:24:30] [main/INFO] [EaglercraftXBungee]: Connected to database: jdbc:sqlite:eaglercraft_skins_cache.db
[18:24:31] [main/INFO]: Enabled plugin EaglercraftXBungee version 1.0.10 by lax1dude
[18:24:31] [Netty Boss IO Thread #0/INFO]: Listening on /127.0.0.1:25577
[18:24:43] [Netty Worker IO Thread #1/WARN] [EaglercraftXBungee]: Server icon is not a file: /workspaces/a/bungee/server-icon.png
[18:24:44] [Netty Worker IO Thread #2/INFO] [EaglercraftXBungee]: [/[0:0:0:0:0:0:0:1%0]:40886]: Connected via websocket
[18:24:44] [Netty Worker IO Thread #2/INFO] [EaglercraftXBungee]: [/[0:0:0:0:0:0:0:1%0]:40886]: Origin header is http://localhost:8081
[18:24:44] [Netty Worker IO Thread #2/INFO] [EaglercraftXBungee]: [/[0:0:0:0:0:0:0:1%0]:40886]: Logged in as 'Popbob'
[18:24:44] [Netty Worker IO Thread #2/INFO]: [/[0:0:0:0:0:0:0:1%0]:40886|Popbob] -> UpstreamBridge has connected
[18:24:45] [Netty Worker IO Thread #2/WARN]: Plugin listener net.lax1dude.eaglercraft.v1_8.plugin.gateway_bungeecord.handlers.EaglerPacketEventListener took 703ms to process event PostLoginEvent(player=Popbob)!
[18:24:45] [Netty Worker IO Thread #2/WARN]: Event PostLoginEvent(player=Popbob) took 714ms to process!
[18:24:45] [Netty Worker IO Thread #2/WARN]: Event LoginEvent(cancelled=false, cancelReasonComponents=null, loginResult=null, connection=[/[0:0:0:0:0:0:0:1%0]:40886|Popbob] <-> InitialHandler) took 968ms to process!
[18:24:45] [Netty Worker IO Thread #2/WARN]: Event PreLoginEvent(cancelled=false, cancelReasonComponents=null, connection=[/[0:0:0:0:0:0:0:1%0]:40886|Popbob] <-> InitialHandler) took 981ms to process!
[18:24:45] [Netty Worker IO Thread #2/INFO]: [Popbob|/[0:0:0:0:0:0:0:1%0]:40886] <-> ServerConnector [lobby] has connected
[18:24:48] [Netty Worker IO Thread #2/INFO] [EaglercraftXBungee]: [/[0:0:0:0:0:0:0:1%0]:40938]: Connected via websocket
[18:24:48] [Netty Worker IO Thread #2/INFO] [EaglercraftXBungee]: [/[0:0:0:0:0:0:0:1%0]:40938]: Origin header is null
[18:24:49] [Netty Worker IO Thread #2/INFO] [EaglercraftXBungee]: [/[0:0:0:0:0:0:0:1%0]:40938]: Logged in as 'Steven'
[18:24:49] [Netty Worker IO Thread #2/INFO]: [/[0:0:0:0:0:0:0:1%0]:40938|Steven] -> UpstreamBridge has connected
[18:24:49] [Netty Worker IO Thread #2/INFO]: [Steven|/[0:0:0:0:0:0:0:1%0]:40938] <-> ServerConnector [lobby] has connected
[18:24:50] [Netty Worker IO Thread #2/INFO]: [/[0:0:0:0:0:0:0:1%0]:40938|Steven] -> UpstreamBridge has disconnected
[18:24:50] [Netty Worker IO Thread #3/INFO] [EaglercraftXBungee]: [/[0:0:0:0:0:0:0:1%0]:52918]: Connected via websocket
[18:24:50] [Netty Worker IO Thread #3/INFO] [EaglercraftXBungee]: [/[0:0:0:0:0:0:0:1%0]:52918]: Origin header is null
[18:24:50] [Netty Worker IO Thread #3/INFO] [EaglercraftXBungee]: [/[0:0:0:0:0:0:0:1%0]:52918]: Logged in as 'PAPA_CORBIN'
[18:24:50] [Netty Worker IO Thread #3/INFO]: [/[0:0:0:0:0:0:0:1%0]:52918|PAPA_CORBIN] -> UpstreamBridge has connected
[18:24:50] [Netty Worker IO Thread #3/INFO]: [PAPA_CORBIN|/[0:0:0:0:0:0:0:1%0]:52918] <-> ServerConnector [lobby] has connected
[18:24:51] [Netty Worker IO Thread #2/INFO]: [Popbob] disconnected with: Internal server error
[18:24:51] [Netty Worker IO Thread #2/INFO]: [/[0:0:0:0:0:0:0:1%0]:40886|Popbob] -> UpstreamBridge has disconnected
[18:24:51] [Netty Worker IO Thread #2/INFO]: [/[0:0:0:0:0:0:0:1%0]:40886|Popbob] <-> DownstreamBridge <-> [lobby] has disconnected
[18:24:52] [Netty Worker IO Thread #1/INFO] [EaglercraftXBungee]: [/[0:0:0:0:0:0:0:1%0]:52940]: Connected via websocket
[18:24:52] [Netty Worker IO Thread #1/INFO] [EaglercraftXBungee]: [/[0:0:0:0:0:0:0:1%0]:52940]: Origin header is null
[18:24:52] [Netty Worker IO Thread #2/INFO] [EaglercraftXBungee]: [/[0:0:0:0:0:0:0:1%0]:52948]: Connected via websocket
[18:24:52] [Netty Worker IO Thread #2/INFO] [EaglercraftXBungee]: [/[0:0:0:0:0:0:0:1%0]:52948]: Origin header is null
[18:24:52] [Netty Worker IO Thread #2/INFO] [EaglercraftXBungee]: [/[0:0:0:0:0:0:0:1%0]:52948]: Logged in as 'goodgoonthe4th'
[18:24:52] [Netty Worker IO Thread #2/INFO]: [/[0:0:0:0:0:0:0:1%0]:52948|goodgoonthe4th] -> UpstreamBridge has connected
[18:24:52] [Netty Worker IO Thread #2/INFO]: [goodgoonthe4th|/[0:0:0:0:0:0:0:1%0]:52948] <-> ServerConnector [lobby] has connected
[18:24:52] [Netty Worker IO Thread #1/INFO] [EaglercraftXBungee]: [/[0:0:0:0:0:0:0:1%0]:52940]: Logged in as 'Steven'
[18:24:52] [Netty Worker IO Thread #1/INFO]: [/[0:0:0:0:0:0:0:1%0]:52940|Steven] -> UpstreamBridge has connected
[18:24:52] [Netty Worker IO Thread #1/INFO]: [Steven|/[0:0:0:0:0:0:0:1%0]:52940] <-> ServerConnector [lobby] has connected
[18:24:52] [Netty Worker IO Thread #2/INFO]: [Steven] disconnected with: You logged in from another location
[18:24:52] [Netty Worker IO Thread #2/INFO]: [/[0:0:0:0:0:0:0:1%0]:40938|Steven] <-> DownstreamBridge <-> [lobby] has disconnected
[18:24:57] [Netty Worker IO Thread #0/INFO] [EaglercraftXBungee]: [/[0:0:0:0:0:0:0:1%0]:52964]: Connected via websocket
[18:24:57] [Netty Worker IO Thread #0/INFO] [EaglercraftXBungee]: [/[0:0:0:0:0:0:0:1%0]:52964]: Origin header is http://localhost:8081
[18:24:57] [Netty Worker IO Thread #0/INFO] [EaglercraftXBungee]: [/[0:0:0:0:0:0:0:1%0]:52964]: Logged in as 'Popbob'
[18:24:57] [Netty Worker IO Thread #0/INFO]: [/[0:0:0:0:0:0:0:1%0]:52964|Popbob] -> UpstreamBridge has connected
[18:24:57] [Netty Worker IO Thread #0/INFO]: [Popbob|/[0:0:0:0:0:0:0:1%0]:52964] <-> ServerConnector [lobby] has connected
[18:25:21] [Netty Worker IO Thread #2/INFO] [EaglercraftXBungee]: [/[0:0:0:0:0:0:0:1%0]:44432]: Connected via websocket
[18:25:21] [Netty Worker IO Thread #2/INFO] [EaglercraftXBungee]: [/[0:0:0:0:0:0:0:1%0]:44432]: Origin header is http://localhost:8081
[18:25:21] [Netty Worker IO Thread #2/INFO] [EaglercraftXBungee]: [/[0:0:0:0:0:0:0:1%0]:44432]: Logged in as 'Danny'
[18:25:21] [Netty Worker IO Thread #2/INFO]: [/[0:0:0:0:0:0:0:1%0]:44432|Danny] -> UpstreamBridge has connected
[18:25:21] [Netty Worker IO Thread #2/INFO]: [Danny|/[0:0:0:0:0:0:0:1%0]:44432] <-> ServerConnector [lobby] has connected
[18:25:21] [Netty Worker IO Thread #2/INFO]: [Danny] disconnected with: Kicked whilst connecting to lobby: You have been temporarily banned from this server for yo hacking on the school minecraft servers crazy dawg 
It expires in 11 hours 34 minutes 56 seconds
[18:25:21] [Netty Worker IO Thread #2/INFO]: [/[0:0:0:0:0:0:0:1%0]:44432|Danny] -> UpstreamBridge has disconnected
[18:25:21] [Netty Worker IO Thread #2/INFO]: [Danny|/[0:0:0:0:0:0:0:1%0]:44432] <-> ServerConnector [lobby] has disconnected
[18:25:26] [Netty Worker IO Thread #0/INFO] [EaglercraftXBungee]: [/[0:0:0:0:0:0:0:1%0]:44484]: Connected via websocket
[18:25:26] [Netty Worker IO Thread #0/INFO] [EaglercraftXBungee]: [/[0:0:0:0:0:0:0:1%0]:44484]: Origin header is null
[18:25:26] [Netty Worker IO Thread #0/INFO] [EaglercraftXBungee]: [/[0:0:0:0:0:0:0:1%0]:44484]: Logged in as 'KP_'
[18:25:26] [Netty Worker IO Thread #0/INFO]: [/[0:0:0:0:0:0:0:1%0]:44484|KP_] -> UpstreamBridge has connected
[18:25:26] [Netty Worker IO Thread #0/INFO]: [KP_|/[0:0:0:0:0:0:0:1%0]:44484] <-> ServerConnector [lobby] has connected
[18:25:34] [Netty Worker IO Thread #2/INFO] [EaglercraftXBungee]: [/[0:0:0:0:0:0:0:1%0]:58970]: Connected via websocket
[18:25:34] [Netty Worker IO Thread #2/INFO] [EaglercraftXBungee]: [/[0:0:0:0:0:0:0:1%0]:58970]: Origin header is http://localhost:8081
[18:25:34] [Netty Worker IO Thread #2/INFO] [EaglercraftXBungee]: [/[0:0:0:0:0:0:0:1%0]:58970]: Logged in as 'Infinity'
[18:25:34] [Netty Worker IO Thread #2/INFO]: [/[0:0:0:0:0:0:0:1%0]:58970|Infinity] -> UpstreamBridge has connected
[18:25:34] [Netty Worker IO Thread #2/INFO]: [Infinity|/[0:0:0:0:0:0:0:1%0]:58970] <-> ServerConnector [lobby] has connected
[18:25:51] [Netty Worker IO Thread #0/INFO] [EaglercraftXBungee]: [/[0:0:0:0:0:0:0:1%0]:37566]: Connected via websocket
[18:25:51] [Netty Worker IO Thread #0/INFO] [EaglercraftXBungee]: [/[0:0:0:0:0:0:0:1%0]:37566]: Origin header is null
[18:25:51] [Netty Worker IO Thread #0/INFO] [EaglercraftXBungee]: [/[0:0:0:0:0:0:0:1%0]:37566]: Logged in as 'loyalwhale360'
[18:25:51] [Netty Worker IO Thread #0/INFO]: [/[0:0:0:0:0:0:0:1%0]:37566|loyalwhale360] -> UpstreamBridge has connected
[18:25:51] [Netty Worker IO Thread #0/INFO]: [loyalwhale360|/[0:0:0:0:0:0:0:1%0]:37566] <-> ServerConnector [lobby] has connected
[18:25:52] [Netty Worker IO Thread #0/INFO]: [loyalwhale360] disconnected with: Internal server error
[18:25:52] [Netty Worker IO Thread #0/INFO]: [/[0:0:0:0:0:0:0:1%0]:37566|loyalwhale360] -> UpstreamBridge has disconnected
[18:25:52] [Netty Worker IO Thread #0/INFO]: [/[0:0:0:0:0:0:0:1%0]:37566|loyalwhale360] <-> DownstreamBridge <-> [lobby] has disconnected
[18:25:55] [Netty Worker IO Thread #1/INFO] [EaglercraftXBungee]: [/[0:0:0:0:0:0:0:1%0]:37568]: Connected via websocket
[18:25:55] [Netty Worker IO Thread #1/INFO] [EaglercraftXBungee]: [/[0:0:0:0:0:0:0:1%0]:37568]: Origin header is null
[18:25:55] [Netty Worker IO Thread #1/INFO] [EaglercraftXBungee]: [/[0:0:0:0:0:0:0:1%0]:37568]: Logged in as 'loyalwhale360'
[18:25:55] [Netty Worker IO Thread #1/INFO]: [/[0:0:0:0:0:0:0:1%0]:37568|loyalwhale360] -> UpstreamBridge has connected
[18:25:55] [Netty Worker IO Thread #1/INFO]: [loyalwhale360|/[0:0:0:0:0:0:0:1%0]:37568] <-> ServerConnector [lobby] has connected
[18:25:55] [Netty Worker IO Thread #1/INFO]: [loyalwhale360] disconnected with: Internal server error
[18:25:55] [Netty Worker IO Thread #1/INFO]: [/[0:0:0:0:0:0:0:1%0]:37568|loyalwhale360] -> UpstreamBridge has disconnected
[18:25:55] [Netty Worker IO Thread #1/INFO]: [/[0:0:0:0:0:0:0:1%0]:37568|loyalwhale360] <-> DownstreamBridge <-> [lobby] has disconnected
[18:25:57] [Netty Worker IO Thread #2/INFO] [EaglercraftXBungee]: [/[0:0:0:0:0:0:0:1%0]:37570]: Connected via websocket
[18:25:57] [Netty Worker IO Thread #2/INFO] [EaglercraftXBungee]: [/[0:0:0:0:0:0:0:1%0]:37570]: Origin header is null
[18:25:57] [Netty Worker IO Thread #2/INFO] [EaglercraftXBungee]: [/[0:0:0:0:0:0:0:1%0]:37570]: Logged in as 'loyalwhale360'
[18:25:57] [Netty Worker IO Thread #2/INFO]: [/[0:0:0:0:0:0:0:1%0]:37570|loyalwhale360] -> UpstreamBridge has connected
[18:25:57] [Netty Worker IO Thread #2/INFO]: [loyalwhale360|/[0:0:0:0:0:0:0:1%0]:37570] <-> ServerConnector [lobby] has connected
[18:25:57] [Netty Worker IO Thread #2/INFO]: [loyalwhale360] disconnected with: Internal server error
[18:25:57] [Netty Worker IO Thread #2/INFO]: [/[0:0:0:0:0:0:0:1%0]:37570|loyalwhale360] -> UpstreamBridge has disconnected
[18:25:57] [Netty Worker IO Thread #2/INFO]: [/[0:0:0:0:0:0:0:1%0]:37570|loyalwhale360] <-> DownstreamBridge <-> [lobby] has disconnected
[18:25:59] [Netty Worker IO Thread #3/INFO] [EaglercraftXBungee]: [/[0:0:0:0:0:0:0:1%0]:37574]: Connected via websocket
[18:25:59] [Netty Worker IO Thread #3/INFO] [EaglercraftXBungee]: [/[0:0:0:0:0:0:0:1%0]:37574]: Origin header is null
[18:25:59] [Netty Worker IO Thread #3/INFO] [EaglercraftXBungee]: [/[0:0:0:0:0:0:0:1%0]:37574]: Logged in as 'loyalwhale360'
[18:25:59] [Netty Worker IO Thread #3/INFO]: [/[0:0:0:0:0:0:0:1%0]:37574|loyalwhale360] -> UpstreamBridge has connected
[18:25:59] [Netty Worker IO Thread #3/INFO]: [loyalwhale360|/[0:0:0:0:0:0:0:1%0]:37574] <-> ServerConnector [lobby] has connected
[18:27:36] [Netty Worker IO Thread #2/INFO]: [/[0:0:0:0:0:0:0:1%0]:58970|Infinity] -> UpstreamBridge has disconnected
[18:27:36] [Netty Worker IO Thread #2/INFO]: [Infinity] disconnected with: Proxy lost connection to server.
[18:27:36] [Netty Worker IO Thread #2/INFO]: [/[0:0:0:0:0:0:0:1%0]:58970|Infinity] <-> DownstreamBridge <-> [lobby] has disconnected
[18:30:28] [Netty Worker IO Thread #1/INFO] [EaglercraftXBungee]: [/[0:0:0:0:0:0:0:1%0]:57040]: Connected via websocket
[18:30:28] [Netty Worker IO Thread #1/INFO] [EaglercraftXBungee]: [/[0:0:0:0:0:0:0:1%0]:57040]: Origin header is http://localhost:8081
[18:30:28] [Netty Worker IO Thread #1/INFO] [EaglercraftXBungee]: [/[0:0:0:0:0:0:0:1%0]:57040]: Logged in as 'BedzGaming'
[18:30:28] [Netty Worker IO Thread #1/INFO]: [/[0:0:0:0:0:0:0:1%0]:57040|BedzGaming] -> UpstreamBridge has connected
[18:30:28] [Netty Worker IO Thread #1/INFO]: [BedzGaming|/[0:0:0:0:0:0:0:1%0]:57040] <-> ServerConnector [lobby] has connected
[18:32:21] [Netty Worker IO Thread #1/INFO] [EaglercraftXBungee]: [/[0:0:0:0:0:0:0:1%0]:33118]: Connected via websocket
[18:32:21] [Netty Worker IO Thread #1/INFO] [EaglercraftXBungee]: [/[0:0:0:0:0:0:0:1%0]:33118]: Origin header is http://localhost:8081
[18:32:21] [Netty Worker IO Thread #1/INFO] [EaglercraftXBungee]: [/[0:0:0:0:0:0:0:1%0]:33118]: Logged in as 'a__'
[18:32:21] [Netty Worker IO Thread #1/INFO]: [/[0:0:0:0:0:0:0:1%0]:33118|a__] -> UpstreamBridge has connected
[18:32:21] [Netty Worker IO Thread #1/INFO]: [a__|/[0:0:0:0:0:0:0:1%0]:33118] <-> ServerConnector [lobby] has connected
[18:34:44] [Netty Worker IO Thread #2/INFO] [EaglercraftXBungee]: [/[0:0:0:0:0:0:0:1%0]:39944]: Connected via websocket
[18:34:44] [Netty Worker IO Thread #2/INFO] [EaglercraftXBungee]: [/[0:0:0:0:0:0:0:1%0]:39944]: Origin header is http://localhost:8081
[18:34:44] [Netty Worker IO Thread #2/INFO] [EaglercraftXBungee]: [/[0:0:0:0:0:0:0:1%0]:39944]: Logged in as 'Infinity'
[18:34:44] [Netty Worker IO Thread #2/INFO]: [/[0:0:0:0:0:0:0:1%0]:39944|Infinity] -> UpstreamBridge has connected
[18:34:44] [Netty Worker IO Thread #2/INFO]: [Infinity|/[0:0:0:0:0:0:0:1%0]:39944] <-> ServerConnector [lobby] has connected
[18:35:42] [Netty Worker IO Thread #1/INFO]: [/[0:0:0:0:0:0:0:1%0]:57040|BedzGaming] -> UpstreamBridge has disconnected
[18:35:42] [Netty Worker IO Thread #1/INFO]: [BedzGaming] disconnected with: Proxy lost connection to server.
[18:35:42] [Netty Worker IO Thread #1/INFO]: [/[0:0:0:0:0:0:0:1%0]:57040|BedzGaming] <-> DownstreamBridge <-> [lobby] has disconnected
[18:35:45] [Netty Worker IO Thread #1/INFO] [EaglercraftXBungee]: [/[0:0:0:0:0:0:0:1%0]:35364]: Connected via websocket
[18:35:45] [Netty Worker IO Thread #1/INFO] [EaglercraftXBungee]: [/[0:0:0:0:0:0:0:1%0]:35364]: Origin header is http://localhost:8081
[18:35:45] [Netty Worker IO Thread #1/INFO] [EaglercraftXBungee]: [/[0:0:0:0:0:0:0:1%0]:35364]: Logged in as 'BedzGaming'
[18:35:45] [Netty Worker IO Thread #1/INFO]: [/[0:0:0:0:0:0:0:1%0]:35364|BedzGaming] -> UpstreamBridge has connected
[18:35:45] [Netty Worker IO Thread #1/INFO]: [BedzGaming|/[0:0:0:0:0:0:0:1%0]:35364] <-> ServerConnector [lobby] has connected
[18:35:53] [Netty Worker IO Thread #1/INFO]: [/[0:0:0:0:0:0:0:1%0]:35364|BedzGaming] -> UpstreamBridge has disconnected
[18:35:53] [Netty Worker IO Thread #1/INFO]: [BedzGaming] disconnected with: Proxy lost connection to server.
[18:35:53] [Netty Worker IO Thread #1/INFO]: [/[0:0:0:0:0:0:0:1%0]:35364|BedzGaming] <-> DownstreamBridge <-> [lobby] has disconnected
[18:36:06] [Netty Worker IO Thread #0/INFO] [EaglercraftXBungee]: [/[0:0:0:0:0:0:0:1%0]:45038]: Connected via websocket
[18:36:06] [Netty Worker IO Thread #0/INFO] [EaglercraftXBungee]: [/[0:0:0:0:0:0:0:1%0]:45038]: Origin header is http://localhost:8081
[18:36:06] [Netty Worker IO Thread #0/INFO] [EaglercraftXBungee]: [/[0:0:0:0:0:0:0:1%0]:45038]: Logged in as 'kingnigga'
[18:36:06] [Netty Worker IO Thread #0/INFO]: [/[0:0:0:0:0:0:0:1%0]:45038|kingnigga] -> UpstreamBridge has connected
[18:36:06] [Netty Worker IO Thread #0/INFO]: [kingnigga|/[0:0:0:0:0:0:0:1%0]:45038] <-> ServerConnector [lobby] has connected
[18:36:18] [Netty Worker IO Thread #0/INFO]: [/[0:0:0:0:0:0:0:1%0]:44484|KP_] -> UpstreamBridge has disconnected
[18:36:18] [Netty Worker IO Thread #0/INFO]: [KP_] disconnected with: Proxy lost connection to server.
[18:36:18] [Netty Worker IO Thread #0/INFO]: [/[0:0:0:0:0:0:0:1%0]:44484|KP_] <-> DownstreamBridge <-> [lobby] has disconnected
[18:37:08] [Netty Worker IO Thread #1/INFO]: [/[0:0:0:0:0:0:0:1%0]:33118|a__] -> UpstreamBridge has disconnected
[18:37:08] [Netty Worker IO Thread #1/INFO]: [a__] disconnected with: Proxy lost connection to server.
[18:37:08] [Netty Worker IO Thread #1/INFO]: [/[0:0:0:0:0:0:0:1%0]:33118|a__] <-> DownstreamBridge <-> [lobby] has disconnected
[18:37:11] [Netty Worker IO Thread #3/INFO] [EaglercraftXBungee]: [/[0:0:0:0:0:0:0:1%0]:51222]: Connected via websocket
[18:37:11] [Netty Worker IO Thread #3/INFO] [EaglercraftXBungee]: [/[0:0:0:0:0:0:0:1%0]:51222]: Origin header is http://localhost:8081
[18:37:11] [Netty Worker IO Thread #3/INFO] [EaglercraftXBungee]: [/[0:0:0:0:0:0:0:1%0]:51222]: Logged in as 'a__'
[18:37:11] [Netty Worker IO Thread #3/INFO]: [/[0:0:0:0:0:0:0:1%0]:51222|a__] -> UpstreamBridge has connected
[18:37:11] [Netty Worker IO Thread #3/INFO]: [a__|/[0:0:0:0:0:0:0:1%0]:51222] <-> ServerConnector [lobby] has connected
[18:40:37] [Netty Worker IO Thread #3/INFO]: [/[0:0:0:0:0:0:0:1%0]:37574|loyalwhale360] -> UpstreamBridge has disconnected
[18:40:37] [Netty Worker IO Thread #3/INFO]: [loyalwhale360] disconnected with: Proxy lost connection to server.
[18:40:37] [Netty Worker IO Thread #3/INFO]: [/[0:0:0:0:0:0:0:1%0]:37574|loyalwhale360] <-> DownstreamBridge <-> [lobby] has disconnected
[18:42:50] [Netty Worker IO Thread #1/INFO] [EaglercraftXBungee]: [/[0:0:0:0:0:0:0:1%0]:35320]: Connected via websocket
[18:42:50] [Netty Worker IO Thread #1/INFO] [EaglercraftXBungee]: [/[0:0:0:0:0:0:0:1%0]:35320]: Origin header is http://localhost:8081
[18:42:50] [Netty Worker IO Thread #1/INFO] [EaglercraftXBungee]: [/[0:0:0:0:0:0:0:1%0]:35320]: Logged in as 'Nigger'
[18:42:50] [Netty Worker IO Thread #1/INFO]: [/[0:0:0:0:0:0:0:1%0]:35320|Nigger] -> UpstreamBridge has connected
[18:42:50] [Netty Worker IO Thread #1/INFO]: [Nigger|/[0:0:0:0:0:0:0:1%0]:35320] <-> ServerConnector [lobby] has connected
[18:43:51] [Netty Worker IO Thread #1/INFO]: [Nigger] disconnected with: Login timed out!
[18:43:51] [Netty Worker IO Thread #1/INFO]: [/[0:0:0:0:0:0:0:1%0]:35320|Nigger] -> UpstreamBridge has disconnected
[18:43:51] [Netty Worker IO Thread #1/INFO]: [/[0:0:0:0:0:0:0:1%0]:35320|Nigger] <-> DownstreamBridge <-> [lobby] has disconnected
[18:44:21] [Netty Worker IO Thread #3/INFO] [EaglercraftXBungee]: [/[0:0:0:0:0:0:0:1%0]:40114]: Connected via websocket
[18:44:21] [Netty Worker IO Thread #3/INFO] [EaglercraftXBungee]: [/[0:0:0:0:0:0:0:1%0]:40114]: Origin header is null
[18:44:21] [Netty Worker IO Thread #3/INFO] [EaglercraftXBungee]: [/[0:0:0:0:0:0:0:1%0]:40114]: Logged in as 'supNI'
[18:44:21] [Netty Worker IO Thread #3/INFO]: [/[0:0:0:0:0:0:0:1%0]:40114|supNI] -> UpstreamBridge has connected
[18:44:21] [Netty Worker IO Thread #3/INFO]: [supNI|/[0:0:0:0:0:0:0:1%0]:40114] <-> ServerConnector [lobby] has connected
[18:44:30] [Netty Worker IO Thread #2/INFO]: [/[0:0:0:0:0:0:0:1%0]:39944|Infinity] -> UpstreamBridge has disconnected
[18:44:30] [Netty Worker IO Thread #2/INFO]: [Infinity] disconnected with: Proxy lost connection to server.
[18:44:30] [Netty Worker IO Thread #2/INFO]: [/[0:0:0:0:0:0:0:1%0]:39944|Infinity] <-> DownstreamBridge <-> [lobby] has disconnected
[18:45:02] [Netty Worker IO Thread #3/INFO]: [/[0:0:0:0:0:0:0:1%0]:40114|supNI] -> UpstreamBridge has disconnected
[18:45:02] [Netty Worker IO Thread #3/INFO]: [supNI] disconnected with: Proxy lost connection to server.
[18:45:02] [Netty Worker IO Thread #3/INFO]: [/[0:0:0:0:0:0:0:1%0]:40114|supNI] <-> DownstreamBridge <-> [lobby] has disconnected
[18:45:12] [Netty Worker IO Thread #3/INFO] [EaglercraftXBungee]: [/[0:0:0:0:0:0:0:1%0]:42162]: Connected via websocket
[18:45:12] [Netty Worker IO Thread #3/INFO] [EaglercraftXBungee]: [/[0:0:0:0:0:0:0:1%0]:42162]: Origin header is http://localhost:8081
[18:45:13] [Netty Worker IO Thread #3/INFO] [EaglercraftXBungee]: [/[0:0:0:0:0:0:0:1%0]:42162]: Logged in as 'Infinity'
[18:45:13] [Netty Worker IO Thread #3/INFO]: [/[0:0:0:0:0:0:0:1%0]:42162|Infinity] -> UpstreamBridge has connected
[18:45:13] [Netty Worker IO Thread #3/INFO]: [Infinity|/[0:0:0:0:0:0:0:1%0]:42162] <-> ServerConnector [lobby] has connected
[18:45:13] [Netty Worker IO Thread #3/INFO]: [/[0:0:0:0:0:0:0:1%0]:52918|PAPA_CORBIN] -> UpstreamBridge has disconnected
[18:45:13] [Netty Worker IO Thread #3/INFO]: [PAPA_CORBIN] disconnected with: Proxy lost connection to server.
[18:45:13] [Netty Worker IO Thread #3/INFO]: [/[0:0:0:0:0:0:0:1%0]:52918|PAPA_CORBIN] <-> DownstreamBridge <-> [lobby] has disconnected
[18:45:17] [Netty Worker IO Thread #0/INFO]: [/[0:0:0:0:0:0:0:1%0]:52964|Popbob] -> UpstreamBridge has disconnected
[18:45:17] [Netty Worker IO Thread #0/INFO]: [Popbob] disconnected with: Proxy lost connection to server.
[18:45:17] [Netty Worker IO Thread #0/INFO]: [/[0:0:0:0:0:0:0:1%0]:52964|Popbob] <-> DownstreamBridge <-> [lobby] has disconnected
[18:45:18] [Netty Worker IO Thread #2/INFO] [EaglercraftXBungee]: [/[0:0:0:0:0:0:0:1%0]:42180]: Connected via websocket
[18:45:18] [Netty Worker IO Thread #2/INFO] [EaglercraftXBungee]: [/[0:0:0:0:0:0:0:1%0]:42180]: Origin header is http://localhost:8081
[18:45:18] [Netty Worker IO Thread #2/INFO] [EaglercraftXBungee]: [/[0:0:0:0:0:0:0:1%0]:42180]: Logged in as 'Popbob'
[18:45:18] [Netty Worker IO Thread #2/INFO]: [/[0:0:0:0:0:0:0:1%0]:42180|Popbob] -> UpstreamBridge has connected
[18:45:18] [Netty Worker IO Thread #2/INFO]: [Popbob|/[0:0:0:0:0:0:0:1%0]:42180] <-> ServerConnector [lobby] has connected
[18:45:20] [Netty Worker IO Thread #2/INFO]: [/[0:0:0:0:0:0:0:1%0]:52948|goodgoonthe4th] -> UpstreamBridge has disconnected
[18:45:20] [Netty Worker IO Thread #2/INFO]: [goodgoonthe4th] disconnected with: Proxy lost connection to server.
[18:45:20] [Netty Worker IO Thread #2/INFO]: [/[0:0:0:0:0:0:0:1%0]:52948|goodgoonthe4th] <-> DownstreamBridge <-> [lobby] has disconnected
[18:45:23] [Netty Worker IO Thread #1/INFO] [EaglercraftXBungee]: [/[0:0:0:0:0:0:0:1%0]:47580]: Connected via websocket
[18:45:23] [Netty Worker IO Thread #1/INFO] [EaglercraftXBungee]: [/[0:0:0:0:0:0:0:1%0]:47580]: Origin header is null
[18:45:23] [Netty Worker IO Thread #1/INFO] [EaglercraftXBungee]: [/[0:0:0:0:0:0:0:1%0]:47580]: Logged in as 'imCOOKED'
[18:45:23] [Netty Worker IO Thread #1/INFO]: [/[0:0:0:0:0:0:0:1%0]:47580|imCOOKED] -> UpstreamBridge has connected
[18:45:23] [Netty Worker IO Thread #1/INFO]: [imCOOKED|/[0:0:0:0:0:0:0:1%0]:47580] <-> ServerConnector [lobby] has connected
[18:45:25] [Netty Worker IO Thread #2/INFO]: [/[0:0:0:0:0:0:0:1%0]:42180|Popbob] -> UpstreamBridge has disconnected
[18:45:25] [Netty Worker IO Thread #2/INFO]: [Popbob] disconnected with: Proxy lost connection to server.
[18:45:25] [Netty Worker IO Thread #2/INFO]: [/[0:0:0:0:0:0:0:1%0]:42180|Popbob] <-> DownstreamBridge <-> [lobby] has disconnected
[18:47:11] [Netty Worker IO Thread #3/INFO]: [/[0:0:0:0:0:0:0:1%0]:42162|Infinity] -> UpstreamBridge has disconnected
[18:47:11] [Netty Worker IO Thread #3/INFO]: [Infinity] disconnected with: Proxy lost connection to server.
[18:47:11] [Netty Worker IO Thread #3/INFO]: [/[0:0:0:0:0:0:0:1%0]:42162|Infinity] <-> DownstreamBridge <-> [lobby] has disconnected
[18:47:50] [Netty Worker IO Thread #0/INFO] [EaglercraftXBungee]: [/[0:0:0:0:0:0:0:1%0]:48356]: Connected via websocket
[18:47:50] [Netty Worker IO Thread #0/INFO] [EaglercraftXBungee]: [/[0:0:0:0:0:0:0:1%0]:48356]: Origin header is http://localhost:8081
[18:47:50] [Netty Worker IO Thread #0/INFO] [EaglercraftXBungee]: [/[0:0:0:0:0:0:0:1%0]:48356]: Logged in as 'Infinity'
[18:47:50] [Netty Worker IO Thread #0/INFO]: [/[0:0:0:0:0:0:0:1%0]:48356|Infinity] -> UpstreamBridge has connected
[18:47:50] [Netty Worker IO Thread #0/INFO]: [Infinity|/[0:0:0:0:0:0:0:1%0]:48356] <-> ServerConnector [lobby] has connected
[18:47:53] [Netty Worker IO Thread #2/INFO] [EaglercraftXBungee]: [/[0:0:0:0:0:0:0:1%0]:57512]: Connected via websocket
[18:47:53] [Netty Worker IO Thread #2/INFO] [EaglercraftXBungee]: [/[0:0:0:0:0:0:0:1%0]:57512]: Origin header is http://localhost:8081
[18:47:54] [Netty Worker IO Thread #2/INFO] [EaglercraftXBungee]: [/[0:0:0:0:0:0:0:1%0]:57512]: Logged in as 'Bill'
[18:47:54] [Netty Worker IO Thread #2/INFO]: [/[0:0:0:0:0:0:0:1%0]:57512|Bill] -> UpstreamBridge has connected
[18:47:54] [Netty Worker IO Thread #2/INFO]: [Bill|/[0:0:0:0:0:0:0:1%0]:57512] <-> ServerConnector [lobby] has connected
[18:48:11] [Netty Worker IO Thread #0/INFO] [EaglercraftXBungee]: [/[0:0:0:0:0:0:0:1%0]:51180]: Connected via websocket
[18:48:11] [Netty Worker IO Thread #0/INFO] [EaglercraftXBungee]: [/[0:0:0:0:0:0:0:1%0]:51180]: Origin header is http://localhost:8081
[18:48:11] [Netty Worker IO Thread #0/INFO] [EaglercraftXBungee]: [/[0:0:0:0:0:0:0:1%0]:51180]: Logged in as 'Nigger'
[18:48:11] [Netty Worker IO Thread #0/INFO]: [/[0:0:0:0:0:0:0:1%0]:51180|Nigger] -> UpstreamBridge has connected
[18:48:11] [Netty Worker IO Thread #0/INFO]: [Nigger|/[0:0:0:0:0:0:0:1%0]:51180] <-> ServerConnector [lobby] has connected
[18:48:11] [Netty Worker IO Thread #0/INFO]: [Nigger] disconnected with: Internal server error
[18:48:11] [Netty Worker IO Thread #0/INFO]: [/[0:0:0:0:0:0:0:1%0]:51180|Nigger] -> UpstreamBridge has disconnected
[18:48:11] [Netty Worker IO Thread #0/INFO]: [/[0:0:0:0:0:0:0:1%0]:51180|Nigger] <-> DownstreamBridge <-> [lobby] has disconnected
[18:48:17] [Netty Worker IO Thread #1/INFO] [EaglercraftXBungee]: [/[0:0:0:0:0:0:0:1%0]:51188]: Connected via websocket
[18:48:17] [Netty Worker IO Thread #1/INFO] [EaglercraftXBungee]: [/[0:0:0:0:0:0:0:1%0]:51188]: Origin header is http://localhost:8081
[18:48:17] [Netty Worker IO Thread #1/INFO] [EaglercraftXBungee]: [/[0:0:0:0:0:0:0:1%0]:51188]: Logged in as 'Nigger'
[18:48:17] [Netty Worker IO Thread #1/INFO]: [/[0:0:0:0:0:0:0:1%0]:51188|Nigger] -> UpstreamBridge has connected
[18:48:17] [Netty Worker IO Thread #1/INFO]: [Nigger|/[0:0:0:0:0:0:0:1%0]:51188] <-> ServerConnector [lobby] has connected
[18:48:17] [Netty Worker IO Thread #1/INFO]: [Nigger] disconnected with: Internal server error
[18:48:17] [Netty Worker IO Thread #1/INFO]: [/[0:0:0:0:0:0:0:1%0]:51188|Nigger] -> UpstreamBridge has disconnected
[18:48:17] [Netty Worker IO Thread #1/INFO]: [/[0:0:0:0:0:0:0:1%0]:51188|Nigger] <-> DownstreamBridge <-> [lobby] has disconnected
[18:48:46] [Netty Worker IO Thread #1/INFO]: [imCOOKED] disconnected with: You have been temporarily banned for yo hacking on the school minecraft servers crazy dawg
[18:48:46] [Netty Worker IO Thread #1/INFO]: [/[0:0:0:0:0:0:0:1%0]:47580|imCOOKED] -> UpstreamBridge has disconnected
[18:48:46] [Netty Worker IO Thread #1/INFO]: [/[0:0:0:0:0:0:0:1%0]:47580|imCOOKED] <-> DownstreamBridge <-> [lobby] has disconnected
[18:48:53] [Netty Worker IO Thread #3/INFO] [EaglercraftXBungee]: [/[0:0:0:0:0:0:0:1%0]:41092]: Connected via websocket
[18:48:53] [Netty Worker IO Thread #3/INFO] [EaglercraftXBungee]: [/[0:0:0:0:0:0:0:1%0]:41092]: Origin header is http://localhost:8081
[18:48:53] [Netty Worker IO Thread #3/INFO] [EaglercraftXBungee]: [/[0:0:0:0:0:0:0:1%0]:41092]: Logged in as 'Nigger'
[18:48:53] [Netty Worker IO Thread #3/INFO]: [/[0:0:0:0:0:0:0:1%0]:41092|Nigger] -> UpstreamBridge has connected
[18:48:53] [Netty Worker IO Thread #3/INFO]: [Nigger|/[0:0:0:0:0:0:0:1%0]:41092] <-> ServerConnector [lobby] has connected
[18:48:53] [Netty Worker IO Thread #3/INFO]: [Nigger] disconnected with: Internal server error
[18:48:53] [Netty Worker IO Thread #3/INFO]: [/[0:0:0:0:0:0:0:1%0]:41092|Nigger] -> UpstreamBridge has disconnected
[18:48:53] [Netty Worker IO Thread #3/INFO]: [/[0:0:0:0:0:0:0:1%0]:41092|Nigger] <-> DownstreamBridge <-> [lobby] has disconnected
[18:49:08] [Netty Worker IO Thread #1/INFO] [EaglercraftXBungee]: [/[0:0:0:0:0:0:0:1%0]:53206]: Connected via websocket
[18:49:08] [Netty Worker IO Thread #1/INFO] [EaglercraftXBungee]: [/[0:0:0:0:0:0:0:1%0]:53206]: Origin header is http://localhost:8081
[18:49:09] [Netty Worker IO Thread #1/INFO] [EaglercraftXBungee]: [/[0:0:0:0:0:0:0:1%0]:53206]: Logged in as 'jamtart'
[18:49:09] [Netty Worker IO Thread #1/INFO]: [/[0:0:0:0:0:0:0:1%0]:53206|jamtart] -> UpstreamBridge has connected
[18:49:09] [Netty Worker IO Thread #1/INFO]: [jamtart|/[0:0:0:0:0:0:0:1%0]:53206] <-> ServerConnector [lobby] has connected
[18:49:09] [Netty Worker IO Thread #1/INFO]: [jamtart] disconnected with: Internal server error
[18:49:09] [Netty Worker IO Thread #1/INFO]: [/[0:0:0:0:0:0:0:1%0]:53206|jamtart] -> UpstreamBridge has disconnected
[18:49:09] [Netty Worker IO Thread #1/INFO]: [/[0:0:0:0:0:0:0:1%0]:53206|jamtart] <-> DownstreamBridge <-> [lobby] has disconnected
[18:49:12] [Netty Worker IO Thread #2/INFO] [EaglercraftXBungee]: [/[0:0:0:0:0:0:0:1%0]:60412]: Connected via websocket
[18:49:12] [Netty Worker IO Thread #2/INFO] [EaglercraftXBungee]: [/[0:0:0:0:0:0:0:1%0]:60412]: Origin header is http://localhost:8081
[18:49:12] [Netty Worker IO Thread #2/INFO] [EaglercraftXBungee]: [/[0:0:0:0:0:0:0:1%0]:60412]: Logged in as 'jamtart'
[18:49:12] [Netty Worker IO Thread #2/INFO]: [/[0:0:0:0:0:0:0:1%0]:60412|jamtart] -> UpstreamBridge has connected
[18:49:12] [Netty Worker IO Thread #2/INFO]: [jamtart|/[0:0:0:0:0:0:0:1%0]:60412] <-> ServerConnector [lobby] has connected
[18:49:12] [Netty Worker IO Thread #2/INFO]: [jamtart] disconnected with: Internal server error
[18:49:12] [Netty Worker IO Thread #2/INFO]: [/[0:0:0:0:0:0:0:1%0]:60412|jamtart] -> UpstreamBridge has disconnected
[18:49:12] [Netty Worker IO Thread #2/INFO]: [/[0:0:0:0:0:0:0:1%0]:60412|jamtart] <-> DownstreamBridge <-> [lobby] has disconnected
[18:49:16] [Netty Worker IO Thread #3/INFO] [EaglercraftXBungee]: [/[0:0:0:0:0:0:0:1%0]:60424]: Connected via websocket
[18:49:16] [Netty Worker IO Thread #3/INFO] [EaglercraftXBungee]: [/[0:0:0:0:0:0:0:1%0]:60424]: Origin header is http://localhost:8081
[18:49:16] [Netty Worker IO Thread #3/INFO] [EaglercraftXBungee]: [/[0:0:0:0:0:0:0:1%0]:60424]: Logged in as 'jamtart'
[18:49:16] [Netty Worker IO Thread #3/INFO]: [/[0:0:0:0:0:0:0:1%0]:60424|jamtart] -> UpstreamBridge has connected
[18:49:16] [Netty Worker IO Thread #3/INFO]: [jamtart|/[0:0:0:0:0:0:0:1%0]:60424] <-> ServerConnector [lobby] has connected
[18:49:16] [Netty Worker IO Thread #3/INFO]: [jamtart] disconnected with: Internal server error
[18:49:16] [Netty Worker IO Thread #3/INFO]: [/[0:0:0:0:0:0:0:1%0]:60424|jamtart] -> UpstreamBridge has disconnected
[18:49:16] [Netty Worker IO Thread #3/INFO]: [/[0:0:0:0:0:0:0:1%0]:60424|jamtart] <-> DownstreamBridge <-> [lobby] has disconnected
[18:49:20] [Netty Worker IO Thread #0/INFO] [EaglercraftXBungee]: [/[0:0:0:0:0:0:0:1%0]:33504]: Connected via websocket
[18:49:20] [Netty Worker IO Thread #0/INFO] [EaglercraftXBungee]: [/[0:0:0:0:0:0:0:1%0]:33504]: Origin header is http://localhost:8081
[18:49:20] [Netty Worker IO Thread #0/INFO] [EaglercraftXBungee]: [/[0:0:0:0:0:0:0:1%0]:33504]: Logged in as 'jamtart'
[18:49:20] [Netty Worker IO Thread #0/INFO]: [/[0:0:0:0:0:0:0:1%0]:33504|jamtart] -> UpstreamBridge has connected
[18:49:20] [Netty Worker IO Thread #0/INFO]: [jamtart|/[0:0:0:0:0:0:0:1%0]:33504] <-> ServerConnector [lobby] has connected
[18:49:42] [Netty Worker IO Thread #2/INFO] [EaglercraftXBungee]: [/[0:0:0:0:0:0:0:1%0]:46570]: Connected via websocket
[18:49:42] [Netty Worker IO Thread #2/INFO] [EaglercraftXBungee]: [/[0:0:0:0:0:0:0:1%0]:46570]: Origin header is http://localhost:8081
[18:49:42] [Netty Worker IO Thread #2/INFO] [EaglercraftXBungee]: [/[0:0:0:0:0:0:0:1%0]:46570]: Logged in as 'GEEKED_BOB'
[18:49:42] [Netty Worker IO Thread #2/INFO]: [/[0:0:0:0:0:0:0:1%0]:46570|GEEKED_BOB] -> UpstreamBridge has connected
[18:49:42] [Netty Worker IO Thread #2/INFO]: [GEEKED_BOB|/[0:0:0:0:0:0:0:1%0]:46570] <-> ServerConnector [lobby] has connected
[18:49:43] [Netty Worker IO Thread #0/INFO]: [/[0:0:0:0:0:0:0:1%0]:48356|Infinity] -> UpstreamBridge has disconnected
[18:49:43] [Netty Worker IO Thread #0/INFO]: [Infinity] disconnected with: Proxy lost connection to server.
[18:49:43] [Netty Worker IO Thread #0/INFO]: [/[0:0:0:0:0:0:0:1%0]:48356|Infinity] <-> DownstreamBridge <-> [lobby] has disconnected
[18:50:51] [Netty Worker IO Thread #0/INFO] [EaglercraftXBungee]: [/[0:0:0:0:0:0:0:1%0]:54618]: Connected via websocket
[18:50:51] [Netty Worker IO Thread #0/INFO] [EaglercraftXBungee]: [/[0:0:0:0:0:0:0:1%0]:54618]: Origin header is http://localhost:8081
[18:50:51] [Netty Worker IO Thread #0/INFO] [EaglercraftXBungee]: [/[0:0:0:0:0:0:0:1%0]:54618]: Logged in as 'caden'
[18:50:51] [Netty Worker IO Thread #0/INFO]: [/[0:0:0:0:0:0:0:1%0]:54618|caden] -> UpstreamBridge has connected
[18:50:51] [Netty Worker IO Thread #0/INFO]: [caden|/[0:0:0:0:0:0:0:1%0]:54618] <-> ServerConnector [lobby] has connected
[18:50:58] [Netty Worker IO Thread #2/INFO] [EaglercraftXBungee]: [/[0:0:0:0:0:0:0:1%0]:54644]: Connected via websocket
[18:50:58] [Netty Worker IO Thread #2/INFO] [EaglercraftXBungee]: [/[0:0:0:0:0:0:0:1%0]:54644]: Origin header is http://localhost:8081
[18:50:58] [Netty Worker IO Thread #2/INFO] [EaglercraftXBungee]: [/[0:0:0:0:0:0:0:1%0]:54644]: Logged in as 'Nigger01'
[18:50:58] [Netty Worker IO Thread #2/INFO]: [/[0:0:0:0:0:0:0:1%0]:54644|Nigger01] -> UpstreamBridge has connected
[18:50:58] [Netty Worker IO Thread #2/INFO]: [Nigger01|/[0:0:0:0:0:0:0:1%0]:54644] <-> ServerConnector [lobby] has connected
[18:52:21] [Netty Worker IO Thread #0/INFO] [EaglercraftXBungee]: [/[0:0:0:0:0:0:0:1%0]:58354]: Connected via websocket
[18:52:21] [Netty Worker IO Thread #0/INFO] [EaglercraftXBungee]: [/[0:0:0:0:0:0:0:1%0]:58354]: Origin header is null
[18:52:21] [Netty Worker IO Thread #0/INFO] [EaglercraftXBungee]: [/[0:0:0:0:0:0:0:1%0]:58354]: Logged in as 'imCOOKED'
[18:52:21] [Netty Worker IO Thread #0/INFO]: [/[0:0:0:0:0:0:0:1%0]:58354|imCOOKED] -> UpstreamBridge has connected
[18:52:21] [Netty Worker IO Thread #0/INFO]: [imCOOKED|/[0:0:0:0:0:0:0:1%0]:58354] <-> ServerConnector [lobby] has connected
[18:52:21] [Netty Worker IO Thread #0/INFO]: [imCOOKED] disconnected with: Kicked whilst connecting to lobby: You have been temporarily banned from this server for yo hacking on the school minecraft servers crazy dawg 
It expires in 23 hours 56 minutes 25 seconds
[18:52:21] [Netty Worker IO Thread #0/INFO]: [/[0:0:0:0:0:0:0:1%0]:58354|imCOOKED] -> UpstreamBridge has disconnected
[18:52:21] [Netty Worker IO Thread #0/INFO]: [imCOOKED|/[0:0:0:0:0:0:0:1%0]:58354] <-> ServerConnector [lobby] has disconnected
[18:52:56] [Netty Worker IO Thread #0/INFO] [EaglercraftXBungee]: [/[0:0:0:0:0:0:0:1%0]:49580]: Connected via websocket
[18:52:56] [Netty Worker IO Thread #0/INFO] [EaglercraftXBungee]: [/[0:0:0:0:0:0:0:1%0]:49580]: Origin header is null
[18:52:56] [Netty Worker IO Thread #0/INFO] [EaglercraftXBungee]: [/[0:0:0:0:0:0:0:1%0]:49580]: Logged in as 'lolUsuck'
[18:52:56] [Netty Worker IO Thread #0/INFO]: [/[0:0:0:0:0:0:0:1%0]:49580|lolUsuck] -> UpstreamBridge has connected
[18:52:56] [Netty Worker IO Thread #0/INFO]: [lolUsuck|/[0:0:0:0:0:0:0:1%0]:49580] <-> ServerConnector [lobby] has connected
[18:52:56] [Netty Worker IO Thread #0/INFO]: [lolUsuck] disconnected with: Internal server error
[18:52:56] [Netty Worker IO Thread #0/INFO]: [/[0:0:0:0:0:0:0:1%0]:49580|lolUsuck] -> UpstreamBridge has disconnected
[18:52:56] [Netty Worker IO Thread #0/INFO]: [/[0:0:0:0:0:0:0:1%0]:49580|lolUsuck] <-> DownstreamBridge <-> [lobby] has disconnected
[18:53:00] [Netty Worker IO Thread #1/INFO] [EaglercraftXBungee]: [/[0:0:0:0:0:0:0:1%0]:54818]: Connected via websocket
[18:53:00] [Netty Worker IO Thread #1/INFO] [EaglercraftXBungee]: [/[0:0:0:0:0:0:0:1%0]:54818]: Origin header is null
[18:53:01] [Netty Worker IO Thread #1/INFO] [EaglercraftXBungee]: [/[0:0:0:0:0:0:0:1%0]:54818]: Logged in as 'lolUsuck'
[18:53:01] [Netty Worker IO Thread #1/INFO]: [/[0:0:0:0:0:0:0:1%0]:54818|lolUsuck] -> UpstreamBridge has connected
[18:53:01] [Netty Worker IO Thread #1/INFO]: [lolUsuck|/[0:0:0:0:0:0:0:1%0]:54818] <-> ServerConnector [lobby] has connected
[18:53:12] [Netty Worker IO Thread #0/INFO] [EaglercraftXBungee]: [/[0:0:0:0:0:0:0:1%0]:45992]: Connected via websocket
[18:53:12] [Netty Worker IO Thread #0/INFO] [EaglercraftXBungee]: [/[0:0:0:0:0:0:0:1%0]:45992]: Origin header is http://localhost:8081
[18:53:12] [Netty Worker IO Thread #0/INFO] [EaglercraftXBungee]: [/[0:0:0:0:0:0:0:1%0]:45992]: Logged in as 'Wonder'
[18:53:12] [Netty Worker IO Thread #0/INFO]: [/[0:0:0:0:0:0:0:1%0]:45992|Wonder] -> UpstreamBridge has connected
[18:53:12] [Netty Worker IO Thread #0/INFO]: [Wonder|/[0:0:0:0:0:0:0:1%0]:45992] <-> ServerConnector [lobby] has connected
[18:53:40] [Netty Worker IO Thread #2/INFO]: [/[0:0:0:0:0:0:0:1%0]:54644|Nigger01] -> UpstreamBridge has disconnected
[18:53:40] [Netty Worker IO Thread #2/INFO]: [Nigger01] disconnected with: Proxy lost connection to server.
[18:53:40] [Netty Worker IO Thread #2/INFO]: [/[0:0:0:0:0:0:0:1%0]:54644|Nigger01] <-> DownstreamBridge <-> [lobby] has disconnected
[18:54:33] [Netty Worker IO Thread #3/INFO] [EaglercraftXBungee]: [/[0:0:0:0:0:0:0:1%0]:55156]: Connected via websocket
[18:54:33] [Netty Worker IO Thread #3/INFO] [EaglercraftXBungee]: [/[0:0:0:0:0:0:0:1%0]:55156]: Origin header is http://localhost:8081
[18:54:33] [Netty Worker IO Thread #3/INFO] [EaglercraftXBungee]: [/[0:0:0:0:0:0:0:1%0]:55156]: Logged in as 'BedzGaming'
[18:54:33] [Netty Worker IO Thread #3/INFO]: [/[0:0:0:0:0:0:0:1%0]:55156|BedzGaming] -> UpstreamBridge has connected
[18:54:33] [Netty Worker IO Thread #3/INFO]: [BedzGaming|/[0:0:0:0:0:0:0:1%0]:55156] <-> ServerConnector [lobby] has connected
[18:55:38] [Netty Worker IO Thread #1/INFO]: [lolUsuck] disconnected with: You have been temporarily banned for yo hacking on the school minecraft servers crazy dawg
[18:55:38] [Netty Worker IO Thread #1/INFO]: [/[0:0:0:0:0:0:0:1%0]:54818|lolUsuck] -> UpstreamBridge has disconnected
[18:55:38] [Netty Worker IO Thread #1/INFO]: [/[0:0:0:0:0:0:0:1%0]:54818|lolUsuck] <-> DownstreamBridge <-> [lobby] has disconnected
[18:57:05] [Netty Worker IO Thread #0/INFO]: [/[0:0:0:0:0:0:0:1%0]:54618|caden] -> UpstreamBridge has disconnected
[18:57:05] [Netty Worker IO Thread #0/INFO]: [caden] disconnected with: Proxy lost connection to server.
[18:57:05] [Netty Worker IO Thread #0/INFO]: [/[0:0:0:0:0:0:0:1%0]:54618|caden] <-> DownstreamBridge <-> [lobby] has disconnected
[18:57:20] [Netty Worker IO Thread #2/INFO]: [/[0:0:0:0:0:0:0:1%0]:46570|GEEKED_BOB] -> UpstreamBridge has disconnected
[18:57:20] [Netty Worker IO Thread #2/INFO]: [GEEKED_BOB] disconnected with: Proxy lost connection to server.
[18:57:20] [Netty Worker IO Thread #2/INFO]: [/[0:0:0:0:0:0:0:1%0]:46570|GEEKED_BOB] <-> DownstreamBridge <-> [lobby] has disconnected
[19:00:42] [Netty Worker IO Thread #1/INFO]: [Steven] disconnected with: Server closed
[19:00:42] [Netty Worker IO Thread #1/INFO]: [/[0:0:0:0:0:0:0:1%0]:52940|Steven] -> UpstreamBridge has disconnected
[19:00:42] [Netty Worker IO Thread #1/INFO]: [/[0:0:0:0:0:0:0:1%0]:52940|Steven] <-> DownstreamBridge <-> [lobby] has disconnected
[19:00:42] [Netty Worker IO Thread #0/WARN]: [/[0:0:0:0:0:0:0:1%0]:45992|Wonder] <-> DownstreamBridge <-> [lobby] - NativeIoException: recvAddress(..) failed: Connection reset by peer
[19:00:42] [Netty Worker IO Thread #0/INFO]: [Wonder] disconnected with: The server you were previously on went down, you have been connected to a fallback server
[19:00:42] [Netty Worker IO Thread #0/INFO]: [/[0:0:0:0:0:0:0:1%0]:45992|Wonder] -> UpstreamBridge has disconnected
[19:00:42] [Netty Worker IO Thread #0/INFO]: [/[0:0:0:0:0:0:0:1%0]:45992|Wonder] <-> DownstreamBridge <-> [lobby] has disconnected
[19:00:42] [Netty Worker IO Thread #0/WARN]: [/[0:0:0:0:0:0:0:1%0]:45038|kingnigga] <-> DownstreamBridge <-> [lobby] - NativeIoException: recvAddress(..) failed: Connection reset by peer
[19:00:42] [Netty Worker IO Thread #0/INFO]: [kingnigga] disconnected with: The server you were previously on went down, you have been connected to a fallback server
[19:00:42] [Netty Worker IO Thread #2/WARN]: [/[0:0:0:0:0:0:0:1%0]:57512|Bill] <-> DownstreamBridge <-> [lobby] - NativeIoException: recvAddress(..) failed: Connection reset by peer
[19:00:42] [Netty Worker IO Thread #2/INFO]: [Bill] disconnected with: The server you were previously on went down, you have been connected to a fallback server
[19:00:42] [Netty Worker IO Thread #3/WARN]: [/[0:0:0:0:0:0:0:1%0]:55156|BedzGaming] <-> DownstreamBridge <-> [lobby] - NativeIoException: recvAddress(..) failed: Connection reset by peer
[19:00:42] [Netty Worker IO Thread #3/INFO]: [BedzGaming] disconnected with: The server you were previously on went down, you have been connected to a fallback server
[19:00:42] [Netty Worker IO Thread #2/INFO]: [/[0:0:0:0:0:0:0:1%0]:57512|Bill] -> UpstreamBridge has disconnected
[19:00:42] [Netty Worker IO Thread #2/INFO]: [/[0:0:0:0:0:0:0:1%0]:57512|Bill] <-> DownstreamBridge <-> [lobby] has disconnected
[19:00:42] [Netty Worker IO Thread #3/WARN]: [/[0:0:0:0:0:0:0:1%0]:51222|a__] <-> DownstreamBridge <-> [lobby] - NativeIoException: recvAddress(..) failed: Connection reset by peer
[19:00:42] [Netty Worker IO Thread #3/INFO]: [a__] disconnected with: The server you were previously on went down, you have been connected to a fallback server
[19:00:42] [Netty Worker IO Thread #3/INFO]: [/[0:0:0:0:0:0:0:1%0]:55156|BedzGaming] -> UpstreamBridge has disconnected
[19:00:42] [Netty Worker IO Thread #3/INFO]: [/[0:0:0:0:0:0:0:1%0]:55156|BedzGaming] <-> DownstreamBridge <-> [lobby] has disconnected
[19:00:42] [Netty Worker IO Thread #3/INFO]: [/[0:0:0:0:0:0:0:1%0]:51222|a__] -> UpstreamBridge has disconnected
[19:00:42] [Netty Worker IO Thread #3/INFO]: [/[0:0:0:0:0:0:0:1%0]:51222|a__] <-> DownstreamBridge <-> [lobby] has disconnected
[19:00:42] [Netty Worker IO Thread #0/INFO]: [/[0:0:0:0:0:0:0:1%0]:45038|kingnigga] -> UpstreamBridge has disconnected
[19:00:42] [Netty Worker IO Thread #0/INFO]: [/[0:0:0:0:0:0:0:1%0]:45038|kingnigga] <-> DownstreamBridge <-> [lobby] has disconnected
[19:00:42] [Netty Worker IO Thread #0/WARN]: [/[0:0:0:0:0:0:0:1%0]:33504|jamtart] <-> DownstreamBridge <-> [lobby] - NativeIoException: recvAddress(..) failed: Connection reset by peer
[19:00:42] [Netty Worker IO Thread #0/INFO]: [jamtart] disconnected with: The server you were previously on went down, you have been connected to a fallback server
[19:00:42] [Netty Worker IO Thread #0/INFO]: [/[0:0:0:0:0:0:0:1%0]:33504|jamtart] -> UpstreamBridge has disconnected
[19:00:42] [Netty Worker IO Thread #0/INFO]: [/[0:0:0:0:0:0:0:1%0]:33504|jamtart] <-> DownstreamBridge <-> [lobby] has disconnected
[19:00:46] [Netty Worker IO Thread #0/INFO] [EaglercraftXBungee]: [/[0:0:0:0:0:0:0:1%0]:49036]: Connected via websocket
[19:00:46] [Netty Worker IO Thread #0/INFO] [EaglercraftXBungee]: [/[0:0:0:0:0:0:0:1%0]:49036]: Origin header is http://localhost:8081
[19:00:46] [Netty Worker IO Thread #0/INFO] [EaglercraftXBungee]: [/[0:0:0:0:0:0:0:1%0]:49036]: Logged in as 'a__'
[19:00:46] [Netty Worker IO Thread #0/INFO]: [/[0:0:0:0:0:0:0:1%0]:49036|a__] -> UpstreamBridge has connected
[19:00:46] [Netty Worker IO Thread #0/WARN]: Error occurred processing connection for a__ AnnotatedConnectException : finishConnect(..) failed: Connection refused: localhost/127.0.0.1:25565
[19:00:46] [Netty Worker IO Thread #0/INFO]: [a__] disconnected with: Could not connect to a default or fallback server. Incorrectly configured address/port/firewall? 
[19:00:46] [Netty Worker IO Thread #0/INFO]: [/[0:0:0:0:0:0:0:1%0]:49036|a__] -> UpstreamBridge has disconnected
[19:00:47] [Netty Worker IO Thread #1/INFO] [EaglercraftXBungee]: [/[0:0:0:0:0:0:0:1%0]:49044]: Connected via websocket
[19:00:47] [Netty Worker IO Thread #1/INFO] [EaglercraftXBungee]: [/[0:0:0:0:0:0:0:1%0]:49044]: Origin header is null
[19:00:48] [Netty Worker IO Thread #1/INFO] [EaglercraftXBungee]: [/[0:0:0:0:0:0:0:1%0]:49044]: Logged in as 'Steven'
[19:00:48] [Netty Worker IO Thread #1/INFO]: [/[0:0:0:0:0:0:0:1%0]:49044|Steven] -> UpstreamBridge has connected
[19:00:48] [Netty Worker IO Thread #1/WARN]: Error occurred processing connection for Steven AnnotatedConnectException : finishConnect(..) failed: Connection refused: localhost/127.0.0.1:25565
[19:00:48] [Netty Worker IO Thread #1/INFO]: [Steven] disconnected with: Could not connect to a default or fallback server. Incorrectly configured address/port/firewall? 
[19:00:48] [Netty Worker IO Thread #1/INFO]: [/[0:0:0:0:0:0:0:1%0]:49044|Steven] -> UpstreamBridge has disconnected
[19:00:49] [Netty Worker IO Thread #3/INFO] [EaglercraftXBungee]: [/[0:0:0:0:0:0:0:1%0]:49052]: Connected via websocket
[19:00:49] [Netty Worker IO Thread #3/INFO] [EaglercraftXBungee]: [/[0:0:0:0:0:0:0:1%0]:49052]: Origin header is http://localhost:8081
[19:00:49] [Netty Worker IO Thread #3/INFO] [EaglercraftXBungee]: [/[0:0:0:0:0:0:0:1%0]:49052]: Logged in as 'Wonder'
[19:00:49] [Netty Worker IO Thread #3/INFO]: [/[0:0:0:0:0:0:0:1%0]:49052|Wonder] -> UpstreamBridge has connected
[19:00:49] [Netty Worker IO Thread #3/WARN]: Error occurred processing connection for Wonder AnnotatedConnectException : finishConnect(..) failed: Connection refused: localhost/127.0.0.1:25565
[19:00:49] [Netty Worker IO Thread #3/INFO]: [Wonder] disconnected with: Could not connect to a default or fallback server. Incorrectly configured address/port/firewall? 
[19:00:49] [Netty Worker IO Thread #3/INFO]: [/[0:0:0:0:0:0:0:1%0]:49052|Wonder] -> UpstreamBridge has disconnected
[19:00:51] [Netty Worker IO Thread #0/INFO] [EaglercraftXBungee]: [/[0:0:0:0:0:0:0:1%0]:33328]: Connected via websocket
[19:00:51] [Netty Worker IO Thread #0/INFO] [EaglercraftXBungee]: [/[0:0:0:0:0:0:0:1%0]:33328]: Origin header is http://localhost:8081
[19:00:51] [Netty Worker IO Thread #0/INFO] [EaglercraftXBungee]: [/[0:0:0:0:0:0:0:1%0]:33328]: Logged in as 'jamtart'
[19:00:51] [Netty Worker IO Thread #0/INFO]: [/[0:0:0:0:0:0:0:1%0]:33328|jamtart] -> UpstreamBridge has connected
[19:00:51] [Netty Worker IO Thread #0/WARN]: Error occurred processing connection for jamtart AnnotatedConnectException : finishConnect(..) failed: Connection refused: localhost/127.0.0.1:25565
[19:00:51] [Netty Worker IO Thread #0/INFO]: [jamtart] disconnected with: Could not connect to a default or fallback server. Incorrectly configured address/port/firewall? 
[19:00:51] [Netty Worker IO Thread #0/INFO]: [/[0:0:0:0:0:0:0:1%0]:33328|jamtart] -> UpstreamBridge has disconnected
[19:00:52] [Netty Worker IO Thread #2/INFO] [EaglercraftXBungee]: [/[0:0:0:0:0:0:0:1%0]:33336]: Connected via websocket
[19:00:52] [Netty Worker IO Thread #2/INFO] [EaglercraftXBungee]: [/[0:0:0:0:0:0:0:1%0]:33336]: Origin header is http://localhost:8081
[19:00:52] [Netty Worker IO Thread #1/INFO] [EaglercraftXBungee]: [/[0:0:0:0:0:0:0:1%0]:33332]: Connected via websocket
[19:00:52] [Netty Worker IO Thread #1/INFO] [EaglercraftXBungee]: [/[0:0:0:0:0:0:0:1%0]:33332]: Origin header is http://localhost:8081
[19:00:52] [Netty Worker IO Thread #2/INFO] [EaglercraftXBungee]: [/[0:0:0:0:0:0:0:1%0]:33336]: Logged in as 'Bill'
[19:00:52] [Netty Worker IO Thread #2/INFO]: [/[0:0:0:0:0:0:0:1%0]:33336|Bill] -> UpstreamBridge has connected
[19:00:52] [Netty Worker IO Thread #2/WARN]: Error occurred processing connection for Bill AnnotatedConnectException : finishConnect(..) failed: Connection refused: localhost/127.0.0.1:25565
[19:00:52] [Netty Worker IO Thread #2/INFO]: [Bill] disconnected with: Could not connect to a default or fallback server. Incorrectly configured address/port/firewall? 
[19:00:52] [Netty Worker IO Thread #2/INFO]: [/[0:0:0:0:0:0:0:1%0]:33336|Bill] -> UpstreamBridge has disconnected
[19:00:52] [Netty Worker IO Thread #1/INFO] [EaglercraftXBungee]: [/[0:0:0:0:0:0:0:1%0]:33332]: Logged in as 'kingnigga'
[19:00:52] [Netty Worker IO Thread #1/INFO]: [/[0:0:0:0:0:0:0:1%0]:33332|kingnigga] -> UpstreamBridge has connected
[19:00:52] [Netty Worker IO Thread #1/WARN]: Error occurred processing connection for kingnigga AnnotatedConnectException : finishConnect(..) failed: Connection refused: localhost/127.0.0.1:25565
[19:00:52] [Netty Worker IO Thread #1/INFO]: [kingnigga] disconnected with: Could not connect to a default or fallback server. Incorrectly configured address/port/firewall? 
[19:00:52] [Netty Worker IO Thread #1/INFO]: [/[0:0:0:0:0:0:0:1%0]:33332|kingnigga] -> UpstreamBridge has disconnected
[19:00:53] [Netty Worker IO Thread #3/INFO] [EaglercraftXBungee]: [/[0:0:0:0:0:0:0:1%0]:33346]: Connected via websocket
[19:00:53] [Netty Worker IO Thread #3/INFO] [EaglercraftXBungee]: [/[0:0:0:0:0:0:0:1%0]:33346]: Origin header is http://localhost:8081
[19:00:53] [Netty Worker IO Thread #3/INFO] [EaglercraftXBungee]: [/[0:0:0:0:0:0:0:1%0]:33346]: Logged in as 'Wonder'
[19:00:53] [Netty Worker IO Thread #3/INFO]: [/[0:0:0:0:0:0:0:1%0]:33346|Wonder] -> UpstreamBridge has connected
[19:00:53] [Netty Worker IO Thread #3/WARN]: Error occurred processing connection for Wonder AnnotatedConnectException : finishConnect(..) failed: Connection refused: localhost/127.0.0.1:25565
[19:00:53] [Netty Worker IO Thread #3/INFO]: [Wonder] disconnected with: Could not connect to a default or fallback server. Incorrectly configured address/port/firewall? 
[19:00:53] [Netty Worker IO Thread #3/INFO]: [/[0:0:0:0:0:0:0:1%0]:33346|Wonder] -> UpstreamBridge has disconnected
[19:00:53] [Netty Worker IO Thread #0/INFO] [EaglercraftXBungee]: [/[0:0:0:0:0:0:0:1%0]:33354]: Connected via websocket
[19:00:53] [Netty Worker IO Thread #0/INFO] [EaglercraftXBungee]: [/[0:0:0:0:0:0:0:1%0]:33354]: Origin header is null
[19:00:53] [Netty Worker IO Thread #0/INFO] [EaglercraftXBungee]: [/[0:0:0:0:0:0:0:1%0]:33354]: Logged in as 'Steven'
[19:00:53] [Netty Worker IO Thread #0/INFO]: [/[0:0:0:0:0:0:0:1%0]:33354|Steven] -> UpstreamBridge has connected
[19:00:53] [Netty Worker IO Thread #0/WARN]: Error occurred processing connection for Steven AnnotatedConnectException : finishConnect(..) failed: Connection refused: localhost/127.0.0.1:25565
[19:00:53] [Netty Worker IO Thread #0/INFO]: [Steven] disconnected with: Could not connect to a default or fallback server. Incorrectly configured address/port/firewall? 
[19:00:53] [Netty Worker IO Thread #0/INFO]: [/[0:0:0:0:0:0:0:1%0]:33354|Steven] -> UpstreamBridge has disconnected
[19:00:57] [Netty Worker IO Thread #3/INFO] [EaglercraftXBungee]: [/[0:0:0:0:0:0:0:1%0]:33380]: Connected via websocket
[19:00:57] [Netty Worker IO Thread #3/INFO] [EaglercraftXBungee]: [/[0:0:0:0:0:0:0:1%0]:33380]: Origin header is null
[19:00:57] [Netty Worker IO Thread #3/INFO] [EaglercraftXBungee]: [/[0:0:0:0:0:0:0:1%0]:33380]: Logged in as 'Steven'
[19:00:57] [Netty Worker IO Thread #3/INFO]: [/[0:0:0:0:0:0:0:1%0]:33380|Steven] -> UpstreamBridge has connected
[19:00:57] [Netty Worker IO Thread #3/INFO]: [Steven|/[0:0:0:0:0:0:0:1%0]:33380] <-> ServerConnector [lobby] has connected
[19:00:57] [Netty Worker IO Thread #0/INFO] [EaglercraftXBungee]: [/[0:0:0:0:0:0:0:1%0]:33384]: Connected via websocket
[19:00:57] [Netty Worker IO Thread #0/INFO] [EaglercraftXBungee]: [/[0:0:0:0:0:0:0:1%0]:33384]: Origin header is http://localhost:8081
[19:00:58] [Netty Worker IO Thread #0/INFO] [EaglercraftXBungee]: [/[0:0:0:0:0:0:0:1%0]:33384]: Logged in as 'Wonder'
[19:00:58] [Netty Worker IO Thread #0/INFO]: [/[0:0:0:0:0:0:0:1%0]:33384|Wonder] -> UpstreamBridge has connected
[19:00:58] [Netty Worker IO Thread #0/INFO]: [Wonder|/[0:0:0:0:0:0:0:1%0]:33384] <-> ServerConnector [lobby] has connected
[19:01:01] [Netty Worker IO Thread #3/INFO]: [Steven|/[0:0:0:0:0:0:0:1%0]:33380] <-> ServerConnector [lobby] has disconnected
[19:01:01] [Netty Worker IO Thread #0/INFO]: [Wonder|/[0:0:0:0:0:0:0:1%0]:33384] <-> ServerConnector [lobby] has disconnected
[19:01:05] [Netty Worker IO Thread #2/INFO] [EaglercraftXBungee]: [/[0:0:0:0:0:0:0:1%0]:44570]: Connected via websocket
[19:01:05] [Netty Worker IO Thread #2/INFO] [EaglercraftXBungee]: [/[0:0:0:0:0:0:0:1%0]:44570]: Origin header is http://localhost:8081
[19:01:05] [Netty Worker IO Thread #2/INFO] [EaglercraftXBungee]: [/[0:0:0:0:0:0:0:1%0]:44570]: Logged in as 'kingnigga'
[19:01:05] [Netty Worker IO Thread #2/INFO]: [/[0:0:0:0:0:0:0:1%0]:44570|kingnigga] -> UpstreamBridge has connected
[19:01:05] [Netty Worker IO Thread #2/INFO]: [kingnigga|/[0:0:0:0:0:0:0:1%0]:44570] <-> ServerConnector [lobby] has connected
[19:01:05] [Netty Worker IO Thread #3/INFO]: [/[0:0:0:0:0:0:0:1%0]:33380|Steven] -> UpstreamBridge has disconnected
[19:01:07] [Netty Worker IO Thread #3/INFO] [EaglercraftXBungee]: [/[0:0:0:0:0:0:0:1%0]:44584]: Connected via websocket
[19:01:07] [Netty Worker IO Thread #3/INFO] [EaglercraftXBungee]: [/[0:0:0:0:0:0:0:1%0]:44584]: Origin header is null
[19:01:08] [Netty Worker IO Thread #3/INFO] [EaglercraftXBungee]: [/[0:0:0:0:0:0:0:1%0]:44584]: Logged in as 'Steven'
[19:01:08] [Netty Worker IO Thread #3/INFO]: [/[0:0:0:0:0:0:0:1%0]:44584|Steven] -> UpstreamBridge has connected
[19:01:08] [Netty Worker IO Thread #3/INFO]: [Steven|/[0:0:0:0:0:0:0:1%0]:44584] <-> ServerConnector [lobby] has connected
[19:01:13] [Netty Worker IO Thread #0/INFO]: [/[0:0:0:0:0:0:0:1%0]:33384|Wonder] -> UpstreamBridge has disconnected
[19:01:18] [Netty Worker IO Thread #1/INFO] [EaglercraftXBungee]: [/[0:0:0:0:0:0:0:1%0]:50738]: Connected via websocket
[19:01:18] [Netty Worker IO Thread #1/INFO] [EaglercraftXBungee]: [/[0:0:0:0:0:0:0:1%0]:50738]: Origin header is http://localhost:8081
[19:01:18] [Netty Worker IO Thread #3/INFO]: [/[0:0:0:0:0:0:0:1%0]:44584|Steven] -> UpstreamBridge has disconnected
[19:01:18] [Netty Worker IO Thread #1/INFO] [EaglercraftXBungee]: [/[0:0:0:0:0:0:0:1%0]:50738]: Logged in as 'Wonder'
[19:01:18] [Netty Worker IO Thread #1/INFO]: [/[0:0:0:0:0:0:0:1%0]:50738|Wonder] -> UpstreamBridge has connected
[19:01:18] [Netty Worker IO Thread #1/INFO]: [Wonder|/[0:0:0:0:0:0:0:1%0]:50738] <-> ServerConnector [lobby] has connected
[19:01:20] [Netty Worker IO Thread #2/INFO]: [/[0:0:0:0:0:0:0:1%0]:44570|kingnigga] -> UpstreamBridge has disconnected
[19:01:22] [Netty Worker IO Thread #2/INFO] [EaglercraftXBungee]: [/[0:0:0:0:0:0:0:1%0]:45842]: Connected via websocket
[19:01:22] [Netty Worker IO Thread #2/INFO] [EaglercraftXBungee]: [/[0:0:0:0:0:0:0:1%0]:45842]: Origin header is null
[19:01:23] [Netty Worker IO Thread #2/INFO] [EaglercraftXBungee]: [/[0:0:0:0:0:0:0:1%0]:45842]: Logged in as 'Steven'
[19:01:23] [Netty Worker IO Thread #2/INFO]: [/[0:0:0:0:0:0:0:1%0]:45842|Steven] -> UpstreamBridge has connected
[19:01:23] [Netty Worker IO Thread #2/INFO]: [Steven|/[0:0:0:0:0:0:0:1%0]:45842] <-> ServerConnector [lobby] has connected
[19:01:24] [Netty Worker IO Thread #0/INFO] [EaglercraftXBungee]: [/[0:0:0:0:0:0:0:1%0]:45868]: Connected via websocket
[19:01:24] [Netty Worker IO Thread #0/INFO] [EaglercraftXBungee]: [/[0:0:0:0:0:0:0:1%0]:45868]: Origin header is http://localhost:8081
[19:01:24] [Netty Worker IO Thread #0/INFO] [EaglercraftXBungee]: [/[0:0:0:0:0:0:0:1%0]:45868]: Logged in as 'BedzGaming'
[19:01:24] [Netty Worker IO Thread #0/INFO]: [/[0:0:0:0:0:0:0:1%0]:45868|BedzGaming] -> UpstreamBridge has connected
[19:01:24] [Netty Worker IO Thread #0/INFO]: [BedzGaming|/[0:0:0:0:0:0:0:1%0]:45868] <-> ServerConnector [lobby] has connected
[19:01:24] [Netty Worker IO Thread #1/INFO] [EaglercraftXBungee]: [/[0:0:0:0:0:0:0:1%0]:45884]: Connected via websocket
[19:01:24] [Netty Worker IO Thread #1/INFO] [EaglercraftXBungee]: [/[0:0:0:0:0:0:0:1%0]:45884]: Origin header is http://localhost:8081
[19:01:24] [Netty Worker IO Thread #1/INFO] [EaglercraftXBungee]: [/[0:0:0:0:0:0:0:1%0]:45884]: Logged in as 'Bill'
[19:01:24] [Netty Worker IO Thread #1/INFO]: [/[0:0:0:0:0:0:0:1%0]:45884|Bill] -> UpstreamBridge has connected
[19:01:24] [Netty Worker IO Thread #1/INFO]: [Bill|/[0:0:0:0:0:0:0:1%0]:45884] <-> ServerConnector [lobby] has connected
[19:01:25] [Netty Worker IO Thread #3/INFO] [EaglercraftXBungee]: [/[0:0:0:0:0:0:0:1%0]:45906]: Connected via websocket
[19:01:25] [Netty Worker IO Thread #3/INFO] [EaglercraftXBungee]: [/[0:0:0:0:0:0:0:1%0]:45906]: Origin header is http://localhost:8081
[19:01:25] [Netty Worker IO Thread #3/INFO] [EaglercraftXBungee]: [/[0:0:0:0:0:0:0:1%0]:45906]: Logged in as 'a__'
[19:01:25] [Netty Worker IO Thread #3/INFO]: [/[0:0:0:0:0:0:0:1%0]:45906|a__] -> UpstreamBridge has connected
[19:01:25] [Netty Worker IO Thread #3/INFO]: [a__|/[0:0:0:0:0:0:0:1%0]:45906] <-> ServerConnector [lobby] has connected
[19:01:29] [Netty Worker IO Thread #0/INFO]: [/[0:0:0:0:0:0:0:1%0]:45868|BedzGaming] -> UpstreamBridge has disconnected
[19:01:30] [Netty Worker IO Thread #1/INFO]: [Wonder] disconnected with: Internal server error
[19:01:30] [Netty Worker IO Thread #1/INFO]: [/[0:0:0:0:0:0:0:1%0]:50738|Wonder] -> UpstreamBridge has disconnected
[19:01:30] [Netty Worker IO Thread #1/INFO]: [/[0:0:0:0:0:0:0:1%0]:50738|Wonder] <-> DownstreamBridge <-> [lobby] has disconnected
[19:01:30] [Netty Worker IO Thread #2/INFO]: [kingnigga] disconnected with: Internal server error
[19:01:30] [Netty Worker IO Thread #2/INFO]: [/[0:0:0:0:0:0:0:1%0]:44570|kingnigga] <-> DownstreamBridge <-> [lobby] has disconnected
[19:01:30] [Netty Worker IO Thread #2/INFO]: [Steven] disconnected with: Internal server error
[19:01:30] [Netty Worker IO Thread #2/INFO]: [/[0:0:0:0:0:0:0:1%0]:45842|Steven] -> UpstreamBridge has disconnected
[19:01:30] [Netty Worker IO Thread #2/INFO]: [/[0:0:0:0:0:0:0:1%0]:45842|Steven] <-> DownstreamBridge <-> [lobby] has disconnected
[19:01:30] [Netty Worker IO Thread #3/INFO]: [Steven] disconnected with: Internal server error
[19:01:30] [Netty Worker IO Thread #3/INFO]: [/[0:0:0:0:0:0:0:1%0]:44584|Steven] <-> DownstreamBridge <-> [lobby] has disconnected
[19:01:31] [Netty Worker IO Thread #1/INFO]: [Bill] disconnected with: Internal server error
[19:01:31] [Netty Worker IO Thread #0/INFO]: [BedzGaming] disconnected with: Internal server error
[19:01:31] [Netty Worker IO Thread #0/INFO]: [/[0:0:0:0:0:0:0:1%0]:45868|BedzGaming] <-> DownstreamBridge <-> [lobby] has disconnected
[19:01:31] [Netty Worker IO Thread #1/INFO]: [/[0:0:0:0:0:0:0:1%0]:45884|Bill] -> UpstreamBridge has disconnected
[19:01:31] [Netty Worker IO Thread #1/INFO]: [/[0:0:0:0:0:0:0:1%0]:45884|Bill] <-> DownstreamBridge <-> [lobby] has disconnected
[19:01:31] [Netty Worker IO Thread #3/INFO]: [a__] disconnected with: Internal server error
[19:01:31] [Netty Worker IO Thread #3/INFO]: [/[0:0:0:0:0:0:0:1%0]:45906|a__] -> UpstreamBridge has disconnected
[19:01:31] [Netty Worker IO Thread #3/INFO]: [/[0:0:0:0:0:0:0:1%0]:45906|a__] <-> DownstreamBridge <-> [lobby] has disconnected
[19:01:31] [Netty Worker IO Thread #0/INFO] [EaglercraftXBungee]: [/[0:0:0:0:0:0:0:1%0]:46192]: Connected via websocket
[19:01:31] [Netty Worker IO Thread #0/INFO] [EaglercraftXBungee]: [/[0:0:0:0:0:0:0:1%0]:46192]: Origin header is http://localhost:8081
[19:01:31] [Netty Worker IO Thread #0/INFO] [EaglercraftXBungee]: [/[0:0:0:0:0:0:0:1%0]:46192]: Logged in as 'BedzGaming'
[19:01:31] [Netty Worker IO Thread #0/INFO]: [/[0:0:0:0:0:0:0:1%0]:46192|BedzGaming] -> UpstreamBridge has connected
[19:01:31] [Netty Worker IO Thread #0/INFO]: [BedzGaming|/[0:0:0:0:0:0:0:1%0]:46192] <-> ServerConnector [lobby] has connected
[19:01:34] [Netty Worker IO Thread #1/INFO] [EaglercraftXBungee]: [/[0:0:0:0:0:0:0:1%0]:46208]: Connected via websocket
[19:01:34] [Netty Worker IO Thread #1/INFO] [EaglercraftXBungee]: [/[0:0:0:0:0:0:0:1%0]:46208]: Origin header is http://localhost:8081
[19:01:34] [Netty Worker IO Thread #1/INFO] [EaglercraftXBungee]: [/[0:0:0:0:0:0:0:1%0]:46208]: Logged in as 'Wonder'
[19:01:34] [Netty Worker IO Thread #1/INFO]: [/[0:0:0:0:0:0:0:1%0]:46208|Wonder] -> UpstreamBridge has connected
[19:01:34] [Netty Worker IO Thread #1/INFO]: [Wonder|/[0:0:0:0:0:0:0:1%0]:46208] <-> ServerConnector [lobby] has connected
[19:01:34] [Netty Worker IO Thread #1/INFO]: [Wonder] disconnected with: Internal server error
[19:01:34] [Netty Worker IO Thread #1/INFO]: [/[0:0:0:0:0:0:0:1%0]:46208|Wonder] -> UpstreamBridge has disconnected
[19:01:34] [Netty Worker IO Thread #1/INFO]: [/[0:0:0:0:0:0:0:1%0]:46208|Wonder] <-> DownstreamBridge <-> [lobby] has disconnected
[19:01:37] [Netty Worker IO Thread #3/INFO] [EaglercraftXBungee]: [/[0:0:0:0:0:0:0:1%0]:46228]: Connected via websocket
[19:01:37] [Netty Worker IO Thread #3/INFO] [EaglercraftXBungee]: [/[0:0:0:0:0:0:0:1%0]:46228]: Origin header is http://localhost:8081
[19:01:37] [Netty Worker IO Thread #3/INFO] [EaglercraftXBungee]: [/[0:0:0:0:0:0:0:1%0]:46228]: Logged in as 'Bill'
[19:01:37] [Netty Worker IO Thread #3/INFO]: [/[0:0:0:0:0:0:0:1%0]:46228|Bill] -> UpstreamBridge has connected
[19:01:37] [Netty Worker IO Thread #3/INFO]: [Bill|/[0:0:0:0:0:0:0:1%0]:46228] <-> ServerConnector [lobby] has connected
[19:01:38] [Netty Worker IO Thread #1/INFO] [EaglercraftXBungee]: [/[0:0:0:0:0:0:0:1%0]:46252]: Connected via websocket
[19:01:38] [Netty Worker IO Thread #1/INFO] [EaglercraftXBungee]: [/[0:0:0:0:0:0:0:1%0]:46252]: Origin header is http://localhost:8081
[19:01:38] [Netty Worker IO Thread #1/INFO] [EaglercraftXBungee]: [/[0:0:0:0:0:0:0:1%0]:46252]: Logged in as 'Wonder'
[19:01:38] [Netty Worker IO Thread #1/INFO]: [/[0:0:0:0:0:0:0:1%0]:46252|Wonder] -> UpstreamBridge has connected
[19:01:38] [Netty Worker IO Thread #1/INFO]: [Wonder|/[0:0:0:0:0:0:0:1%0]:46252] <-> ServerConnector [lobby] has connected
[19:01:38] [Netty Worker IO Thread #1/INFO]: [Wonder] disconnected with: Internal server error
[19:01:38] [Netty Worker IO Thread #1/INFO]: [/[0:0:0:0:0:0:0:1%0]:46252|Wonder] -> UpstreamBridge has disconnected
[19:01:38] [Netty Worker IO Thread #1/INFO]: [/[0:0:0:0:0:0:0:1%0]:46252|Wonder] <-> DownstreamBridge <-> [lobby] has disconnected
[19:01:39] [Netty Worker IO Thread #2/INFO] [EaglercraftXBungee]: [/[0:0:0:0:0:0:0:1%0]:46260]: Connected via websocket
[19:01:39] [Netty Worker IO Thread #2/INFO] [EaglercraftXBungee]: [/[0:0:0:0:0:0:0:1%0]:46260]: Origin header is http://localhost:8081
[19:01:39] [Netty Worker IO Thread #2/INFO] [EaglercraftXBungee]: [/[0:0:0:0:0:0:0:1%0]:46260]: Logged in as 'a__'
[19:01:39] [Netty Worker IO Thread #2/INFO]: [/[0:0:0:0:0:0:0:1%0]:46260|a__] -> UpstreamBridge has connected
[19:01:39] [Netty Worker IO Thread #2/INFO]: [a__|/[0:0:0:0:0:0:0:1%0]:46260] <-> ServerConnector [lobby] has connected
[19:01:41] [Netty Worker IO Thread #3/INFO] [EaglercraftXBungee]: [/[0:0:0:0:0:0:0:1%0]:55336]: Connected via websocket
[19:01:41] [Netty Worker IO Thread #3/INFO] [EaglercraftXBungee]: [/[0:0:0:0:0:0:0:1%0]:55336]: Origin header is null
[19:01:41] [Netty Worker IO Thread #3/INFO] [EaglercraftXBungee]: [/[0:0:0:0:0:0:0:1%0]:55336]: Logged in as 'Steven'
[19:01:41] [Netty Worker IO Thread #3/INFO]: [/[0:0:0:0:0:0:0:1%0]:55336|Steven] -> UpstreamBridge has connected
[19:01:41] [Netty Worker IO Thread #3/INFO]: [Steven|/[0:0:0:0:0:0:0:1%0]:55336] <-> ServerConnector [lobby] has connected
[19:01:41] [Netty Worker IO Thread #0/INFO] [EaglercraftXBungee]: [/[0:0:0:0:0:0:0:1%0]:55346]: Connected via websocket
[19:01:41] [Netty Worker IO Thread #0/INFO] [EaglercraftXBungee]: [/[0:0:0:0:0:0:0:1%0]:55346]: Origin header is http://localhost:8081
[19:01:41] [Netty Worker IO Thread #0/INFO] [EaglercraftXBungee]: [/[0:0:0:0:0:0:0:1%0]:55346]: Logged in as 'Wonder'
[19:01:41] [Netty Worker IO Thread #0/INFO]: [/[0:0:0:0:0:0:0:1%0]:55346|Wonder] -> UpstreamBridge has connected
[19:01:41] [Netty Worker IO Thread #0/INFO]: [Wonder|/[0:0:0:0:0:0:0:1%0]:55346] <-> ServerConnector [lobby] has connected
[19:01:46] [Netty Worker IO Thread #1/INFO] [EaglercraftXBungee]: [/[0:0:0:0:0:0:0:1%0]:55362]: Connected via websocket
[19:01:46] [Netty Worker IO Thread #1/INFO] [EaglercraftXBungee]: [/[0:0:0:0:0:0:0:1%0]:55362]: Origin header is http://localhost:8081
[19:01:46] [Netty Worker IO Thread #1/INFO] [EaglercraftXBungee]: [/[0:0:0:0:0:0:0:1%0]:55362]: Logged in as 'kingnigga'
[19:01:46] [Netty Worker IO Thread #1/INFO]: [/[0:0:0:0:0:0:0:1%0]:55362|kingnigga] -> UpstreamBridge has connected
[19:01:46] [Netty Worker IO Thread #1/INFO]: [kingnigga|/[0:0:0:0:0:0:0:1%0]:55362] <-> ServerConnector [lobby] has connected
[19:01:46] [Netty Worker IO Thread #1/INFO]: [kingnigga] disconnected with: Internal server error
[19:01:46] [Netty Worker IO Thread #1/INFO]: [/[0:0:0:0:0:0:0:1%0]:55362|kingnigga] -> UpstreamBridge has disconnected
[19:01:46] [Netty Worker IO Thread #1/INFO]: [/[0:0:0:0:0:0:0:1%0]:55362|kingnigga] <-> DownstreamBridge <-> [lobby] has disconnected
[19:01:56] [Netty Worker IO Thread #2/INFO] [EaglercraftXBungee]: [/[0:0:0:0:0:0:0:1%0]:58804]: Connected via websocket
[19:01:56] [Netty Worker IO Thread #2/INFO] [EaglercraftXBungee]: [/[0:0:0:0:0:0:0:1%0]:58804]: Origin header is http://localhost:8081
[19:01:57] [Netty Worker IO Thread #2/INFO] [EaglercraftXBungee]: [/[0:0:0:0:0:0:0:1%0]:58804]: Logged in as 'jamtart'
[19:01:57] [Netty Worker IO Thread #2/INFO]: [/[0:0:0:0:0:0:0:1%0]:58804|jamtart] -> UpstreamBridge has connected
[19:01:57] [Netty Worker IO Thread #2/INFO]: [jamtart|/[0:0:0:0:0:0:0:1%0]:58804] <-> ServerConnector [lobby] has connected
[19:02:18] [Netty Worker IO Thread #0/INFO] [EaglercraftXBungee]: [/[0:0:0:0:0:0:0:1%0]:55896]: Connected via websocket
[19:02:18] [Netty Worker IO Thread #0/INFO] [EaglercraftXBungee]: [/[0:0:0:0:0:0:0:1%0]:55896]: Origin header is null
[19:02:18] [Netty Worker IO Thread #0/INFO] [EaglercraftXBungee]: [/[0:0:0:0:0:0:0:1%0]:55896]: Logged in as 'lolUsuckk'
[19:02:18] [Netty Worker IO Thread #0/INFO]: [/[0:0:0:0:0:0:0:1%0]:55896|lolUsuckk] -> UpstreamBridge has connected
[19:02:18] [Netty Worker IO Thread #0/INFO]: [lolUsuckk|/[0:0:0:0:0:0:0:1%0]:55896] <-> ServerConnector [lobby] has connected
[19:02:18] [Netty Worker IO Thread #0/INFO]: [lolUsuckk] disconnected with: Internal server error
[19:02:18] [Netty Worker IO Thread #0/INFO]: [/[0:0:0:0:0:0:0:1%0]:55896|lolUsuckk] -> UpstreamBridge has disconnected
[19:02:18] [Netty Worker IO Thread #0/INFO]: [/[0:0:0:0:0:0:0:1%0]:55896|lolUsuckk] <-> DownstreamBridge <-> [lobby] has disconnected
[19:02:21] [Netty Worker IO Thread #1/INFO] [EaglercraftXBungee]: [/[0:0:0:0:0:0:0:1%0]:41876]: Connected via websocket
[19:02:21] [Netty Worker IO Thread #1/INFO] [EaglercraftXBungee]: [/[0:0:0:0:0:0:0:1%0]:41876]: Origin header is null
[19:02:21] [Netty Worker IO Thread #1/INFO] [EaglercraftXBungee]: [/[0:0:0:0:0:0:0:1%0]:41876]: Logged in as 'lolUsuckk'
[19:02:21] [Netty Worker IO Thread #1/INFO]: [/[0:0:0:0:0:0:0:1%0]:41876|lolUsuckk] -> UpstreamBridge has connected
[19:02:21] [Netty Worker IO Thread #1/INFO]: [lolUsuckk|/[0:0:0:0:0:0:0:1%0]:41876] <-> ServerConnector [lobby] has connected
[19:02:25] [Netty Worker IO Thread #2/INFO] [EaglercraftXBungee]: [/[0:0:0:0:0:0:0:1%0]:41886]: Connected via websocket
[19:02:25] [Netty Worker IO Thread #2/INFO] [EaglercraftXBungee]: [/[0:0:0:0:0:0:0:1%0]:41886]: Origin header is http://localhost:8081
[19:02:25] [Netty Worker IO Thread #2/INFO] [EaglercraftXBungee]: [/[0:0:0:0:0:0:0:1%0]:41886]: Logged in as 'kingnigga'
[19:02:25] [Netty Worker IO Thread #2/INFO]: [/[0:0:0:0:0:0:0:1%0]:41886|kingnigga] -> UpstreamBridge has connected
[19:02:25] [Netty Worker IO Thread #2/INFO]: [kingnigga|/[0:0:0:0:0:0:0:1%0]:41886] <-> ServerConnector [lobby] has connected
[19:02:38] [Netty Worker IO Thread #0/INFO] [EaglercraftXBungee]: [/[0:0:0:0:0:0:0:1%0]:53096]: Connected via websocket
[19:02:38] [Netty Worker IO Thread #0/INFO] [EaglercraftXBungee]: [/[0:0:0:0:0:0:0:1%0]:53096]: Origin header is http://localhost:8081
[19:02:38] [Netty Worker IO Thread #0/INFO] [EaglercraftXBungee]: [/[0:0:0:0:0:0:0:1%0]:53096]: Logged in as 'Nigger01'
[19:02:38] [Netty Worker IO Thread #0/INFO]: [/[0:0:0:0:0:0:0:1%0]:53096|Nigger01] -> UpstreamBridge has connected
[19:02:38] [Netty Worker IO Thread #0/INFO]: [Nigger01|/[0:0:0:0:0:0:0:1%0]:53096] <-> ServerConnector [lobby] has connected
[19:03:00] [Netty Worker IO Thread #3/INFO]: [/[0:0:0:0:0:0:0:1%0]:55336|Steven] -> UpstreamBridge has disconnected
[19:03:00] [Netty Worker IO Thread #3/INFO]: [Steven] disconnected with: Proxy lost connection to server.
[19:03:00] [Netty Worker IO Thread #3/INFO]: [/[0:0:0:0:0:0:0:1%0]:55336|Steven] <-> DownstreamBridge <-> [lobby] has disconnected
[19:03:16] [Netty Worker IO Thread #0/INFO]: [/[0:0:0:0:0:0:0:1%0]:53096|Nigger01] -> UpstreamBridge has disconnected
[19:03:16] [Netty Worker IO Thread #0/INFO]: [Nigger01] disconnected with: Proxy lost connection to server.
[19:03:16] [Netty Worker IO Thread #0/INFO]: [/[0:0:0:0:0:0:0:1%0]:53096|Nigger01] <-> DownstreamBridge <-> [lobby] has disconnected
[19:03:44] [Netty Worker IO Thread #2/INFO] [EaglercraftXBungee]: [/[0:0:0:0:0:0:0:1%0]:40436]: Connected via websocket
[19:03:44] [Netty Worker IO Thread #2/INFO] [EaglercraftXBungee]: [/[0:0:0:0:0:0:0:1%0]:40436]: Origin header is null
[19:03:44] [Netty Worker IO Thread #2/INFO] [EaglercraftXBungee]: [/[0:0:0:0:0:0:0:1%0]:40436]: Logged in as 'Steven'
[19:03:44] [Netty Worker IO Thread #2/INFO]: [/[0:0:0:0:0:0:0:1%0]:40436|Steven] -> UpstreamBridge has connected
[19:03:44] [Netty Worker IO Thread #2/INFO]: [Steven|/[0:0:0:0:0:0:0:1%0]:40436] <-> ServerConnector [lobby] has connected
[19:04:02] [Netty Worker IO Thread #0/INFO] [EaglercraftXBungee]: [/[0:0:0:0:0:0:0:1%0]:38426]: Connected via websocket
[19:04:02] [Netty Worker IO Thread #0/INFO] [EaglercraftXBungee]: [/[0:0:0:0:0:0:0:1%0]:38426]: Origin header is http://localhost:8081
[19:04:02] [Netty Worker IO Thread #0/INFO] [EaglercraftXBungee]: [/[0:0:0:0:0:0:0:1%0]:38426]: Logged in as 'JohannMinecraft'
[19:04:02] [Netty Worker IO Thread #0/INFO]: [/[0:0:0:0:0:0:0:1%0]:38426|JohannMinecraft] -> UpstreamBridge has connected
[19:04:02] [Netty Worker IO Thread #0/INFO]: [JohannMinecraft|/[0:0:0:0:0:0:0:1%0]:38426] <-> ServerConnector [lobby] has connected
[19:04:22] [Netty Worker IO Thread #0/INFO]: [/[0:0:0:0:0:0:0:1%0]:46192|BedzGaming] -> UpstreamBridge has disconnected
[19:04:22] [Netty Worker IO Thread #0/INFO]: [BedzGaming] disconnected with: Proxy lost connection to server.
[19:04:22] [Netty Worker IO Thread #0/INFO]: [/[0:0:0:0:0:0:0:1%0]:46192|BedzGaming] <-> DownstreamBridge <-> [lobby] has disconnected
[19:06:44] [Netty Worker IO Thread #3/INFO]: [/[0:0:0:0:0:0:0:1%0]:46228|Bill] -> UpstreamBridge has disconnected
[19:06:44] [Netty Worker IO Thread #3/INFO]: [Bill] disconnected with: Proxy lost connection to server.
[19:06:44] [Netty Worker IO Thread #3/INFO]: [/[0:0:0:0:0:0:0:1%0]:46228|Bill] <-> DownstreamBridge <-> [lobby] has disconnected
[19:08:35] [Netty Worker IO Thread #1/INFO]: [/[0:0:0:0:0:0:0:1%0]:41876|lolUsuckk] -> UpstreamBridge has disconnected
[19:08:35] [Netty Worker IO Thread #1/INFO]: [lolUsuckk] disconnected with: Proxy lost connection to server.
[19:08:35] [Netty Worker IO Thread #1/INFO]: [/[0:0:0:0:0:0:0:1%0]:41876|lolUsuckk] <-> DownstreamBridge <-> [lobby] has disconnected
[19:09:17] [Netty Worker IO Thread #1/INFO] [EaglercraftXBungee]: [/[0:0:0:0:0:0:0:1%0]:51990]: Connected via websocket
[19:09:17] [Netty Worker IO Thread #1/INFO] [EaglercraftXBungee]: [/[0:0:0:0:0:0:0:1%0]:51990]: Origin header is http://localhost:8081
[19:09:17] [Netty Worker IO Thread #1/INFO] [EaglercraftXBungee]: [/[0:0:0:0:0:0:0:1%0]:51990]: Logged in as 'BedzGaming'
[19:09:17] [Netty Worker IO Thread #1/INFO]: [/[0:0:0:0:0:0:0:1%0]:51990|BedzGaming] -> UpstreamBridge has connected
[19:09:17] [Netty Worker IO Thread #1/INFO]: [BedzGaming|/[0:0:0:0:0:0:0:1%0]:51990] <-> ServerConnector [lobby] has connected
[19:09:17] [Netty Worker IO Thread #1/INFO]: [BedzGaming] disconnected with: Internal server error
[19:09:17] [Netty Worker IO Thread #1/INFO]: [/[0:0:0:0:0:0:0:1%0]:51990|BedzGaming] -> UpstreamBridge has disconnected
[19:09:17] [Netty Worker IO Thread #1/INFO]: [/[0:0:0:0:0:0:0:1%0]:51990|BedzGaming] <-> DownstreamBridge <-> [lobby] has disconnected
[19:09:20] [Netty Worker IO Thread #3/INFO] [EaglercraftXBungee]: [/[0:0:0:0:0:0:0:1%0]:46030]: Connected via websocket
[19:09:20] [Netty Worker IO Thread #3/INFO] [EaglercraftXBungee]: [/[0:0:0:0:0:0:0:1%0]:46030]: Origin header is http://localhost:8081
[19:09:20] [Netty Worker IO Thread #3/INFO] [EaglercraftXBungee]: [/[0:0:0:0:0:0:0:1%0]:46030]: Logged in as 'BedzGaming'
[19:09:20] [Netty Worker IO Thread #3/INFO]: [/[0:0:0:0:0:0:0:1%0]:46030|BedzGaming] -> UpstreamBridge has connected
[19:09:20] [Netty Worker IO Thread #3/INFO]: [BedzGaming|/[0:0:0:0:0:0:0:1%0]:46030] <-> ServerConnector [lobby] has connected
[19:09:20] [Netty Worker IO Thread #3/INFO]: [BedzGaming] disconnected with: Internal server error
[19:09:20] [Netty Worker IO Thread #3/INFO]: [/[0:0:0:0:0:0:0:1%0]:46030|BedzGaming] -> UpstreamBridge has disconnected
[19:09:20] [Netty Worker IO Thread #3/INFO]: [/[0:0:0:0:0:0:0:1%0]:46030|BedzGaming] <-> DownstreamBridge <-> [lobby] has disconnected
[19:09:25] [Netty Worker IO Thread #3/INFO] [EaglercraftXBungee]: [/[0:0:0:0:0:0:0:1%0]:46114]: Connected via websocket
[19:09:25] [Netty Worker IO Thread #3/INFO] [EaglercraftXBungee]: [/[0:0:0:0:0:0:0:1%0]:46114]: Origin header is http://localhost:8081
[19:09:25] [Netty Worker IO Thread #3/INFO] [EaglercraftXBungee]: [/[0:0:0:0:0:0:0:1%0]:46114]: Logged in as 'BedzGaming'
[19:09:25] [Netty Worker IO Thread #3/INFO]: [/[0:0:0:0:0:0:0:1%0]:46114|BedzGaming] -> UpstreamBridge has connected
[19:09:25] [Netty Worker IO Thread #3/INFO]: [BedzGaming|/[0:0:0:0:0:0:0:1%0]:46114] <-> ServerConnector [lobby] has connected
[19:11:07] [Netty Worker IO Thread #0/INFO] [EaglercraftXBungee]: [/[0:0:0:0:0:0:0:1%0]:46808]: Connected via websocket
[19:11:07] [Netty Worker IO Thread #0/INFO] [EaglercraftXBungee]: [/[0:0:0:0:0:0:0:1%0]:46808]: Origin header is http://localhost:8081
[19:11:07] [Netty Worker IO Thread #0/INFO] [EaglercraftXBungee]: [/[0:0:0:0:0:0:0:1%0]:46808]: Logged in as 'jewburner'
[19:11:07] [Netty Worker IO Thread #0/INFO]: [/[0:0:0:0:0:0:0:1%0]:46808|jewburner] -> UpstreamBridge has connected
[19:11:07] [Netty Worker IO Thread #0/INFO]: [jewburner|/[0:0:0:0:0:0:0:1%0]:46808] <-> ServerConnector [lobby] has connected
[19:11:25] [Netty Worker IO Thread #2/INFO] [EaglercraftXBungee]: [/[0:0:0:0:0:0:0:1%0]:48560]: Connected via websocket
[19:11:25] [Netty Worker IO Thread #2/INFO] [EaglercraftXBungee]: [/[0:0:0:0:0:0:0:1%0]:48560]: Origin header is http://localhost:8081
[19:11:25] [Netty Worker IO Thread #2/INFO] [EaglercraftXBungee]: [/[0:0:0:0:0:0:0:1%0]:48560]: Logged in as 'TheChosenOne'
[19:11:25] [Netty Worker IO Thread #2/INFO]: [/[0:0:0:0:0:0:0:1%0]:48560|TheChosenOne] -> UpstreamBridge has connected
[19:11:25] [Netty Worker IO Thread #2/INFO]: [TheChosenOne|/[0:0:0:0:0:0:0:1%0]:48560] <-> ServerConnector [lobby] has connected
