[2024-10-06 22:53:12] [INFO]:
Spectator UUID: e7c24215-dfa4-3c38-a935-0a08fc511456
Spectator Name: a__
Taken         : []
Given         : [COOKED_MUTTON x 3, TORCH x 1, WOOD x 40, STEP x 2, IRON_PICKAXE x 1, COOKED_BEEF x 2]
Target        : Danny
[2024-10-06 22:53:12] [INFO]:
Spectator UUID: e7c24215-dfa4-3c38-a935-0a08fc511456
Spectator Name: a__
Taken         : []
Given         : [COOKED_MUTTON x 3, TORCH x 1, WOOD x 40, STEP x 2, IRON_PICKAXE x 1, COOKED_BEEF x 2]
Target        : Danny
[2024-10-06 22:53:12] [INFO]:
Spectator UUID: e7c24215-dfa4-3c38-a935-0a08fc511456
Spectator Name: a__
Taken         : []
Given         : [COOKED_MUTTON x 3, TORCH x 1, WOOD x 40, STEP x 2, IRON_PICKAXE x 1, COOKED_BEEF x 2]
Target        : Danny
[2024-10-06 22:53:12] [INFO]:
Spectator UUID: e7c24215-dfa4-3c38-a935-0a08fc511456
Spectator Name: a__
Taken         : []
Given         : [COOKED_MUTTON x 3, TORCH x 1, WOOD x 40, STEP x 2, IRON_PICKAXE x 1, COOKED_BEEF x 2]
Target        : Danny
[2024-10-06 22:56:17] [INFO]:
Spectator UUID: e7c24215-dfa4-3c38-a935-0a08fc511456
Spectator Name: a__
Taken         : []
Given         : [DIAMOND x 1]
Target        : XxTenderFlyxX
[2024-10-08 19:30:08] [INFO]:
Spectator UUID: 94cc9361-df90-3d70-a09d-55ea0279e1a1
Spectator Name: BaconMania
Taken         : [IRON_SWORD & UNSPECIFIC_META:{meta-type=UNSPECIFIC, display-name=The Dildo Slammer, enchants={DAMAGE_ALL=1, DURABILITY=1, KNOCKBACK=2}, repair-cost=3} x 1, IRON_INGOT x 39, IRON_PICKAXE x 1, FLINT_AND_STEEL x 1]
Given         : []
Target        : geep
[2024-10-08 19:30:08] [INFO]:
Spectator UUID: 94cc9361-df90-3d70-a09d-55ea0279e1a1
Spectator Name: BaconMania
Taken         : [IRON_SWORD & UNSPECIFIC_META:{meta-type=UNSPECIFIC, display-name=The Dildo Slammer, enchants={DAMAGE_ALL=1, DURABILITY=1, KNOCKBACK=2}, repair-cost=3} x 1, IRON_INGOT x 39, IRON_PICKAXE x 1, FLINT_AND_STEEL x 1]
Given         : []
Target        : geep
[2024-10-08 19:30:19] [INFO]:
Spectator UUID: 94cc9361-df90-3d70-a09d-55ea0279e1a1
Spectator Name: BaconMania
Taken         : []
Given         : [IRON_SWORD & UNSPECIFIC_META:{meta-type=UNSPECIFIC, display-name=The Dildo Slammer, enchants={DAMAGE_ALL=1, DURABILITY=1, KNOCKBACK=2}, repair-cost=3} x 1, FLINT_AND_STEEL x 1, IRON_INGOT x 39, IRON_PICKAXE x 1]
Target        : Steven
[2024-10-08 19:30:19] [INFO]:
Spectator UUID: 94cc9361-df90-3d70-a09d-55ea0279e1a1
Spectator Name: BaconMania
Taken         : []
Given         : [IRON_SWORD & UNSPECIFIC_META:{meta-type=UNSPECIFIC, display-name=The Dildo Slammer, enchants={DAMAGE_ALL=1, DURABILITY=1, KNOCKBACK=2}, repair-cost=3} x 1, FLINT_AND_STEEL x 1, IRON_INGOT x 39, IRON_PICKAXE x 1]
Target        : Steven
[2024-10-08 19:30:19] [INFO]:
Spectator UUID: 94cc9361-df90-3d70-a09d-55ea0279e1a1
Spectator Name: BaconMania
Taken         : []
Given         : [IRON_SWORD & UNSPECIFIC_META:{meta-type=UNSPECIFIC, display-name=The Dildo Slammer, enchants={DAMAGE_ALL=1, DURABILITY=1, KNOCKBACK=2}, repair-cost=3} x 1, FLINT_AND_STEEL x 1, IRON_INGOT x 39, IRON_PICKAXE x 1]
Target        : Steven
[2024-10-09 16:29:28] [INFO]:
Spectator UUID: 94cc9361-df90-3d70-a09d-55ea0279e1a1
Spectator Name: BaconMania
Taken         : [IRON_INGOT x 64]
Given         : []
Target        : DANKBEEF
[2024-10-09 16:29:35] [INFO]:
Spectator UUID: 94cc9361-df90-3d70-a09d-55ea0279e1a1
Spectator Name: BaconMania
Taken         : []
Given         : [IRON_INGOT x 64]
Target        : Steven
[2024-10-14 06:02:35] [INFO]:
Spectator UUID: e7c24215-dfa4-3c38-a935-0a08fc511456
Spectator Name: a__
Taken         : []
Given         : [MONSTER_EGG x 1]
Target        : Steven
